2024-05-11 18:18:13.130 [HikariPool-1 housekeeper] WARN  com.zaxxer.hikari.pool.HikariPool.run - HikariPool-1 - Thread starvation or clock leap detected (housekeeper delta=20h15m22s884ms661µs800ns).
2024-05-11 18:38:29.123 [http-nio-8080-exec-10] DEBUG org.hibernate.SQL.logStatement - select p1_0.`id`,p1_0.`descripcion`,p1_0.`image`,p1_0.`ingredientes`,p1_0.`nombre`,p1_0.`nombre_categoria`,p1_0.`precio` from `producto` p1_0
2024-05-11 18:40:27.384 [http-nio-8080-exec-4] DEBUG org.hibernate.SQL.logStatement - select u1_0.`id`,u1_0.`city`,u1_0.`creation_date`,u1_0.`email`,u1_0.`last_login`,u1_0.`name`,u1_0.`nif`,u1_0.`password`,u1_0.`postal_code`,u1_0.`username` from `user` u1_0 where u1_0.`username`=?
2024-05-11 18:40:27.389 [http-nio-8080-exec-4] DEBUG org.hibernate.SQL.logStatement - select r1_0.`user_id`,r1_1.`id`,r1_1.`name` from `user_role` r1_0 join `rol` r1_1 on r1_1.`id`=r1_0.`role_id` where r1_0.`user_id`=?
2024-05-11 18:40:27.466 [http-nio-8080-exec-4] DEBUG org.hibernate.SQL.logStatement - select u1_0.`id`,u1_0.`city`,u1_0.`creation_date`,u1_0.`email`,u1_0.`last_login`,u1_0.`name`,u1_0.`nif`,u1_0.`password`,u1_0.`postal_code`,u1_0.`username` from `user` u1_0 where u1_0.`email`=?
2024-05-11 18:40:27.556 [http-nio-8080-exec-8] DEBUG org.hibernate.SQL.logStatement - select u1_0.`id` from `user` u1_0 where u1_0.`email`=?
2024-05-11 18:40:27.581 [http-nio-8080-exec-5] DEBUG org.hibernate.SQL.logStatement - SELECT ur.role_id FROM user u          INNER JOIN user_role ur ON u.id = ur.user_id WHERE u.id = ?
2024-05-11 18:40:47.807 [http-nio-8080-exec-9] DEBUG org.hibernate.SQL.logStatement - select p1_0.`id`,p1_0.`descripcion`,p1_0.`image`,p1_0.`ingredientes`,p1_0.`nombre`,p1_0.`nombre_categoria`,p1_0.`precio` from `producto` p1_0
2024-05-11 18:41:06.344 [http-nio-8080-exec-2] DEBUG org.hibernate.SQL.logStatement - select p1_0.`id`,p1_0.`descripcion`,p1_0.`image`,p1_0.`ingredientes`,p1_0.`nombre`,p1_0.`nombre_categoria`,p1_0.`precio` from `producto` p1_0
2024-05-11 18:42:21.256 [http-nio-8080-exec-6] DEBUG org.hibernate.SQL.logStatement - select p1_0.`id`,p1_0.`descripcion`,p1_0.`image`,p1_0.`ingredientes`,p1_0.`nombre`,p1_0.`nombre_categoria`,p1_0.`precio` from `producto` p1_0
2024-05-11 18:43:11.726 [http-nio-8080-exec-7] DEBUG org.hibernate.SQL.logStatement - select u1_0.`id`,u1_0.`city`,u1_0.`creation_date`,u1_0.`email`,u1_0.`last_login`,u1_0.`name`,u1_0.`nif`,u1_0.`password`,u1_0.`postal_code`,u1_0.`username`,r1_0.`user_id`,r1_1.`id`,r1_1.`name` from `user` u1_0 left join `user_role` r1_0 on u1_0.`id`=r1_0.`user_id` left join `rol` r1_1 on r1_1.`id`=r1_0.`role_id` where u1_0.`id`=?
2024-05-11 18:43:11.734 [http-nio-8080-exec-7] DEBUG org.hibernate.SQL.logStatement - insert into `pedido` (`estado`,`fecha_fin`,`fecha_inicio`,`total_pedido`,`user_id`) values (?,?,?,?,?)
2024-05-11 18:43:11.747 [http-nio-8080-exec-7] DEBUG org.hibernate.SQL.logStatement - insert into `detalle_pedido` (`cantidad_detalle_pedido`,`pedido_id`,`precio_detalle_pedido`,`producto_id`) values (?,?,?,?)
2024-05-11 18:43:11.751 [http-nio-8080-exec-7] DEBUG org.hibernate.SQL.logStatement - insert into `detalle_pedido` (`cantidad_detalle_pedido`,`pedido_id`,`precio_detalle_pedido`,`producto_id`) values (?,?,?,?)
2024-05-11 18:44:47.382 [http-nio-8080-exec-1] DEBUG org.hibernate.SQL.logStatement - select p1_0.`id`,p1_0.`descripcion`,p1_0.`image`,p1_0.`ingredientes`,p1_0.`nombre`,p1_0.`nombre_categoria`,p1_0.`precio` from `producto` p1_0
2024-05-11 18:45:09.691 [http-nio-8080-exec-4] DEBUG org.hibernate.SQL.logStatement - select u1_0.`id`,u1_0.`city`,u1_0.`creation_date`,u1_0.`email`,u1_0.`last_login`,u1_0.`name`,u1_0.`nif`,u1_0.`password`,u1_0.`postal_code`,u1_0.`username`,r1_0.`user_id`,r1_1.`id`,r1_1.`name` from `user` u1_0 left join `user_role` r1_0 on u1_0.`id`=r1_0.`user_id` left join `rol` r1_1 on r1_1.`id`=r1_0.`role_id` where u1_0.`id`=?
2024-05-11 18:45:09.694 [http-nio-8080-exec-4] DEBUG org.hibernate.SQL.logStatement - insert into `pedido` (`estado`,`fecha_fin`,`fecha_inicio`,`total_pedido`,`user_id`) values (?,?,?,?,?)
2024-05-11 18:45:09.696 [http-nio-8080-exec-4] DEBUG org.hibernate.SQL.logStatement - insert into `detalle_pedido` (`cantidad_detalle_pedido`,`pedido_id`,`precio_detalle_pedido`,`producto_id`) values (?,?,?,?)
2024-05-11 18:51:41.892 [http-nio-8080-exec-5] DEBUG org.hibernate.SQL.logStatement - select u1_0.`id`,u1_0.`city`,u1_0.`creation_date`,u1_0.`email`,u1_0.`last_login`,u1_0.`name`,u1_0.`nif`,u1_0.`password`,u1_0.`postal_code`,u1_0.`username` from `user` u1_0 where u1_0.`username`=?
2024-05-11 18:51:41.897 [http-nio-8080-exec-5] DEBUG org.hibernate.SQL.logStatement - select r1_0.`user_id`,r1_1.`id`,r1_1.`name` from `user_role` r1_0 join `rol` r1_1 on r1_1.`id`=r1_0.`role_id` where r1_0.`user_id`=?
2024-05-11 18:51:41.978 [http-nio-8080-exec-5] DEBUG org.hibernate.SQL.logStatement - select u1_0.`id`,u1_0.`city`,u1_0.`creation_date`,u1_0.`email`,u1_0.`last_login`,u1_0.`name`,u1_0.`nif`,u1_0.`password`,u1_0.`postal_code`,u1_0.`username` from `user` u1_0 where u1_0.`email`=?
2024-05-11 18:51:42.082 [http-nio-8080-exec-9] DEBUG org.hibernate.SQL.logStatement - select u1_0.`id` from `user` u1_0 where u1_0.`email`=?
2024-05-11 18:51:42.113 [http-nio-8080-exec-2] DEBUG org.hibernate.SQL.logStatement - SELECT ur.role_id FROM user u          INNER JOIN user_role ur ON u.id = ur.user_id WHERE u.id = ?
2024-05-11 18:51:44.596 [http-nio-8080-exec-3] DEBUG org.hibernate.SQL.logStatement - select p1_0.`id`,p1_0.`descripcion`,p1_0.`image`,p1_0.`ingredientes`,p1_0.`nombre`,p1_0.`nombre_categoria`,p1_0.`precio` from `producto` p1_0
2024-05-11 18:52:06.920 [http-nio-8080-exec-6] DEBUG org.hibernate.SQL.logStatement - select u1_0.`id`,u1_0.`city`,u1_0.`creation_date`,u1_0.`email`,u1_0.`last_login`,u1_0.`name`,u1_0.`nif`,u1_0.`password`,u1_0.`postal_code`,u1_0.`username`,r1_0.`user_id`,r1_1.`id`,r1_1.`name` from `user` u1_0 left join `user_role` r1_0 on u1_0.`id`=r1_0.`user_id` left join `rol` r1_1 on r1_1.`id`=r1_0.`role_id` where u1_0.`id`=?
2024-05-11 18:52:06.922 [http-nio-8080-exec-6] DEBUG org.hibernate.SQL.logStatement - insert into `pedido` (`estado`,`fecha_fin`,`fecha_inicio`,`total_pedido`,`user_id`) values (?,?,?,?,?)
2024-05-11 18:52:06.925 [http-nio-8080-exec-6] DEBUG org.hibernate.SQL.logStatement - insert into `detalle_pedido` (`cantidad_detalle_pedido`,`pedido_id`,`precio_detalle_pedido`,`producto_id`) values (?,?,?,?)
2024-05-11 18:57:15.187 [http-nio-8080-exec-10] DEBUG org.hibernate.SQL.logStatement - select p1_0.`id`,p1_0.`descripcion`,p1_0.`image`,p1_0.`ingredientes`,p1_0.`nombre`,p1_0.`nombre_categoria`,p1_0.`precio` from `producto` p1_0
2024-05-11 18:57:37.982 [http-nio-8080-exec-1] DEBUG org.hibernate.SQL.logStatement - select p1_0.`id`,p1_0.`descripcion`,p1_0.`image`,p1_0.`ingredientes`,p1_0.`nombre`,p1_0.`nombre_categoria`,p1_0.`precio` from `producto` p1_0
2024-05-11 18:58:24.422 [http-nio-8080-exec-8] DEBUG org.hibernate.SQL.logStatement - select u1_0.`id`,u1_0.`city`,u1_0.`creation_date`,u1_0.`email`,u1_0.`last_login`,u1_0.`name`,u1_0.`nif`,u1_0.`password`,u1_0.`postal_code`,u1_0.`username` from `user` u1_0 where u1_0.`username`=?
2024-05-11 18:58:24.424 [http-nio-8080-exec-8] DEBUG org.hibernate.SQL.logStatement - select r1_0.`user_id`,r1_1.`id`,r1_1.`name` from `user_role` r1_0 join `rol` r1_1 on r1_1.`id`=r1_0.`role_id` where r1_0.`user_id`=?
2024-05-11 18:58:24.502 [http-nio-8080-exec-8] DEBUG org.hibernate.SQL.logStatement - select u1_0.`id`,u1_0.`city`,u1_0.`creation_date`,u1_0.`email`,u1_0.`last_login`,u1_0.`name`,u1_0.`nif`,u1_0.`password`,u1_0.`postal_code`,u1_0.`username` from `user` u1_0 where u1_0.`email`=?
2024-05-11 18:58:24.615 [http-nio-8080-exec-5] DEBUG org.hibernate.SQL.logStatement - select u1_0.`id` from `user` u1_0 where u1_0.`email`=?
2024-05-11 18:58:24.648 [http-nio-8080-exec-9] DEBUG org.hibernate.SQL.logStatement - SELECT ur.role_id FROM user u          INNER JOIN user_role ur ON u.id = ur.user_id WHERE u.id = ?
2024-05-11 18:58:28.101 [http-nio-8080-exec-2] DEBUG org.hibernate.SQL.logStatement - select p1_0.`id`,p1_0.`descripcion`,p1_0.`image`,p1_0.`ingredientes`,p1_0.`nombre`,p1_0.`nombre_categoria`,p1_0.`precio` from `producto` p1_0
2024-05-11 18:58:33.292 [http-nio-8080-exec-3] DEBUG org.hibernate.SQL.logStatement - insert into `producto` (`descripcion`,`image`,`ingredientes`,`nombre`,`nombre_categoria`,`precio`) values (?,?,?,?,?,?)
2024-05-11 18:58:33.532 [http-nio-8080-exec-6] DEBUG org.hibernate.SQL.logStatement - select p1_0.`id`,p1_0.`descripcion`,p1_0.`image`,p1_0.`ingredientes`,p1_0.`nombre`,p1_0.`nombre_categoria`,p1_0.`precio` from `producto` p1_0
2024-05-11 18:58:36.492 [http-nio-8080-exec-7] DEBUG org.hibernate.SQL.logStatement - select p1_0.`id`,p1_0.`descripcion`,p1_0.`image`,p1_0.`ingredientes`,p1_0.`nombre`,p1_0.`nombre_categoria`,p1_0.`precio` from `producto` p1_0 where p1_0.`id`=?
2024-05-11 18:58:52.065 [http-nio-8080-exec-10] DEBUG org.hibernate.SQL.logStatement - select p1_0.`id`,p1_0.`descripcion`,p1_0.`image`,p1_0.`ingredientes`,p1_0.`nombre`,p1_0.`nombre_categoria`,p1_0.`precio` from `producto` p1_0 where p1_0.`id`=?
2024-05-11 18:58:52.091 [http-nio-8080-exec-10] DEBUG org.hibernate.SQL.logStatement - update `producto` set `descripcion`=?,`image`=?,`ingredientes`=?,`nombre`=?,`nombre_categoria`=?,`precio`=? where `id`=?
2024-05-11 18:58:52.286 [http-nio-8080-exec-1] DEBUG org.hibernate.SQL.logStatement - select p1_0.`id`,p1_0.`descripcion`,p1_0.`image`,p1_0.`ingredientes`,p1_0.`nombre`,p1_0.`nombre_categoria`,p1_0.`precio` from `producto` p1_0
2024-05-11 18:58:55.390 [http-nio-8080-exec-4] DEBUG org.hibernate.SQL.logStatement - select p1_0.`id`,p1_0.`descripcion`,p1_0.`image`,p1_0.`ingredientes`,p1_0.`nombre`,p1_0.`nombre_categoria`,p1_0.`precio` from `producto` p1_0 where p1_0.`id`=?
2024-05-11 18:59:03.731 [http-nio-8080-exec-8] DEBUG org.hibernate.SQL.logStatement - select p1_0.`id`,p1_0.`descripcion`,p1_0.`image`,p1_0.`ingredientes`,p1_0.`nombre`,p1_0.`nombre_categoria`,p1_0.`precio` from `producto` p1_0 where p1_0.`id`=?
2024-05-11 18:59:03.757 [http-nio-8080-exec-8] DEBUG org.hibernate.SQL.logStatement - select dp1_0.`producto_id`,dp1_0.`id_detalle_pedido`,dp1_0.`cantidad_detalle_pedido`,p1_0.`id`,p1_0.`estado`,p1_0.`fecha_fin`,p1_0.`fecha_inicio`,p1_0.`total_pedido`,u1_0.`id`,u1_0.`city`,u1_0.`creation_date`,u1_0.`email`,u1_0.`last_login`,u1_0.`name`,u1_0.`nif`,u1_0.`password`,u1_0.`postal_code`,u1_0.`username`,dp1_0.`precio_detalle_pedido` from `detalle_pedido` dp1_0 left join `pedido` p1_0 on p1_0.`id`=dp1_0.`pedido_id` left join `user` u1_0 on u1_0.`id`=p1_0.`user_id` where dp1_0.`producto_id`=?
2024-05-11 18:59:03.774 [http-nio-8080-exec-8] DEBUG org.hibernate.SQL.logStatement - select r1_0.`user_id`,r1_1.`id`,r1_1.`name` from `user_role` r1_0 join `rol` r1_1 on r1_1.`id`=r1_0.`role_id` where r1_0.`user_id`=?
2024-05-11 18:59:03.778 [http-nio-8080-exec-8] DEBUG org.hibernate.SQL.logStatement - select r1_0.`user_id`,r1_1.`id`,r1_1.`name` from `user_role` r1_0 join `rol` r1_1 on r1_1.`id`=r1_0.`role_id` where r1_0.`user_id`=?
2024-05-11 18:59:03.793 [http-nio-8080-exec-8] DEBUG org.hibernate.SQL.logStatement - delete from `detalle_pedido` where `id_detalle_pedido`=?
2024-05-11 18:59:03.801 [http-nio-8080-exec-8] DEBUG org.hibernate.SQL.logStatement - delete from `detalle_pedido` where `id_detalle_pedido`=?
2024-05-11 18:59:03.804 [http-nio-8080-exec-8] DEBUG org.hibernate.SQL.logStatement - delete from `detalle_pedido` where `id_detalle_pedido`=?
2024-05-11 18:59:03.805 [http-nio-8080-exec-8] DEBUG org.hibernate.SQL.logStatement - delete from `detalle_pedido` where `id_detalle_pedido`=?
2024-05-11 18:59:03.807 [http-nio-8080-exec-8] DEBUG org.hibernate.SQL.logStatement - delete from `detalle_pedido` where `id_detalle_pedido`=?
2024-05-11 18:59:03.809 [http-nio-8080-exec-8] DEBUG org.hibernate.SQL.logStatement - delete from `detalle_pedido` where `id_detalle_pedido`=?
2024-05-11 18:59:03.810 [http-nio-8080-exec-8] DEBUG org.hibernate.SQL.logStatement - delete from `detalle_pedido` where `id_detalle_pedido`=?
2024-05-11 18:59:03.812 [http-nio-8080-exec-8] DEBUG org.hibernate.SQL.logStatement - delete from `detalle_pedido` where `id_detalle_pedido`=?
2024-05-11 18:59:03.815 [http-nio-8080-exec-8] DEBUG org.hibernate.SQL.logStatement - delete from `detalle_pedido` where `id_detalle_pedido`=?
2024-05-11 18:59:03.817 [http-nio-8080-exec-8] DEBUG org.hibernate.SQL.logStatement - delete from `detalle_pedido` where `id_detalle_pedido`=?
2024-05-11 18:59:03.818 [http-nio-8080-exec-8] DEBUG org.hibernate.SQL.logStatement - delete from `detalle_pedido` where `id_detalle_pedido`=?
2024-05-11 18:59:03.821 [http-nio-8080-exec-8] DEBUG org.hibernate.SQL.logStatement - delete from `producto` where `id`=?
2024-05-11 18:59:03.938 [http-nio-8080-exec-5] DEBUG org.hibernate.SQL.logStatement - select p1_0.`id`,p1_0.`descripcion`,p1_0.`image`,p1_0.`ingredientes`,p1_0.`nombre`,p1_0.`nombre_categoria`,p1_0.`precio` from `producto` p1_0
2024-05-11 18:59:30.147 [http-nio-8080-exec-9] DEBUG org.hibernate.SQL.logStatement - select p1_0.`id`,p1_0.`descripcion`,p1_0.`image`,p1_0.`ingredientes`,p1_0.`nombre`,p1_0.`nombre_categoria`,p1_0.`precio` from `producto` p1_0 where p1_0.`id`=?
2024-05-11 18:59:34.975 [http-nio-8080-exec-2] DEBUG org.hibernate.SQL.logStatement - select p1_0.`id`,p1_0.`descripcion`,p1_0.`image`,p1_0.`ingredientes`,p1_0.`nombre`,p1_0.`nombre_categoria`,p1_0.`precio` from `producto` p1_0 where p1_0.`id`=?
2024-05-11 18:59:34.982 [http-nio-8080-exec-2] DEBUG org.hibernate.SQL.logStatement - update `producto` set `descripcion`=?,`image`=?,`ingredientes`=?,`nombre`=?,`nombre_categoria`=?,`precio`=? where `id`=?
2024-05-11 18:59:35.217 [http-nio-8080-exec-3] DEBUG org.hibernate.SQL.logStatement - select p1_0.`id`,p1_0.`descripcion`,p1_0.`image`,p1_0.`ingredientes`,p1_0.`nombre`,p1_0.`nombre_categoria`,p1_0.`precio` from `producto` p1_0
2024-05-11 18:59:37.064 [http-nio-8080-exec-6] DEBUG org.hibernate.SQL.logStatement - select p1_0.`id`,p1_0.`descripcion`,p1_0.`image`,p1_0.`ingredientes`,p1_0.`nombre`,p1_0.`nombre_categoria`,p1_0.`precio` from `producto` p1_0 where p1_0.`id`=?
2024-05-11 18:59:41.706 [http-nio-8080-exec-7] DEBUG org.hibernate.SQL.logStatement - insert into `producto` (`descripcion`,`image`,`ingredientes`,`nombre`,`nombre_categoria`,`precio`) values (?,?,?,?,?,?)
2024-05-11 18:59:41.927 [http-nio-8080-exec-10] DEBUG org.hibernate.SQL.logStatement - select p1_0.`id`,p1_0.`descripcion`,p1_0.`image`,p1_0.`ingredientes`,p1_0.`nombre`,p1_0.`nombre_categoria`,p1_0.`precio` from `producto` p1_0
2024-05-11 19:01:14.788 [http-nio-8080-exec-4] DEBUG org.hibernate.SQL.logStatement - select u1_0.`id`,u1_0.`city`,u1_0.`creation_date`,u1_0.`email`,u1_0.`last_login`,u1_0.`name`,u1_0.`nif`,u1_0.`password`,u1_0.`postal_code`,u1_0.`username` from `user` u1_0 where u1_0.`username`=?
2024-05-11 19:01:14.792 [http-nio-8080-exec-4] DEBUG org.hibernate.SQL.logStatement - select r1_0.`user_id`,r1_1.`id`,r1_1.`name` from `user_role` r1_0 join `rol` r1_1 on r1_1.`id`=r1_0.`role_id` where r1_0.`user_id`=?
2024-05-11 19:01:14.874 [http-nio-8080-exec-4] DEBUG org.hibernate.SQL.logStatement - select u1_0.`id`,u1_0.`city`,u1_0.`creation_date`,u1_0.`email`,u1_0.`last_login`,u1_0.`name`,u1_0.`nif`,u1_0.`password`,u1_0.`postal_code`,u1_0.`username` from `user` u1_0 where u1_0.`email`=?
2024-05-11 19:01:14.985 [http-nio-8080-exec-8] DEBUG org.hibernate.SQL.logStatement - select u1_0.`id` from `user` u1_0 where u1_0.`email`=?
2024-05-11 19:01:15.207 [http-nio-8080-exec-5] DEBUG org.hibernate.SQL.logStatement - SELECT ur.role_id FROM user u          INNER JOIN user_role ur ON u.id = ur.user_id WHERE u.id = ?
2024-05-11 19:01:19.464 [http-nio-8080-exec-9] DEBUG org.hibernate.SQL.logStatement - select p1_0.`id`,p1_0.`descripcion`,p1_0.`image`,p1_0.`ingredientes`,p1_0.`nombre`,p1_0.`nombre_categoria`,p1_0.`precio` from `producto` p1_0
2024-05-11 19:01:21.755 [http-nio-8080-exec-2] DEBUG org.hibernate.SQL.logStatement - insert into `producto` (`descripcion`,`image`,`ingredientes`,`nombre`,`nombre_categoria`,`precio`) values (?,?,?,?,?,?)
2024-05-11 19:01:21.805 [http-nio-8080-exec-3] DEBUG org.hibernate.SQL.logStatement - select p1_0.`id`,p1_0.`descripcion`,p1_0.`image`,p1_0.`ingredientes`,p1_0.`nombre`,p1_0.`nombre_categoria`,p1_0.`precio` from `producto` p1_0
2024-05-11 19:01:29.849 [http-nio-8080-exec-6] DEBUG org.hibernate.SQL.logStatement - select p1_0.`id`,p1_0.`descripcion`,p1_0.`image`,p1_0.`ingredientes`,p1_0.`nombre`,p1_0.`nombre_categoria`,p1_0.`precio` from `producto` p1_0
2024-05-11 19:02:46.185 [http-nio-8080-exec-10] DEBUG org.hibernate.SQL.logStatement - select p1_0.`id`,p1_0.`descripcion`,p1_0.`image`,p1_0.`ingredientes`,p1_0.`nombre`,p1_0.`nombre_categoria`,p1_0.`precio` from `producto` p1_0
2024-05-11 19:03:29.849 [http-nio-8080-exec-1] DEBUG org.hibernate.SQL.logStatement - select u1_0.`id`,u1_0.`city`,u1_0.`creation_date`,u1_0.`email`,u1_0.`last_login`,u1_0.`name`,u1_0.`nif`,u1_0.`password`,u1_0.`postal_code`,u1_0.`username` from `user` u1_0 where u1_0.`username`=?
2024-05-11 19:03:29.851 [http-nio-8080-exec-1] DEBUG org.hibernate.SQL.logStatement - select r1_0.`user_id`,r1_1.`id`,r1_1.`name` from `user_role` r1_0 join `rol` r1_1 on r1_1.`id`=r1_0.`role_id` where r1_0.`user_id`=?
2024-05-11 19:03:29.925 [http-nio-8080-exec-1] DEBUG org.hibernate.SQL.logStatement - select u1_0.`id`,u1_0.`city`,u1_0.`creation_date`,u1_0.`email`,u1_0.`last_login`,u1_0.`name`,u1_0.`nif`,u1_0.`password`,u1_0.`postal_code`,u1_0.`username` from `user` u1_0 where u1_0.`email`=?
2024-05-11 19:03:30.092 [http-nio-8080-exec-4] DEBUG org.hibernate.SQL.logStatement - select u1_0.`id` from `user` u1_0 where u1_0.`email`=?
2024-05-11 19:03:30.301 [http-nio-8080-exec-8] DEBUG org.hibernate.SQL.logStatement - SELECT ur.role_id FROM user u          INNER JOIN user_role ur ON u.id = ur.user_id WHERE u.id = ?
2024-05-11 19:04:08.524 [http-nio-8080-exec-5] DEBUG org.hibernate.SQL.logStatement - select u1_0.`id`,u1_0.`city`,u1_0.`creation_date`,u1_0.`email`,u1_0.`last_login`,u1_0.`name`,u1_0.`nif`,u1_0.`password`,u1_0.`postal_code`,u1_0.`username` from `user` u1_0 where u1_0.`username`=?
2024-05-11 19:04:08.529 [http-nio-8080-exec-5] DEBUG org.hibernate.SQL.logStatement - select r1_0.`user_id`,r1_1.`id`,r1_1.`name` from `user_role` r1_0 join `rol` r1_1 on r1_1.`id`=r1_0.`role_id` where r1_0.`user_id`=?
2024-05-11 19:04:08.615 [http-nio-8080-exec-5] DEBUG org.hibernate.SQL.logStatement - select u1_0.`id`,u1_0.`city`,u1_0.`creation_date`,u1_0.`email`,u1_0.`last_login`,u1_0.`name`,u1_0.`nif`,u1_0.`password`,u1_0.`postal_code`,u1_0.`username` from `user` u1_0 where u1_0.`email`=?
2024-05-11 19:04:08.753 [http-nio-8080-exec-9] DEBUG org.hibernate.SQL.logStatement - select u1_0.`id` from `user` u1_0 where u1_0.`email`=?
2024-05-11 19:04:08.955 [http-nio-8080-exec-2] DEBUG org.hibernate.SQL.logStatement - SELECT ur.role_id FROM user u          INNER JOIN user_role ur ON u.id = ur.user_id WHERE u.id = ?
2024-05-11 19:04:10.827 [http-nio-8080-exec-3] DEBUG org.hibernate.SQL.logStatement - select p1_0.`id`,p1_0.`descripcion`,p1_0.`image`,p1_0.`ingredientes`,p1_0.`nombre`,p1_0.`nombre_categoria`,p1_0.`precio` from `producto` p1_0
2024-05-11 20:50:50.790 [File Watcher] INFO  o.s.b.d.a.LocalDevToolsAutoConfiguration$RestartingClassPathChangeChangedEventListener.onApplicationEvent - Restarting due to 3 class path changes (0 additions, 3 deletions, 0 modifications)
2024-05-11 20:50:50.846 [Thread-5] INFO  o.s.o.j.LocalContainerEntityManagerFactoryBean.destroy - Closing JPA EntityManagerFactory for persistence unit 'default'
2024-05-11 20:50:50.865 [Thread-5] INFO  com.zaxxer.hikari.HikariDataSource.close - HikariPool-1 - Shutdown initiated...
2024-05-11 20:50:50.871 [Thread-5] INFO  com.zaxxer.hikari.HikariDataSource.close - HikariPool-1 - Shutdown completed.
2024-05-11 20:50:51.191 [restartedMain] INFO  t.g.GestorRestauranteApplication.logStarting - Starting GestorRestauranteApplication using Java 21.0.2 with PID 14236 (C:\Users\ACR\Desktop\TFC\AARON\SPRINGBOOT\gestorRestaurante\target\classes started by ACR in C:\Users\ACR\Desktop\TFC\AARON\SPRINGBOOT\gestorRestaurante)
2024-05-11 20:50:51.192 [restartedMain] INFO  t.g.GestorRestauranteApplication.logStartupProfileInfo - No active profile set, falling back to 1 default profile: "default"
2024-05-11 20:50:52.007 [restartedMain] INFO  o.s.d.r.c.RepositoryConfigurationDelegate.registerRepositoriesIn - Bootstrapping Spring Data JPA repositories in DEFAULT mode.
2024-05-11 20:50:52.072 [restartedMain] INFO  o.s.d.r.c.RepositoryConfigurationDelegate.registerRepositoriesIn - Finished Spring Data repository scanning in 64 ms. Found 5 JPA repository interfaces.
2024-05-11 20:50:52.532 [restartedMain] INFO  o.s.b.w.e.tomcat.TomcatWebServer.initialize - Tomcat initialized with port 8080 (http)
2024-05-11 20:50:52.535 [restartedMain] INFO  o.a.catalina.core.StandardService.log - Starting service [Tomcat]
2024-05-11 20:50:52.535 [restartedMain] INFO  o.a.catalina.core.StandardEngine.log - Starting Servlet engine: [Apache Tomcat/10.1.19]
2024-05-11 20:50:52.570 [restartedMain] INFO  o.a.c.c.C.[Tomcat].[localhost].[/].log - Initializing Spring embedded WebApplicationContext
2024-05-11 20:50:52.570 [restartedMain] INFO  o.s.b.w.s.c.ServletWebServerApplicationContext.prepareWebApplicationContext - Root WebApplicationContext: initialization completed in 1373 ms
2024-05-11 20:50:52.742 [restartedMain] WARN  o.s.b.a.o.j.JpaBaseConfiguration$JpaWebConfiguration.openEntityManagerInViewInterceptor - spring.jpa.open-in-view is enabled by default. Therefore, database queries may be performed during view rendering. Explicitly configure spring.jpa.open-in-view to disable this warning
2024-05-11 20:50:52.854 [restartedMain] INFO  o.h.jpa.internal.util.LogHelper.logPersistenceUnitInformation - HHH000204: Processing PersistenceUnitInfo [name: default]
2024-05-11 20:50:52.861 [restartedMain] INFO  o.h.c.i.RegionFactoryInitiator.initiateService - HHH000026: Second-level cache disabled
2024-05-11 20:50:52.871 [restartedMain] INFO  o.s.o.j.p.SpringPersistenceUnitInfo.addTransformer - No LoadTimeWeaver setup: ignoring JPA class transformer
2024-05-11 20:50:52.874 [restartedMain] INFO  com.zaxxer.hikari.HikariDataSource.getConnection - HikariPool-2 - Starting...
2024-05-11 20:50:52.882 [restartedMain] INFO  com.zaxxer.hikari.pool.HikariPool.checkFailFast - HikariPool-2 - Added connection org.mariadb.jdbc.Connection@4c077418
2024-05-11 20:50:52.883 [restartedMain] INFO  com.zaxxer.hikari.HikariDataSource.getConnection - HikariPool-2 - Start completed.
2024-05-11 20:50:53.394 [restartedMain] INFO  o.h.e.t.j.p.i.JtaPlatformInitiator.initiateService - HHH000489: No JTA platform available (set 'hibernate.transaction.jta.platform' to enable JTA platform integration)
2024-05-11 20:50:53.440 [restartedMain] INFO  o.s.o.j.LocalContainerEntityManagerFactoryBean.buildNativeEntityManagerFactory - Initialized JPA EntityManagerFactory for persistence unit 'default'
2024-05-11 20:50:54.493 [restartedMain] INFO  o.s.s.web.DefaultSecurityFilterChain.<init> - Will secure any request with [org.springframework.security.web.session.DisableEncodeUrlFilter@71310ea9, org.springframework.security.web.context.request.async.WebAsyncManagerIntegrationFilter@22f10eb9, org.springframework.security.web.context.SecurityContextHolderFilter@4e7fbee5, org.springframework.security.web.header.HeaderWriterFilter@518f7fab, org.springframework.security.web.authentication.logout.LogoutFilter@213e55bb, tfc.gestorRestaurante.security.JwtAuthenticationFilter@7b083d57, org.springframework.security.web.savedrequest.RequestCacheAwareFilter@6231230e, org.springframework.security.web.servletapi.SecurityContextHolderAwareRequestFilter@48e97ac4, org.springframework.security.web.authentication.AnonymousAuthenticationFilter@9780b15, org.springframework.security.web.session.SessionManagementFilter@7994744d, org.springframework.security.web.access.ExceptionTranslationFilter@f5466d2, org.springframework.security.web.access.intercept.AuthorizationFilter@49405700]
2024-05-11 20:50:54.925 [restartedMain] INFO  o.s.b.d.a.OptionalLiveReloadServer.startServer - LiveReload server is running on port 35729
2024-05-11 20:50:54.961 [restartedMain] INFO  o.s.b.w.e.tomcat.TomcatWebServer.start - Tomcat started on port 8080 (http) with context path ''
2024-05-11 20:50:54.967 [restartedMain] INFO  t.g.GestorRestauranteApplication.logStarted - Started GestorRestauranteApplication in 3.875 seconds (process running for 83471.032)
2024-05-11 20:50:54.974 [restartedMain] INFO  o.s.b.d.a.ConditionEvaluationDeltaLoggingListener.onApplicationEvent - Condition evaluation unchanged
2024-05-11 20:50:56.375 [File Watcher] INFO  o.s.b.d.a.LocalDevToolsAutoConfiguration$RestartingClassPathChangeChangedEventListener.onApplicationEvent - Restarting due to 3 class path changes (3 additions, 0 deletions, 0 modifications)
2024-05-11 20:50:56.384 [Thread-7] INFO  o.s.o.j.LocalContainerEntityManagerFactoryBean.destroy - Closing JPA EntityManagerFactory for persistence unit 'default'
2024-05-11 20:50:56.384 [Thread-7] INFO  com.zaxxer.hikari.HikariDataSource.close - HikariPool-2 - Shutdown initiated...
2024-05-11 20:50:56.386 [Thread-7] INFO  com.zaxxer.hikari.HikariDataSource.close - HikariPool-2 - Shutdown completed.
2024-05-11 20:50:56.492 [restartedMain] INFO  t.g.GestorRestauranteApplication.logStarting - Starting GestorRestauranteApplication using Java 21.0.2 with PID 14236 (C:\Users\ACR\Desktop\TFC\AARON\SPRINGBOOT\gestorRestaurante\target\classes started by ACR in C:\Users\ACR\Desktop\TFC\AARON\SPRINGBOOT\gestorRestaurante)
2024-05-11 20:50:56.492 [restartedMain] INFO  t.g.GestorRestauranteApplication.logStartupProfileInfo - No active profile set, falling back to 1 default profile: "default"
2024-05-11 20:50:56.869 [restartedMain] INFO  o.s.d.r.c.RepositoryConfigurationDelegate.registerRepositoriesIn - Bootstrapping Spring Data JPA repositories in DEFAULT mode.
2024-05-11 20:50:56.900 [restartedMain] INFO  o.s.d.r.c.RepositoryConfigurationDelegate.registerRepositoriesIn - Finished Spring Data repository scanning in 31 ms. Found 5 JPA repository interfaces.
2024-05-11 20:50:57.087 [restartedMain] INFO  o.s.b.w.e.tomcat.TomcatWebServer.initialize - Tomcat initialized with port 8080 (http)
2024-05-11 20:50:57.088 [restartedMain] INFO  o.a.catalina.core.StandardService.log - Starting service [Tomcat]
2024-05-11 20:50:57.089 [restartedMain] INFO  o.a.catalina.core.StandardEngine.log - Starting Servlet engine: [Apache Tomcat/10.1.19]
2024-05-11 20:50:57.111 [restartedMain] INFO  o.a.c.c.C.[Tomcat].[localhost].[/].log - Initializing Spring embedded WebApplicationContext
2024-05-11 20:50:57.111 [restartedMain] INFO  o.s.b.w.s.c.ServletWebServerApplicationContext.prepareWebApplicationContext - Root WebApplicationContext: initialization completed in 617 ms
2024-05-11 20:50:57.193 [restartedMain] WARN  o.s.b.a.o.j.JpaBaseConfiguration$JpaWebConfiguration.openEntityManagerInViewInterceptor - spring.jpa.open-in-view is enabled by default. Therefore, database queries may be performed during view rendering. Explicitly configure spring.jpa.open-in-view to disable this warning
2024-05-11 20:50:57.232 [restartedMain] INFO  o.h.jpa.internal.util.LogHelper.logPersistenceUnitInformation - HHH000204: Processing PersistenceUnitInfo [name: default]
2024-05-11 20:50:57.235 [restartedMain] INFO  o.h.c.i.RegionFactoryInitiator.initiateService - HHH000026: Second-level cache disabled
2024-05-11 20:50:57.240 [restartedMain] INFO  o.s.o.j.p.SpringPersistenceUnitInfo.addTransformer - No LoadTimeWeaver setup: ignoring JPA class transformer
2024-05-11 20:50:57.241 [restartedMain] INFO  com.zaxxer.hikari.HikariDataSource.getConnection - HikariPool-3 - Starting...
2024-05-11 20:50:57.245 [restartedMain] INFO  com.zaxxer.hikari.pool.HikariPool.checkFailFast - HikariPool-3 - Added connection org.mariadb.jdbc.Connection@155865dc
2024-05-11 20:50:57.245 [restartedMain] INFO  com.zaxxer.hikari.HikariDataSource.getConnection - HikariPool-3 - Start completed.
2024-05-11 20:50:57.417 [restartedMain] INFO  o.h.e.t.j.p.i.JtaPlatformInitiator.initiateService - HHH000489: No JTA platform available (set 'hibernate.transaction.jta.platform' to enable JTA platform integration)
2024-05-11 20:50:57.446 [restartedMain] INFO  o.s.o.j.LocalContainerEntityManagerFactoryBean.buildNativeEntityManagerFactory - Initialized JPA EntityManagerFactory for persistence unit 'default'
2024-05-11 20:50:58.090 [restartedMain] INFO  o.s.s.web.DefaultSecurityFilterChain.<init> - Will secure any request with [org.springframework.security.web.session.DisableEncodeUrlFilter@46a37fdb, org.springframework.security.web.context.request.async.WebAsyncManagerIntegrationFilter@3c726665, org.springframework.security.web.context.SecurityContextHolderFilter@629141be, org.springframework.security.web.header.HeaderWriterFilter@2ec08a72, org.springframework.security.web.authentication.logout.LogoutFilter@137d3ad0, tfc.gestorRestaurante.security.JwtAuthenticationFilter@4b007b96, org.springframework.security.web.savedrequest.RequestCacheAwareFilter@35f92674, org.springframework.security.web.servletapi.SecurityContextHolderAwareRequestFilter@1fc0b9a3, org.springframework.security.web.authentication.AnonymousAuthenticationFilter@82f84aa, org.springframework.security.web.session.SessionManagementFilter@76d24fea, org.springframework.security.web.access.ExceptionTranslationFilter@1a19a4dc, org.springframework.security.web.access.intercept.AuthorizationFilter@75dcd5b6]
2024-05-11 20:50:58.333 [restartedMain] INFO  o.s.b.d.a.OptionalLiveReloadServer.startServer - LiveReload server is running on port 35729
2024-05-11 20:50:58.349 [restartedMain] INFO  o.s.b.w.e.tomcat.TomcatWebServer.start - Tomcat started on port 8080 (http) with context path ''
2024-05-11 20:50:58.354 [restartedMain] INFO  t.g.GestorRestauranteApplication.logStarted - Started GestorRestauranteApplication in 1.896 seconds (process running for 83474.418)
2024-05-11 20:50:58.357 [restartedMain] INFO  o.s.b.d.a.ConditionEvaluationDeltaLoggingListener.onApplicationEvent - Condition evaluation unchanged
2024-05-11 20:53:17.784 [http-nio-8080-exec-1] INFO  o.a.c.c.C.[Tomcat].[localhost].[/].log - Initializing Spring DispatcherServlet 'dispatcherServlet'
2024-05-11 20:53:17.785 [http-nio-8080-exec-1] INFO  o.s.web.servlet.DispatcherServlet.initServletBean - Initializing Servlet 'dispatcherServlet'
2024-05-11 20:53:17.788 [http-nio-8080-exec-1] INFO  o.s.web.servlet.DispatcherServlet.initServletBean - Completed initialization in 3 ms
2024-05-11 20:53:17.868 [http-nio-8080-exec-1] DEBUG org.hibernate.SQL.logStatement - select u1_0.`id`,u1_0.`city`,u1_0.`creation_date`,u1_0.`email`,u1_0.`last_login`,u1_0.`name`,u1_0.`nif`,u1_0.`password`,u1_0.`postal_code`,u1_0.`username` from `user` u1_0 where u1_0.`username`=?
2024-05-11 20:53:17.871 [http-nio-8080-exec-1] DEBUG org.hibernate.SQL.logStatement - select r1_0.`user_id`,r1_1.`id`,r1_1.`name` from `user_role` r1_0 join `rol` r1_1 on r1_1.`id`=r1_0.`role_id` where r1_0.`user_id`=?
2024-05-11 20:53:17.946 [http-nio-8080-exec-1] DEBUG org.hibernate.SQL.logStatement - select u1_0.`id`,u1_0.`city`,u1_0.`creation_date`,u1_0.`email`,u1_0.`last_login`,u1_0.`name`,u1_0.`nif`,u1_0.`password`,u1_0.`postal_code`,u1_0.`username` from `user` u1_0 where u1_0.`email`=?
2024-05-11 20:53:17.987 [http-nio-8080-exec-2] DEBUG org.hibernate.SQL.logStatement - select u1_0.`id` from `user` u1_0 where u1_0.`email`=?
2024-05-11 20:53:18.006 [http-nio-8080-exec-3] DEBUG org.hibernate.SQL.logStatement - SELECT ur.role_id FROM user u          INNER JOIN user_role ur ON u.id = ur.user_id WHERE u.id = ?
2024-05-11 20:53:34.922 [http-nio-8080-exec-4] DEBUG org.hibernate.SQL.logStatement - select u1_0.`id`,u1_0.`city`,u1_0.`creation_date`,u1_0.`email`,u1_0.`last_login`,u1_0.`name`,u1_0.`nif`,u1_0.`password`,u1_0.`postal_code`,u1_0.`username` from `user` u1_0 where u1_0.`username`=?
2024-05-11 20:53:34.923 [http-nio-8080-exec-4] DEBUG org.hibernate.SQL.logStatement - select r1_0.`user_id`,r1_1.`id`,r1_1.`name` from `user_role` r1_0 join `rol` r1_1 on r1_1.`id`=r1_0.`role_id` where r1_0.`user_id`=?
2024-05-11 20:53:34.997 [http-nio-8080-exec-4] DEBUG org.hibernate.SQL.logStatement - select u1_0.`id`,u1_0.`city`,u1_0.`creation_date`,u1_0.`email`,u1_0.`last_login`,u1_0.`name`,u1_0.`nif`,u1_0.`password`,u1_0.`postal_code`,u1_0.`username` from `user` u1_0 where u1_0.`email`=?
2024-05-11 20:53:35.120 [http-nio-8080-exec-6] DEBUG org.hibernate.SQL.logStatement - select u1_0.`id` from `user` u1_0 where u1_0.`email`=?
2024-05-11 20:53:35.359 [http-nio-8080-exec-7] DEBUG org.hibernate.SQL.logStatement - SELECT ur.role_id FROM user u          INNER JOIN user_role ur ON u.id = ur.user_id WHERE u.id = ?
2024-05-11 20:53:36.474 [http-nio-8080-exec-8] ERROR t.g.e.U.ControllerExceptionHandler.handleSecurityException - [org.springframework.web.servlet.resource.ResourceHttpRequestHandler.handleRequest(ResourceHttpRequestHandler.java:585), org.springframework.web.servlet.mvc.HttpRequestHandlerAdapter.handle(HttpRequestHandlerAdapter.java:52), org.springframework.web.servlet.DispatcherServlet.doDispatch(DispatcherServlet.java:1089), org.springframework.web.servlet.DispatcherServlet.doService(DispatcherServlet.java:979), org.springframework.web.servlet.FrameworkServlet.processRequest(FrameworkServlet.java:1014), org.springframework.web.servlet.FrameworkServlet.doGet(FrameworkServlet.java:903), jakarta.servlet.http.HttpServlet.service(HttpServlet.java:564), org.springframework.web.servlet.FrameworkServlet.service(FrameworkServlet.java:885), jakarta.servlet.http.HttpServlet.service(HttpServlet.java:658), org.apache.catalina.core.ApplicationFilterChain.internalDoFilter(ApplicationFilterChain.java:205), org.apache.catalina.core.ApplicationFilterChain.doFilter(ApplicationFilterChain.java:149), org.apache.tomcat.websocket.server.WsFilter.doFilter(WsFilter.java:51), org.apache.catalina.core.ApplicationFilterChain.internalDoFilter(ApplicationFilterChain.java:174), org.apache.catalina.core.ApplicationFilterChain.doFilter(ApplicationFilterChain.java:149), org.springframework.web.filter.OncePerRequestFilter.doFilter(OncePerRequestFilter.java:110), org.apache.catalina.core.ApplicationFilterChain.internalDoFilter(ApplicationFilterChain.java:174), org.apache.catalina.core.ApplicationFilterChain.doFilter(ApplicationFilterChain.java:149), org.springframework.web.filter.CompositeFilter$VirtualFilterChain.doFilter(CompositeFilter.java:108), org.springframework.security.web.FilterChainProxy.lambda$doFilterInternal$3(FilterChainProxy.java:231), org.springframework.security.web.FilterChainProxy$VirtualFilterChain.doFilter(FilterChainProxy.java:365), org.springframework.security.web.access.intercept.AuthorizationFilter.doFilter(AuthorizationFilter.java:100), org.springframework.security.web.FilterChainProxy$VirtualFilterChain.doFilter(FilterChainProxy.java:374), org.springframework.security.web.access.ExceptionTranslationFilter.doFilter(ExceptionTranslationFilter.java:126), org.springframework.security.web.access.ExceptionTranslationFilter.doFilter(ExceptionTranslationFilter.java:120), org.springframework.security.web.FilterChainProxy$VirtualFilterChain.doFilter(FilterChainProxy.java:374), org.springframework.security.web.session.SessionManagementFilter.doFilter(SessionManagementFilter.java:131), org.springframework.security.web.session.SessionManagementFilter.doFilter(SessionManagementFilter.java:85), org.springframework.security.web.FilterChainProxy$VirtualFilterChain.doFilter(FilterChainProxy.java:374), org.springframework.security.web.authentication.AnonymousAuthenticationFilter.doFilter(AnonymousAuthenticationFilter.java:100), org.springframework.security.web.FilterChainProxy$VirtualFilterChain.doFilter(FilterChainProxy.java:374), org.springframework.security.web.servletapi.SecurityContextHolderAwareRequestFilter.doFilter(SecurityContextHolderAwareRequestFilter.java:179), org.springframework.security.web.FilterChainProxy$VirtualFilterChain.doFilter(FilterChainProxy.java:374), org.springframework.security.web.savedrequest.RequestCacheAwareFilter.doFilter(RequestCacheAwareFilter.java:63), org.springframework.security.web.FilterChainProxy$VirtualFilterChain.doFilter(FilterChainProxy.java:374), tfc.gestorRestaurante.security.JwtAuthenticationFilter.doFilterInternal(JwtAuthenticationFilter.java:41), org.springframework.web.filter.OncePerRequestFilter.doFilter(OncePerRequestFilter.java:116), org.springframework.security.web.FilterChainProxy$VirtualFilterChain.doFilter(FilterChainProxy.java:374), org.springframework.security.web.authentication.logout.LogoutFilter.doFilter(LogoutFilter.java:107), org.springframework.security.web.authentication.logout.LogoutFilter.doFilter(LogoutFilter.java:93), org.springframework.security.web.FilterChainProxy$VirtualFilterChain.doFilter(FilterChainProxy.java:374), org.springframework.security.web.header.HeaderWriterFilter.doHeadersAfter(HeaderWriterFilter.java:90), org.springframework.security.web.header.HeaderWriterFilter.doFilterInternal(HeaderWriterFilter.java:75), org.springframework.web.filter.OncePerRequestFilter.doFilter(OncePerRequestFilter.java:116), org.springframework.security.web.FilterChainProxy$VirtualFilterChain.doFilter(FilterChainProxy.java:374), org.springframework.security.web.context.SecurityContextHolderFilter.doFilter(SecurityContextHolderFilter.java:82), org.springframework.security.web.context.SecurityContextHolderFilter.doFilter(SecurityContextHolderFilter.java:69), org.springframework.security.web.FilterChainProxy$VirtualFilterChain.doFilter(FilterChainProxy.java:374), org.springframework.security.web.context.request.async.WebAsyncManagerIntegrationFilter.doFilterInternal(WebAsyncManagerIntegrationFilter.java:62), org.springframework.web.filter.OncePerRequestFilter.doFilter(OncePerRequestFilter.java:116), org.springframework.security.web.FilterChainProxy$VirtualFilterChain.doFilter(FilterChainProxy.java:374), org.springframework.security.web.session.DisableEncodeUrlFilter.doFilterInternal(DisableEncodeUrlFilter.java:42), org.springframework.web.filter.OncePerRequestFilter.doFilter(OncePerRequestFilter.java:116), org.springframework.security.web.FilterChainProxy$VirtualFilterChain.doFilter(FilterChainProxy.java:374), org.springframework.security.web.FilterChainProxy.doFilterInternal(FilterChainProxy.java:233), org.springframework.security.web.FilterChainProxy.doFilter(FilterChainProxy.java:191), org.springframework.web.filter.CompositeFilter$VirtualFilterChain.doFilter(CompositeFilter.java:113), org.springframework.web.servlet.handler.HandlerMappingIntrospector.lambda$createCacheFilter$3(HandlerMappingIntrospector.java:195), org.springframework.web.filter.CompositeFilter$VirtualFilterChain.doFilter(CompositeFilter.java:113), org.springframework.web.filter.CompositeFilter.doFilter(CompositeFilter.java:74), org.springframework.security.config.annotation.web.configuration.WebMvcSecurityConfiguration$CompositeFilterChainProxy.doFilter(WebMvcSecurityConfiguration.java:225), org.springframework.web.filter.DelegatingFilterProxy.invokeDelegate(DelegatingFilterProxy.java:352), org.springframework.web.filter.DelegatingFilterProxy.doFilter(DelegatingFilterProxy.java:268), org.apache.catalina.core.ApplicationFilterChain.internalDoFilter(ApplicationFilterChain.java:174), org.apache.catalina.core.ApplicationFilterChain.doFilter(ApplicationFilterChain.java:149), org.springframework.web.filter.RequestContextFilter.doFilterInternal(RequestContextFilter.java:100), org.springframework.web.filter.OncePerRequestFilter.doFilter(OncePerRequestFilter.java:116), org.apache.catalina.core.ApplicationFilterChain.internalDoFilter(ApplicationFilterChain.java:174), org.apache.catalina.core.ApplicationFilterChain.doFilter(ApplicationFilterChain.java:149), org.springframework.web.filter.FormContentFilter.doFilterInternal(FormContentFilter.java:93), org.springframework.web.filter.OncePerRequestFilter.doFilter(OncePerRequestFilter.java:116), org.apache.catalina.core.ApplicationFilterChain.internalDoFilter(ApplicationFilterChain.java:174), org.apache.catalina.core.ApplicationFilterChain.doFilter(ApplicationFilterChain.java:149), org.springframework.web.filter.CharacterEncodingFilter.doFilterInternal(CharacterEncodingFilter.java:201), org.springframework.web.filter.OncePerRequestFilter.doFilter(OncePerRequestFilter.java:116), org.apache.catalina.core.ApplicationFilterChain.internalDoFilter(ApplicationFilterChain.java:174), org.apache.catalina.core.ApplicationFilterChain.doFilter(ApplicationFilterChain.java:149), org.apache.catalina.core.StandardWrapperValve.invoke(StandardWrapperValve.java:167), org.apache.catalina.core.StandardContextValve.invoke(StandardContextValve.java:90), org.apache.catalina.authenticator.AuthenticatorBase.invoke(AuthenticatorBase.java:482), org.apache.catalina.core.StandardHostValve.invoke(StandardHostValve.java:115), org.apache.catalina.valves.ErrorReportValve.invoke(ErrorReportValve.java:93), org.apache.catalina.core.StandardEngineValve.invoke(StandardEngineValve.java:74), org.apache.catalina.connector.CoyoteAdapter.service(CoyoteAdapter.java:344), org.apache.coyote.http11.Http11Processor.service(Http11Processor.java:391), org.apache.coyote.AbstractProcessorLight.process(AbstractProcessorLight.java:63), org.apache.coyote.AbstractProtocol$ConnectionHandler.process(AbstractProtocol.java:896), org.apache.tomcat.util.net.NioEndpoint$SocketProcessor.doRun(NioEndpoint.java:1744), org.apache.tomcat.util.net.SocketProcessorBase.run(SocketProcessorBase.java:52), org.apache.tomcat.util.threads.ThreadPoolExecutor.runWorker(ThreadPoolExecutor.java:1191), org.apache.tomcat.util.threads.ThreadPoolExecutor$Worker.run(ThreadPoolExecutor.java:659), org.apache.tomcat.util.threads.TaskThread$WrappingRunnable.run(TaskThread.java:63), java.base/java.lang.Thread.run(Thread.java:1583)]
2024-05-11 20:53:36.487 [http-nio-8080-exec-8] WARN  o.s.w.s.m.m.a.HttpEntityMethodProcessor.handleReturnValue - public org.springframework.http.ResponseEntity<org.springframework.http.ProblemDetail> tfc.gestorRestaurante.exception.User.ControllerExceptionHandler.handleSecurityException(java.lang.Exception) returned ResponseEntity: <500 INTERNAL_SERVER_ERROR Internal Server Error,ProblemDetail[type='about:blank', title='Forbidden', status=403, detail='No static resource getAllPedidos.', instance='/getAllPedidos', properties='{description=Unknown internal server error.}'],[]>, but its status doesn't match the ProblemDetail status: 403
2024-05-11 20:53:36.501 [http-nio-8080-exec-8] WARN  o.s.w.s.m.m.a.ExceptionHandlerExceptionResolver.logException - Resolved [org.springframework.web.servlet.resource.NoResourceFoundException: No static resource getAllPedidos.]
2024-05-11 20:55:13.707 [SpringApplicationShutdownHook] INFO  o.s.o.j.LocalContainerEntityManagerFactoryBean.destroy - Closing JPA EntityManagerFactory for persistence unit 'default'
2024-05-11 20:55:13.707 [SpringApplicationShutdownHook] INFO  com.zaxxer.hikari.HikariDataSource.close - HikariPool-3 - Shutdown initiated...
2024-05-11 20:55:13.710 [SpringApplicationShutdownHook] INFO  com.zaxxer.hikari.HikariDataSource.close - HikariPool-3 - Shutdown completed.
2024-05-11 20:55:17.579 [restartedMain] INFO  t.g.GestorRestauranteApplication.logStarting - Starting GestorRestauranteApplication using Java 21.0.2 with PID 2248 (C:\Users\ACR\Desktop\TFC\AARON\SPRINGBOOT\gestorRestaurante\target\classes started by ACR in C:\Users\ACR\Desktop\TFC\AARON\SPRINGBOOT\gestorRestaurante)
2024-05-11 20:55:17.582 [restartedMain] INFO  t.g.GestorRestauranteApplication.logStartupProfileInfo - No active profile set, falling back to 1 default profile: "default"
2024-05-11 20:55:17.646 [restartedMain] INFO  o.s.b.d.e.DevToolsPropertyDefaultsPostProcessor.logTo - Devtools property defaults active! Set 'spring.devtools.add-properties' to 'false' to disable
2024-05-11 20:55:17.647 [restartedMain] INFO  o.s.b.d.e.DevToolsPropertyDefaultsPostProcessor.logTo - For additional web related logging consider setting the 'logging.level.web' property to 'DEBUG'
2024-05-11 20:55:19.285 [restartedMain] INFO  o.s.d.r.c.RepositoryConfigurationDelegate.registerRepositoriesIn - Bootstrapping Spring Data JPA repositories in DEFAULT mode.
2024-05-11 20:55:19.376 [restartedMain] INFO  o.s.d.r.c.RepositoryConfigurationDelegate.registerRepositoriesIn - Finished Spring Data repository scanning in 84 ms. Found 5 JPA repository interfaces.
2024-05-11 20:55:20.669 [restartedMain] INFO  o.s.b.w.e.tomcat.TomcatWebServer.initialize - Tomcat initialized with port 8080 (http)
2024-05-11 20:55:20.685 [restartedMain] INFO  o.a.catalina.core.StandardService.log - Starting service [Tomcat]
2024-05-11 20:55:20.685 [restartedMain] INFO  o.a.catalina.core.StandardEngine.log - Starting Servlet engine: [Apache Tomcat/10.1.19]
2024-05-11 20:55:20.782 [restartedMain] INFO  o.a.c.c.C.[Tomcat].[localhost].[/].log - Initializing Spring embedded WebApplicationContext
2024-05-11 20:55:20.783 [restartedMain] INFO  o.s.b.w.s.c.ServletWebServerApplicationContext.prepareWebApplicationContext - Root WebApplicationContext: initialization completed in 3135 ms
2024-05-11 20:55:21.059 [restartedMain] WARN  o.s.b.a.o.j.JpaBaseConfiguration$JpaWebConfiguration.openEntityManagerInViewInterceptor - spring.jpa.open-in-view is enabled by default. Therefore, database queries may be performed during view rendering. Explicitly configure spring.jpa.open-in-view to disable this warning
2024-05-11 20:55:21.287 [restartedMain] INFO  o.h.jpa.internal.util.LogHelper.logPersistenceUnitInformation - HHH000204: Processing PersistenceUnitInfo [name: default]
2024-05-11 20:55:21.424 [restartedMain] INFO  org.hibernate.Version.logVersion - HHH000412: Hibernate ORM core version 6.4.4.Final
2024-05-11 20:55:21.500 [restartedMain] INFO  o.h.c.i.RegionFactoryInitiator.initiateService - HHH000026: Second-level cache disabled
2024-05-11 20:55:21.904 [restartedMain] INFO  o.s.o.j.p.SpringPersistenceUnitInfo.addTransformer - No LoadTimeWeaver setup: ignoring JPA class transformer
2024-05-11 20:55:21.954 [restartedMain] INFO  com.zaxxer.hikari.HikariDataSource.getConnection - HikariPool-1 - Starting...
2024-05-11 20:55:22.123 [restartedMain] INFO  com.zaxxer.hikari.pool.HikariPool.checkFailFast - HikariPool-1 - Added connection org.mariadb.jdbc.Connection@36b20ccb
2024-05-11 20:55:22.127 [restartedMain] INFO  com.zaxxer.hikari.HikariDataSource.getConnection - HikariPool-1 - Start completed.
2024-05-11 20:55:24.126 [restartedMain] INFO  o.h.e.t.j.p.i.JtaPlatformInitiator.initiateService - HHH000489: No JTA platform available (set 'hibernate.transaction.jta.platform' to enable JTA platform integration)
2024-05-11 20:55:24.204 [restartedMain] INFO  o.s.o.j.LocalContainerEntityManagerFactoryBean.buildNativeEntityManagerFactory - Initialized JPA EntityManagerFactory for persistence unit 'default'
2024-05-11 20:55:24.885 [restartedMain] INFO  o.s.d.j.r.query.QueryEnhancerFactory.<clinit> - Hibernate is in classpath; If applicable, HQL parser will be used.
2024-05-11 20:55:26.387 [restartedMain] INFO  o.s.s.web.DefaultSecurityFilterChain.<init> - Will secure any request with [org.springframework.security.web.session.DisableEncodeUrlFilter@555ed07, org.springframework.security.web.context.request.async.WebAsyncManagerIntegrationFilter@50719bb6, org.springframework.security.web.context.SecurityContextHolderFilter@7b8b5a49, org.springframework.security.web.header.HeaderWriterFilter@451bfef9, org.springframework.security.web.authentication.logout.LogoutFilter@3c3aec93, tfc.gestorRestaurante.security.JwtAuthenticationFilter@6e68df6c, org.springframework.security.web.savedrequest.RequestCacheAwareFilter@604becd1, org.springframework.security.web.servletapi.SecurityContextHolderAwareRequestFilter@4f585b66, org.springframework.security.web.authentication.AnonymousAuthenticationFilter@7a1b1a70, org.springframework.security.web.session.SessionManagementFilter@265f581a, org.springframework.security.web.access.ExceptionTranslationFilter@140df545, org.springframework.security.web.access.intercept.AuthorizationFilter@1a49e71c]
2024-05-11 20:55:26.925 [restartedMain] INFO  o.s.b.d.a.OptionalLiveReloadServer.startServer - LiveReload server is running on port 35729
2024-05-11 20:55:27.022 [restartedMain] INFO  o.s.b.w.e.tomcat.TomcatWebServer.start - Tomcat started on port 8080 (http) with context path ''
2024-05-11 20:55:27.039 [restartedMain] INFO  t.g.GestorRestauranteApplication.logStarted - Started GestorRestauranteApplication in 10.327 seconds (process running for 11.608)
2024-05-11 20:55:43.566 [http-nio-8080-exec-1] INFO  o.a.c.c.C.[Tomcat].[localhost].[/].log - Initializing Spring DispatcherServlet 'dispatcherServlet'
2024-05-11 20:55:43.567 [http-nio-8080-exec-1] INFO  o.s.web.servlet.DispatcherServlet.initServletBean - Initializing Servlet 'dispatcherServlet'
2024-05-11 20:55:43.577 [http-nio-8080-exec-1] INFO  o.s.web.servlet.DispatcherServlet.initServletBean - Completed initialization in 8 ms
2024-05-11 20:55:43.895 [http-nio-8080-exec-1] DEBUG org.hibernate.SQL.logStatement - select u1_0.`id`,u1_0.`city`,u1_0.`creation_date`,u1_0.`email`,u1_0.`last_login`,u1_0.`name`,u1_0.`nif`,u1_0.`password`,u1_0.`postal_code`,u1_0.`username` from `user` u1_0 where u1_0.`username`=?
2024-05-11 20:55:43.923 [http-nio-8080-exec-1] DEBUG org.hibernate.SQL.logStatement - select r1_0.`user_id`,r1_1.`id`,r1_1.`name` from `user_role` r1_0 join `rol` r1_1 on r1_1.`id`=r1_0.`role_id` where r1_0.`user_id`=?
2024-05-11 20:55:44.002 [http-nio-8080-exec-1] DEBUG org.hibernate.SQL.logStatement - select u1_0.`id`,u1_0.`city`,u1_0.`creation_date`,u1_0.`email`,u1_0.`last_login`,u1_0.`name`,u1_0.`nif`,u1_0.`password`,u1_0.`postal_code`,u1_0.`username` from `user` u1_0 where u1_0.`email`=?
2024-05-11 20:55:44.254 [http-nio-8080-exec-2] DEBUG org.hibernate.SQL.logStatement - select u1_0.`id` from `user` u1_0 where u1_0.`email`=?
2024-05-11 20:55:44.441 [http-nio-8080-exec-3] DEBUG org.hibernate.SQL.logStatement - SELECT ur.role_id FROM user u          INNER JOIN user_role ur ON u.id = ur.user_id WHERE u.id = ?
2024-05-11 20:55:45.902 [http-nio-8080-exec-4] ERROR t.g.e.U.ControllerExceptionHandler.handleSecurityException - [org.springframework.web.servlet.resource.ResourceHttpRequestHandler.handleRequest(ResourceHttpRequestHandler.java:585), org.springframework.web.servlet.mvc.HttpRequestHandlerAdapter.handle(HttpRequestHandlerAdapter.java:52), org.springframework.web.servlet.DispatcherServlet.doDispatch(DispatcherServlet.java:1089), org.springframework.web.servlet.DispatcherServlet.doService(DispatcherServlet.java:979), org.springframework.web.servlet.FrameworkServlet.processRequest(FrameworkServlet.java:1014), org.springframework.web.servlet.FrameworkServlet.doGet(FrameworkServlet.java:903), jakarta.servlet.http.HttpServlet.service(HttpServlet.java:564), org.springframework.web.servlet.FrameworkServlet.service(FrameworkServlet.java:885), jakarta.servlet.http.HttpServlet.service(HttpServlet.java:658), org.apache.catalina.core.ApplicationFilterChain.internalDoFilter(ApplicationFilterChain.java:205), org.apache.catalina.core.ApplicationFilterChain.doFilter(ApplicationFilterChain.java:149), org.apache.tomcat.websocket.server.WsFilter.doFilter(WsFilter.java:51), org.apache.catalina.core.ApplicationFilterChain.internalDoFilter(ApplicationFilterChain.java:174), org.apache.catalina.core.ApplicationFilterChain.doFilter(ApplicationFilterChain.java:149), org.springframework.web.filter.OncePerRequestFilter.doFilter(OncePerRequestFilter.java:110), org.apache.catalina.core.ApplicationFilterChain.internalDoFilter(ApplicationFilterChain.java:174), org.apache.catalina.core.ApplicationFilterChain.doFilter(ApplicationFilterChain.java:149), org.springframework.web.filter.CompositeFilter$VirtualFilterChain.doFilter(CompositeFilter.java:108), org.springframework.security.web.FilterChainProxy.lambda$doFilterInternal$3(FilterChainProxy.java:231), org.springframework.security.web.FilterChainProxy$VirtualFilterChain.doFilter(FilterChainProxy.java:365), org.springframework.security.web.access.intercept.AuthorizationFilter.doFilter(AuthorizationFilter.java:100), org.springframework.security.web.FilterChainProxy$VirtualFilterChain.doFilter(FilterChainProxy.java:374), org.springframework.security.web.access.ExceptionTranslationFilter.doFilter(ExceptionTranslationFilter.java:126), org.springframework.security.web.access.ExceptionTranslationFilter.doFilter(ExceptionTranslationFilter.java:120), org.springframework.security.web.FilterChainProxy$VirtualFilterChain.doFilter(FilterChainProxy.java:374), org.springframework.security.web.session.SessionManagementFilter.doFilter(SessionManagementFilter.java:131), org.springframework.security.web.session.SessionManagementFilter.doFilter(SessionManagementFilter.java:85), org.springframework.security.web.FilterChainProxy$VirtualFilterChain.doFilter(FilterChainProxy.java:374), org.springframework.security.web.authentication.AnonymousAuthenticationFilter.doFilter(AnonymousAuthenticationFilter.java:100), org.springframework.security.web.FilterChainProxy$VirtualFilterChain.doFilter(FilterChainProxy.java:374), org.springframework.security.web.servletapi.SecurityContextHolderAwareRequestFilter.doFilter(SecurityContextHolderAwareRequestFilter.java:179), org.springframework.security.web.FilterChainProxy$VirtualFilterChain.doFilter(FilterChainProxy.java:374), org.springframework.security.web.savedrequest.RequestCacheAwareFilter.doFilter(RequestCacheAwareFilter.java:63), org.springframework.security.web.FilterChainProxy$VirtualFilterChain.doFilter(FilterChainProxy.java:374), tfc.gestorRestaurante.security.JwtAuthenticationFilter.doFilterInternal(JwtAuthenticationFilter.java:41), org.springframework.web.filter.OncePerRequestFilter.doFilter(OncePerRequestFilter.java:116), org.springframework.security.web.FilterChainProxy$VirtualFilterChain.doFilter(FilterChainProxy.java:374), org.springframework.security.web.authentication.logout.LogoutFilter.doFilter(LogoutFilter.java:107), org.springframework.security.web.authentication.logout.LogoutFilter.doFilter(LogoutFilter.java:93), org.springframework.security.web.FilterChainProxy$VirtualFilterChain.doFilter(FilterChainProxy.java:374), org.springframework.security.web.header.HeaderWriterFilter.doHeadersAfter(HeaderWriterFilter.java:90), org.springframework.security.web.header.HeaderWriterFilter.doFilterInternal(HeaderWriterFilter.java:75), org.springframework.web.filter.OncePerRequestFilter.doFilter(OncePerRequestFilter.java:116), org.springframework.security.web.FilterChainProxy$VirtualFilterChain.doFilter(FilterChainProxy.java:374), org.springframework.security.web.context.SecurityContextHolderFilter.doFilter(SecurityContextHolderFilter.java:82), org.springframework.security.web.context.SecurityContextHolderFilter.doFilter(SecurityContextHolderFilter.java:69), org.springframework.security.web.FilterChainProxy$VirtualFilterChain.doFilter(FilterChainProxy.java:374), org.springframework.security.web.context.request.async.WebAsyncManagerIntegrationFilter.doFilterInternal(WebAsyncManagerIntegrationFilter.java:62), org.springframework.web.filter.OncePerRequestFilter.doFilter(OncePerRequestFilter.java:116), org.springframework.security.web.FilterChainProxy$VirtualFilterChain.doFilter(FilterChainProxy.java:374), org.springframework.security.web.session.DisableEncodeUrlFilter.doFilterInternal(DisableEncodeUrlFilter.java:42), org.springframework.web.filter.OncePerRequestFilter.doFilter(OncePerRequestFilter.java:116), org.springframework.security.web.FilterChainProxy$VirtualFilterChain.doFilter(FilterChainProxy.java:374), org.springframework.security.web.FilterChainProxy.doFilterInternal(FilterChainProxy.java:233), org.springframework.security.web.FilterChainProxy.doFilter(FilterChainProxy.java:191), org.springframework.web.filter.CompositeFilter$VirtualFilterChain.doFilter(CompositeFilter.java:113), org.springframework.web.servlet.handler.HandlerMappingIntrospector.lambda$createCacheFilter$3(HandlerMappingIntrospector.java:195), org.springframework.web.filter.CompositeFilter$VirtualFilterChain.doFilter(CompositeFilter.java:113), org.springframework.web.filter.CompositeFilter.doFilter(CompositeFilter.java:74), org.springframework.security.config.annotation.web.configuration.WebMvcSecurityConfiguration$CompositeFilterChainProxy.doFilter(WebMvcSecurityConfiguration.java:225), org.springframework.web.filter.DelegatingFilterProxy.invokeDelegate(DelegatingFilterProxy.java:352), org.springframework.web.filter.DelegatingFilterProxy.doFilter(DelegatingFilterProxy.java:268), org.apache.catalina.core.ApplicationFilterChain.internalDoFilter(ApplicationFilterChain.java:174), org.apache.catalina.core.ApplicationFilterChain.doFilter(ApplicationFilterChain.java:149), org.springframework.web.filter.RequestContextFilter.doFilterInternal(RequestContextFilter.java:100), org.springframework.web.filter.OncePerRequestFilter.doFilter(OncePerRequestFilter.java:116), org.apache.catalina.core.ApplicationFilterChain.internalDoFilter(ApplicationFilterChain.java:174), org.apache.catalina.core.ApplicationFilterChain.doFilter(ApplicationFilterChain.java:149), org.springframework.web.filter.FormContentFilter.doFilterInternal(FormContentFilter.java:93), org.springframework.web.filter.OncePerRequestFilter.doFilter(OncePerRequestFilter.java:116), org.apache.catalina.core.ApplicationFilterChain.internalDoFilter(ApplicationFilterChain.java:174), org.apache.catalina.core.ApplicationFilterChain.doFilter(ApplicationFilterChain.java:149), org.springframework.web.filter.CharacterEncodingFilter.doFilterInternal(CharacterEncodingFilter.java:201), org.springframework.web.filter.OncePerRequestFilter.doFilter(OncePerRequestFilter.java:116), org.apache.catalina.core.ApplicationFilterChain.internalDoFilter(ApplicationFilterChain.java:174), org.apache.catalina.core.ApplicationFilterChain.doFilter(ApplicationFilterChain.java:149), org.apache.catalina.core.StandardWrapperValve.invoke(StandardWrapperValve.java:167), org.apache.catalina.core.StandardContextValve.invoke(StandardContextValve.java:90), org.apache.catalina.authenticator.AuthenticatorBase.invoke(AuthenticatorBase.java:482), org.apache.catalina.core.StandardHostValve.invoke(StandardHostValve.java:115), org.apache.catalina.valves.ErrorReportValve.invoke(ErrorReportValve.java:93), org.apache.catalina.core.StandardEngineValve.invoke(StandardEngineValve.java:74), org.apache.catalina.connector.CoyoteAdapter.service(CoyoteAdapter.java:344), org.apache.coyote.http11.Http11Processor.service(Http11Processor.java:391), org.apache.coyote.AbstractProcessorLight.process(AbstractProcessorLight.java:63), org.apache.coyote.AbstractProtocol$ConnectionHandler.process(AbstractProtocol.java:896), org.apache.tomcat.util.net.NioEndpoint$SocketProcessor.doRun(NioEndpoint.java:1744), org.apache.tomcat.util.net.SocketProcessorBase.run(SocketProcessorBase.java:52), org.apache.tomcat.util.threads.ThreadPoolExecutor.runWorker(ThreadPoolExecutor.java:1191), org.apache.tomcat.util.threads.ThreadPoolExecutor$Worker.run(ThreadPoolExecutor.java:659), org.apache.tomcat.util.threads.TaskThread$WrappingRunnable.run(TaskThread.java:63), java.base/java.lang.Thread.run(Thread.java:1583)]
2024-05-11 20:55:45.911 [http-nio-8080-exec-4] WARN  o.s.w.s.m.m.a.HttpEntityMethodProcessor.handleReturnValue - public org.springframework.http.ResponseEntity<org.springframework.http.ProblemDetail> tfc.gestorRestaurante.exception.User.ControllerExceptionHandler.handleSecurityException(java.lang.Exception) returned ResponseEntity: <500 INTERNAL_SERVER_ERROR Internal Server Error,ProblemDetail[type='about:blank', title='Forbidden', status=403, detail='No static resource getAllPedidos.', instance='/getAllPedidos', properties='{description=Unknown internal server error.}'],[]>, but its status doesn't match the ProblemDetail status: 403
2024-05-11 20:55:45.931 [http-nio-8080-exec-4] WARN  o.s.w.s.m.m.a.ExceptionHandlerExceptionResolver.logException - Resolved [org.springframework.web.servlet.resource.NoResourceFoundException: No static resource getAllPedidos.]
2024-05-11 20:57:36.530 [http-nio-8080-exec-3] INFO  o.s.api.AbstractOpenApiResource.getOpenApi - Init duration for springdoc-openapi is: 768 ms
2024-05-11 20:57:56.067 [http-nio-8080-exec-5] DEBUG org.hibernate.SQL.logStatement - select p1_0.`id`,p1_0.`estado`,p1_0.`fecha_fin`,p1_0.`fecha_inicio`,p1_0.`total_pedido`,p1_0.`user_id` from `pedido` p1_0
2024-05-11 20:57:56.082 [http-nio-8080-exec-5] DEBUG org.hibernate.SQL.logStatement - select u1_0.`id`,u1_0.`city`,u1_0.`creation_date`,u1_0.`email`,u1_0.`last_login`,u1_0.`name`,u1_0.`nif`,u1_0.`password`,u1_0.`postal_code`,u1_0.`username`,r1_0.`user_id`,r1_1.`id`,r1_1.`name` from `user` u1_0 left join `user_role` r1_0 on u1_0.`id`=r1_0.`user_id` left join `rol` r1_1 on r1_1.`id`=r1_0.`role_id` where u1_0.`id`=?
2024-05-11 20:57:56.090 [http-nio-8080-exec-5] DEBUG org.hibernate.SQL.logStatement - select u1_0.`id`,u1_0.`city`,u1_0.`creation_date`,u1_0.`email`,u1_0.`last_login`,u1_0.`name`,u1_0.`nif`,u1_0.`password`,u1_0.`postal_code`,u1_0.`username`,r1_0.`user_id`,r1_1.`id`,r1_1.`name` from `user` u1_0 left join `user_role` r1_0 on u1_0.`id`=r1_0.`user_id` left join `rol` r1_1 on r1_1.`id`=r1_0.`role_id` where u1_0.`id`=?
2024-05-11 20:58:47.780 [http-nio-8080-exec-1] DEBUG org.hibernate.SQL.logStatement - select p1_0.`id`,p1_0.`estado`,p1_0.`fecha_fin`,p1_0.`fecha_inicio`,p1_0.`total_pedido`,p1_0.`user_id` from `pedido` p1_0
2024-05-11 20:58:47.784 [http-nio-8080-exec-1] DEBUG org.hibernate.SQL.logStatement - select u1_0.`id`,u1_0.`city`,u1_0.`creation_date`,u1_0.`email`,u1_0.`last_login`,u1_0.`name`,u1_0.`nif`,u1_0.`password`,u1_0.`postal_code`,u1_0.`username`,r1_0.`user_id`,r1_1.`id`,r1_1.`name` from `user` u1_0 left join `user_role` r1_0 on u1_0.`id`=r1_0.`user_id` left join `rol` r1_1 on r1_1.`id`=r1_0.`role_id` where u1_0.`id`=?
2024-05-11 20:58:47.796 [http-nio-8080-exec-1] DEBUG org.hibernate.SQL.logStatement - select u1_0.`id`,u1_0.`city`,u1_0.`creation_date`,u1_0.`email`,u1_0.`last_login`,u1_0.`name`,u1_0.`nif`,u1_0.`password`,u1_0.`postal_code`,u1_0.`username`,r1_0.`user_id`,r1_1.`id`,r1_1.`name` from `user` u1_0 left join `user_role` r1_0 on u1_0.`id`=r1_0.`user_id` left join `rol` r1_1 on r1_1.`id`=r1_0.`role_id` where u1_0.`id`=?
2024-05-11 21:00:28.780 [http-nio-8080-exec-3] DEBUG org.hibernate.SQL.logStatement - select u1_0.`id`,u1_0.`city`,u1_0.`creation_date`,u1_0.`email`,u1_0.`last_login`,u1_0.`name`,u1_0.`nif`,u1_0.`password`,u1_0.`postal_code`,u1_0.`username` from `user` u1_0 where u1_0.`username`=?
2024-05-11 21:00:28.783 [http-nio-8080-exec-3] DEBUG org.hibernate.SQL.logStatement - select r1_0.`user_id`,r1_1.`id`,r1_1.`name` from `user_role` r1_0 join `rol` r1_1 on r1_1.`id`=r1_0.`role_id` where r1_0.`user_id`=?
2024-05-11 21:00:28.857 [http-nio-8080-exec-3] DEBUG org.hibernate.SQL.logStatement - select u1_0.`id`,u1_0.`city`,u1_0.`creation_date`,u1_0.`email`,u1_0.`last_login`,u1_0.`name`,u1_0.`nif`,u1_0.`password`,u1_0.`postal_code`,u1_0.`username` from `user` u1_0 where u1_0.`email`=?
2024-05-11 21:00:29.034 [http-nio-8080-exec-5] DEBUG org.hibernate.SQL.logStatement - select u1_0.`id` from `user` u1_0 where u1_0.`email`=?
2024-05-11 21:00:29.061 [http-nio-8080-exec-7] DEBUG org.hibernate.SQL.logStatement - SELECT ur.role_id FROM user u          INNER JOIN user_role ur ON u.id = ur.user_id WHERE u.id = ?
2024-05-11 21:00:31.687 [http-nio-8080-exec-9] DEBUG org.hibernate.SQL.logStatement - select p1_0.`id`,p1_0.`descripcion`,p1_0.`image`,p1_0.`ingredientes`,p1_0.`nombre`,p1_0.`nombre_categoria`,p1_0.`precio` from `producto` p1_0
2024-05-11 21:00:34.849 [http-nio-8080-exec-10] DEBUG org.hibernate.SQL.logStatement - insert into `producto` (`descripcion`,`image`,`ingredientes`,`nombre`,`nombre_categoria`,`precio`) values (?,?,?,?,?,?)
2024-05-11 21:00:35.070 [http-nio-8080-exec-6] DEBUG org.hibernate.SQL.logStatement - select p1_0.`id`,p1_0.`descripcion`,p1_0.`image`,p1_0.`ingredientes`,p1_0.`nombre`,p1_0.`nombre_categoria`,p1_0.`precio` from `producto` p1_0
2024-05-11 21:00:38.299 [http-nio-8080-exec-8] ERROR t.g.e.U.ControllerExceptionHandler.handleSecurityException - [org.springframework.web.servlet.resource.ResourceHttpRequestHandler.handleRequest(ResourceHttpRequestHandler.java:585), org.springframework.web.servlet.mvc.HttpRequestHandlerAdapter.handle(HttpRequestHandlerAdapter.java:52), org.springframework.web.servlet.DispatcherServlet.doDispatch(DispatcherServlet.java:1089), org.springframework.web.servlet.DispatcherServlet.doService(DispatcherServlet.java:979), org.springframework.web.servlet.FrameworkServlet.processRequest(FrameworkServlet.java:1014), org.springframework.web.servlet.FrameworkServlet.doGet(FrameworkServlet.java:903), jakarta.servlet.http.HttpServlet.service(HttpServlet.java:564), org.springframework.web.servlet.FrameworkServlet.service(FrameworkServlet.java:885), jakarta.servlet.http.HttpServlet.service(HttpServlet.java:658), org.apache.catalina.core.ApplicationFilterChain.internalDoFilter(ApplicationFilterChain.java:205), org.apache.catalina.core.ApplicationFilterChain.doFilter(ApplicationFilterChain.java:149), org.apache.tomcat.websocket.server.WsFilter.doFilter(WsFilter.java:51), org.apache.catalina.core.ApplicationFilterChain.internalDoFilter(ApplicationFilterChain.java:174), org.apache.catalina.core.ApplicationFilterChain.doFilter(ApplicationFilterChain.java:149), org.springframework.web.filter.OncePerRequestFilter.doFilter(OncePerRequestFilter.java:110), org.apache.catalina.core.ApplicationFilterChain.internalDoFilter(ApplicationFilterChain.java:174), org.apache.catalina.core.ApplicationFilterChain.doFilter(ApplicationFilterChain.java:149), org.springframework.web.filter.CompositeFilter$VirtualFilterChain.doFilter(CompositeFilter.java:108), org.springframework.security.web.FilterChainProxy.lambda$doFilterInternal$3(FilterChainProxy.java:231), org.springframework.security.web.FilterChainProxy$VirtualFilterChain.doFilter(FilterChainProxy.java:365), org.springframework.security.web.access.intercept.AuthorizationFilter.doFilter(AuthorizationFilter.java:100), org.springframework.security.web.FilterChainProxy$VirtualFilterChain.doFilter(FilterChainProxy.java:374), org.springframework.security.web.access.ExceptionTranslationFilter.doFilter(ExceptionTranslationFilter.java:126), org.springframework.security.web.access.ExceptionTranslationFilter.doFilter(ExceptionTranslationFilter.java:120), org.springframework.security.web.FilterChainProxy$VirtualFilterChain.doFilter(FilterChainProxy.java:374), org.springframework.security.web.session.SessionManagementFilter.doFilter(SessionManagementFilter.java:131), org.springframework.security.web.session.SessionManagementFilter.doFilter(SessionManagementFilter.java:85), org.springframework.security.web.FilterChainProxy$VirtualFilterChain.doFilter(FilterChainProxy.java:374), org.springframework.security.web.authentication.AnonymousAuthenticationFilter.doFilter(AnonymousAuthenticationFilter.java:100), org.springframework.security.web.FilterChainProxy$VirtualFilterChain.doFilter(FilterChainProxy.java:374), org.springframework.security.web.servletapi.SecurityContextHolderAwareRequestFilter.doFilter(SecurityContextHolderAwareRequestFilter.java:179), org.springframework.security.web.FilterChainProxy$VirtualFilterChain.doFilter(FilterChainProxy.java:374), org.springframework.security.web.savedrequest.RequestCacheAwareFilter.doFilter(RequestCacheAwareFilter.java:63), org.springframework.security.web.FilterChainProxy$VirtualFilterChain.doFilter(FilterChainProxy.java:374), tfc.gestorRestaurante.security.JwtAuthenticationFilter.doFilterInternal(JwtAuthenticationFilter.java:41), org.springframework.web.filter.OncePerRequestFilter.doFilter(OncePerRequestFilter.java:116), org.springframework.security.web.FilterChainProxy$VirtualFilterChain.doFilter(FilterChainProxy.java:374), org.springframework.security.web.authentication.logout.LogoutFilter.doFilter(LogoutFilter.java:107), org.springframework.security.web.authentication.logout.LogoutFilter.doFilter(LogoutFilter.java:93), org.springframework.security.web.FilterChainProxy$VirtualFilterChain.doFilter(FilterChainProxy.java:374), org.springframework.security.web.header.HeaderWriterFilter.doHeadersAfter(HeaderWriterFilter.java:90), org.springframework.security.web.header.HeaderWriterFilter.doFilterInternal(HeaderWriterFilter.java:75), org.springframework.web.filter.OncePerRequestFilter.doFilter(OncePerRequestFilter.java:116), org.springframework.security.web.FilterChainProxy$VirtualFilterChain.doFilter(FilterChainProxy.java:374), org.springframework.security.web.context.SecurityContextHolderFilter.doFilter(SecurityContextHolderFilter.java:82), org.springframework.security.web.context.SecurityContextHolderFilter.doFilter(SecurityContextHolderFilter.java:69), org.springframework.security.web.FilterChainProxy$VirtualFilterChain.doFilter(FilterChainProxy.java:374), org.springframework.security.web.context.request.async.WebAsyncManagerIntegrationFilter.doFilterInternal(WebAsyncManagerIntegrationFilter.java:62), org.springframework.web.filter.OncePerRequestFilter.doFilter(OncePerRequestFilter.java:116), org.springframework.security.web.FilterChainProxy$VirtualFilterChain.doFilter(FilterChainProxy.java:374), org.springframework.security.web.session.DisableEncodeUrlFilter.doFilterInternal(DisableEncodeUrlFilter.java:42), org.springframework.web.filter.OncePerRequestFilter.doFilter(OncePerRequestFilter.java:116), org.springframework.security.web.FilterChainProxy$VirtualFilterChain.doFilter(FilterChainProxy.java:374), org.springframework.security.web.FilterChainProxy.doFilterInternal(FilterChainProxy.java:233), org.springframework.security.web.FilterChainProxy.doFilter(FilterChainProxy.java:191), org.springframework.web.filter.CompositeFilter$VirtualFilterChain.doFilter(CompositeFilter.java:113), org.springframework.web.servlet.handler.HandlerMappingIntrospector.lambda$createCacheFilter$3(HandlerMappingIntrospector.java:195), org.springframework.web.filter.CompositeFilter$VirtualFilterChain.doFilter(CompositeFilter.java:113), org.springframework.web.filter.CompositeFilter.doFilter(CompositeFilter.java:74), org.springframework.security.config.annotation.web.configuration.WebMvcSecurityConfiguration$CompositeFilterChainProxy.doFilter(WebMvcSecurityConfiguration.java:225), org.springframework.web.filter.DelegatingFilterProxy.invokeDelegate(DelegatingFilterProxy.java:352), org.springframework.web.filter.DelegatingFilterProxy.doFilter(DelegatingFilterProxy.java:268), org.apache.catalina.core.ApplicationFilterChain.internalDoFilter(ApplicationFilterChain.java:174), org.apache.catalina.core.ApplicationFilterChain.doFilter(ApplicationFilterChain.java:149), org.springframework.web.filter.RequestContextFilter.doFilterInternal(RequestContextFilter.java:100), org.springframework.web.filter.OncePerRequestFilter.doFilter(OncePerRequestFilter.java:116), org.apache.catalina.core.ApplicationFilterChain.internalDoFilter(ApplicationFilterChain.java:174), org.apache.catalina.core.ApplicationFilterChain.doFilter(ApplicationFilterChain.java:149), org.springframework.web.filter.FormContentFilter.doFilterInternal(FormContentFilter.java:93), org.springframework.web.filter.OncePerRequestFilter.doFilter(OncePerRequestFilter.java:116), org.apache.catalina.core.ApplicationFilterChain.internalDoFilter(ApplicationFilterChain.java:174), org.apache.catalina.core.ApplicationFilterChain.doFilter(ApplicationFilterChain.java:149), org.springframework.web.filter.CharacterEncodingFilter.doFilterInternal(CharacterEncodingFilter.java:201), org.springframework.web.filter.OncePerRequestFilter.doFilter(OncePerRequestFilter.java:116), org.apache.catalina.core.ApplicationFilterChain.internalDoFilter(ApplicationFilterChain.java:174), org.apache.catalina.core.ApplicationFilterChain.doFilter(ApplicationFilterChain.java:149), org.apache.catalina.core.StandardWrapperValve.invoke(StandardWrapperValve.java:167), org.apache.catalina.core.StandardContextValve.invoke(StandardContextValve.java:90), org.apache.catalina.authenticator.AuthenticatorBase.invoke(AuthenticatorBase.java:482), org.apache.catalina.core.StandardHostValve.invoke(StandardHostValve.java:115), org.apache.catalina.valves.ErrorReportValve.invoke(ErrorReportValve.java:93), org.apache.catalina.core.StandardEngineValve.invoke(StandardEngineValve.java:74), org.apache.catalina.connector.CoyoteAdapter.service(CoyoteAdapter.java:344), org.apache.coyote.http11.Http11Processor.service(Http11Processor.java:391), org.apache.coyote.AbstractProcessorLight.process(AbstractProcessorLight.java:63), org.apache.coyote.AbstractProtocol$ConnectionHandler.process(AbstractProtocol.java:896), org.apache.tomcat.util.net.NioEndpoint$SocketProcessor.doRun(NioEndpoint.java:1744), org.apache.tomcat.util.net.SocketProcessorBase.run(SocketProcessorBase.java:52), org.apache.tomcat.util.threads.ThreadPoolExecutor.runWorker(ThreadPoolExecutor.java:1191), org.apache.tomcat.util.threads.ThreadPoolExecutor$Worker.run(ThreadPoolExecutor.java:659), org.apache.tomcat.util.threads.TaskThread$WrappingRunnable.run(TaskThread.java:63), java.base/java.lang.Thread.run(Thread.java:1583)]
2024-05-11 21:00:38.300 [http-nio-8080-exec-8] WARN  o.s.w.s.m.m.a.HttpEntityMethodProcessor.handleReturnValue - public org.springframework.http.ResponseEntity<org.springframework.http.ProblemDetail> tfc.gestorRestaurante.exception.User.ControllerExceptionHandler.handleSecurityException(java.lang.Exception) returned ResponseEntity: <500 INTERNAL_SERVER_ERROR Internal Server Error,ProblemDetail[type='about:blank', title='Forbidden', status=403, detail='No static resource getAllPedidos.', instance='/getAllPedidos', properties='{description=Unknown internal server error.}'],[]>, but its status doesn't match the ProblemDetail status: 403
2024-05-11 21:00:38.301 [http-nio-8080-exec-8] WARN  o.s.w.s.m.m.a.ExceptionHandlerExceptionResolver.logException - Resolved [org.springframework.web.servlet.resource.NoResourceFoundException: No static resource getAllPedidos.]
2024-05-11 21:04:16.511 [http-nio-8080-exec-1] DEBUG org.hibernate.SQL.logStatement - select u1_0.`id`,u1_0.`city`,u1_0.`creation_date`,u1_0.`email`,u1_0.`last_login`,u1_0.`name`,u1_0.`nif`,u1_0.`password`,u1_0.`postal_code`,u1_0.`username` from `user` u1_0 where u1_0.`username`=?
2024-05-11 21:04:16.515 [http-nio-8080-exec-1] DEBUG org.hibernate.SQL.logStatement - select r1_0.`user_id`,r1_1.`id`,r1_1.`name` from `user_role` r1_0 join `rol` r1_1 on r1_1.`id`=r1_0.`role_id` where r1_0.`user_id`=?
2024-05-11 21:04:16.588 [http-nio-8080-exec-1] DEBUG org.hibernate.SQL.logStatement - select u1_0.`id`,u1_0.`city`,u1_0.`creation_date`,u1_0.`email`,u1_0.`last_login`,u1_0.`name`,u1_0.`nif`,u1_0.`password`,u1_0.`postal_code`,u1_0.`username` from `user` u1_0 where u1_0.`email`=?
2024-05-11 21:04:16.755 [http-nio-8080-exec-2] DEBUG org.hibernate.SQL.logStatement - select u1_0.`id` from `user` u1_0 where u1_0.`email`=?
2024-05-11 21:04:17.042 [http-nio-8080-exec-4] DEBUG org.hibernate.SQL.logStatement - SELECT ur.role_id FROM user u          INNER JOIN user_role ur ON u.id = ur.user_id WHERE u.id = ?
2024-05-11 21:04:18.279 [http-nio-8080-exec-3] DEBUG org.hibernate.SQL.logStatement - select p1_0.`id`,p1_0.`estado`,p1_0.`fecha_fin`,p1_0.`fecha_inicio`,p1_0.`total_pedido`,p1_0.`user_id` from `pedido` p1_0
2024-05-11 21:04:18.281 [http-nio-8080-exec-3] DEBUG org.hibernate.SQL.logStatement - select u1_0.`id`,u1_0.`city`,u1_0.`creation_date`,u1_0.`email`,u1_0.`last_login`,u1_0.`name`,u1_0.`nif`,u1_0.`password`,u1_0.`postal_code`,u1_0.`username`,r1_0.`user_id`,r1_1.`id`,r1_1.`name` from `user` u1_0 left join `user_role` r1_0 on u1_0.`id`=r1_0.`user_id` left join `rol` r1_1 on r1_1.`id`=r1_0.`role_id` where u1_0.`id`=?
2024-05-11 21:04:18.287 [http-nio-8080-exec-3] DEBUG org.hibernate.SQL.logStatement - select u1_0.`id`,u1_0.`city`,u1_0.`creation_date`,u1_0.`email`,u1_0.`last_login`,u1_0.`name`,u1_0.`nif`,u1_0.`password`,u1_0.`postal_code`,u1_0.`username`,r1_0.`user_id`,r1_1.`id`,r1_1.`name` from `user` u1_0 left join `user_role` r1_0 on u1_0.`id`=r1_0.`user_id` left join `rol` r1_1 on r1_1.`id`=r1_0.`role_id` where u1_0.`id`=?
2024-05-11 21:07:29.271 [http-nio-8080-exec-7] DEBUG org.hibernate.SQL.logStatement - select u1_0.`id`,u1_0.`city`,u1_0.`creation_date`,u1_0.`email`,u1_0.`last_login`,u1_0.`name`,u1_0.`nif`,u1_0.`password`,u1_0.`postal_code`,u1_0.`username` from `user` u1_0 where u1_0.`username`=?
2024-05-11 21:07:29.273 [http-nio-8080-exec-7] DEBUG org.hibernate.SQL.logStatement - select r1_0.`user_id`,r1_1.`id`,r1_1.`name` from `user_role` r1_0 join `rol` r1_1 on r1_1.`id`=r1_0.`role_id` where r1_0.`user_id`=?
2024-05-11 21:07:29.344 [http-nio-8080-exec-7] DEBUG org.hibernate.SQL.logStatement - select u1_0.`id`,u1_0.`city`,u1_0.`creation_date`,u1_0.`email`,u1_0.`last_login`,u1_0.`name`,u1_0.`nif`,u1_0.`password`,u1_0.`postal_code`,u1_0.`username` from `user` u1_0 where u1_0.`email`=?
2024-05-11 21:07:29.468 [http-nio-8080-exec-9] DEBUG org.hibernate.SQL.logStatement - select u1_0.`id` from `user` u1_0 where u1_0.`email`=?
2024-05-11 21:07:29.491 [http-nio-8080-exec-10] DEBUG org.hibernate.SQL.logStatement - SELECT ur.role_id FROM user u          INNER JOIN user_role ur ON u.id = ur.user_id WHERE u.id = ?
2024-05-11 21:07:30.467 [http-nio-8080-exec-6] DEBUG org.hibernate.SQL.logStatement - select p1_0.`id`,p1_0.`estado`,p1_0.`fecha_fin`,p1_0.`fecha_inicio`,p1_0.`total_pedido`,p1_0.`user_id` from `pedido` p1_0
2024-05-11 21:07:30.470 [http-nio-8080-exec-6] DEBUG org.hibernate.SQL.logStatement - select u1_0.`id`,u1_0.`city`,u1_0.`creation_date`,u1_0.`email`,u1_0.`last_login`,u1_0.`name`,u1_0.`nif`,u1_0.`password`,u1_0.`postal_code`,u1_0.`username`,r1_0.`user_id`,r1_1.`id`,r1_1.`name` from `user` u1_0 left join `user_role` r1_0 on u1_0.`id`=r1_0.`user_id` left join `rol` r1_1 on r1_1.`id`=r1_0.`role_id` where u1_0.`id`=?
2024-05-11 21:07:30.475 [http-nio-8080-exec-6] DEBUG org.hibernate.SQL.logStatement - select u1_0.`id`,u1_0.`city`,u1_0.`creation_date`,u1_0.`email`,u1_0.`last_login`,u1_0.`name`,u1_0.`nif`,u1_0.`password`,u1_0.`postal_code`,u1_0.`username`,r1_0.`user_id`,r1_1.`id`,r1_1.`name` from `user` u1_0 left join `user_role` r1_0 on u1_0.`id`=r1_0.`user_id` left join `rol` r1_1 on r1_1.`id`=r1_0.`role_id` where u1_0.`id`=?
2024-05-11 21:08:45.612 [http-nio-8080-exec-1] DEBUG org.hibernate.SQL.logStatement - select u1_0.`id`,u1_0.`city`,u1_0.`creation_date`,u1_0.`email`,u1_0.`last_login`,u1_0.`name`,u1_0.`nif`,u1_0.`password`,u1_0.`postal_code`,u1_0.`username` from `user` u1_0 where u1_0.`username`=?
2024-05-11 21:08:45.614 [http-nio-8080-exec-1] DEBUG org.hibernate.SQL.logStatement - select r1_0.`user_id`,r1_1.`id`,r1_1.`name` from `user_role` r1_0 join `rol` r1_1 on r1_1.`id`=r1_0.`role_id` where r1_0.`user_id`=?
2024-05-11 21:08:45.687 [http-nio-8080-exec-1] DEBUG org.hibernate.SQL.logStatement - select u1_0.`id`,u1_0.`city`,u1_0.`creation_date`,u1_0.`email`,u1_0.`last_login`,u1_0.`name`,u1_0.`nif`,u1_0.`password`,u1_0.`postal_code`,u1_0.`username` from `user` u1_0 where u1_0.`email`=?
2024-05-11 21:08:45.825 [http-nio-8080-exec-2] DEBUG org.hibernate.SQL.logStatement - select u1_0.`id` from `user` u1_0 where u1_0.`email`=?
2024-05-11 21:08:45.843 [http-nio-8080-exec-4] DEBUG org.hibernate.SQL.logStatement - SELECT ur.role_id FROM user u          INNER JOIN user_role ur ON u.id = ur.user_id WHERE u.id = ?
2024-05-11 21:08:46.863 [http-nio-8080-exec-3] DEBUG org.hibernate.SQL.logStatement - select p1_0.`id`,p1_0.`estado`,p1_0.`fecha_fin`,p1_0.`fecha_inicio`,p1_0.`total_pedido`,p1_0.`user_id` from `pedido` p1_0
2024-05-11 21:08:46.865 [http-nio-8080-exec-3] DEBUG org.hibernate.SQL.logStatement - select u1_0.`id`,u1_0.`city`,u1_0.`creation_date`,u1_0.`email`,u1_0.`last_login`,u1_0.`name`,u1_0.`nif`,u1_0.`password`,u1_0.`postal_code`,u1_0.`username`,r1_0.`user_id`,r1_1.`id`,r1_1.`name` from `user` u1_0 left join `user_role` r1_0 on u1_0.`id`=r1_0.`user_id` left join `rol` r1_1 on r1_1.`id`=r1_0.`role_id` where u1_0.`id`=?
2024-05-11 21:08:46.873 [http-nio-8080-exec-3] DEBUG org.hibernate.SQL.logStatement - select u1_0.`id`,u1_0.`city`,u1_0.`creation_date`,u1_0.`email`,u1_0.`last_login`,u1_0.`name`,u1_0.`nif`,u1_0.`password`,u1_0.`postal_code`,u1_0.`username`,r1_0.`user_id`,r1_1.`id`,r1_1.`name` from `user` u1_0 left join `user_role` r1_0 on u1_0.`id`=r1_0.`user_id` left join `rol` r1_1 on r1_1.`id`=r1_0.`role_id` where u1_0.`id`=?
2024-05-11 21:15:28.286 [http-nio-8080-exec-7] DEBUG org.hibernate.SQL.logStatement - select u1_0.`id`,u1_0.`city`,u1_0.`creation_date`,u1_0.`email`,u1_0.`last_login`,u1_0.`name`,u1_0.`nif`,u1_0.`password`,u1_0.`postal_code`,u1_0.`username` from `user` u1_0 where u1_0.`username`=?
2024-05-11 21:15:28.289 [http-nio-8080-exec-7] DEBUG org.hibernate.SQL.logStatement - select r1_0.`user_id`,r1_1.`id`,r1_1.`name` from `user_role` r1_0 join `rol` r1_1 on r1_1.`id`=r1_0.`role_id` where r1_0.`user_id`=?
2024-05-11 21:15:28.363 [http-nio-8080-exec-7] DEBUG org.hibernate.SQL.logStatement - select u1_0.`id`,u1_0.`city`,u1_0.`creation_date`,u1_0.`email`,u1_0.`last_login`,u1_0.`name`,u1_0.`nif`,u1_0.`password`,u1_0.`postal_code`,u1_0.`username` from `user` u1_0 where u1_0.`email`=?
2024-05-11 21:15:28.564 [http-nio-8080-exec-9] DEBUG org.hibernate.SQL.logStatement - select u1_0.`id` from `user` u1_0 where u1_0.`email`=?
2024-05-11 21:15:28.602 [http-nio-8080-exec-10] DEBUG org.hibernate.SQL.logStatement - SELECT ur.role_id FROM user u          INNER JOIN user_role ur ON u.id = ur.user_id WHERE u.id = ?
2024-05-11 21:15:29.726 [http-nio-8080-exec-6] DEBUG org.hibernate.SQL.logStatement - select p1_0.`id`,p1_0.`estado`,p1_0.`fecha_fin`,p1_0.`fecha_inicio`,p1_0.`total_pedido`,p1_0.`user_id` from `pedido` p1_0
2024-05-11 21:15:29.727 [http-nio-8080-exec-6] DEBUG org.hibernate.SQL.logStatement - select u1_0.`id`,u1_0.`city`,u1_0.`creation_date`,u1_0.`email`,u1_0.`last_login`,u1_0.`name`,u1_0.`nif`,u1_0.`password`,u1_0.`postal_code`,u1_0.`username`,r1_0.`user_id`,r1_1.`id`,r1_1.`name` from `user` u1_0 left join `user_role` r1_0 on u1_0.`id`=r1_0.`user_id` left join `rol` r1_1 on r1_1.`id`=r1_0.`role_id` where u1_0.`id`=?
2024-05-11 21:15:29.733 [http-nio-8080-exec-6] DEBUG org.hibernate.SQL.logStatement - select u1_0.`id`,u1_0.`city`,u1_0.`creation_date`,u1_0.`email`,u1_0.`last_login`,u1_0.`name`,u1_0.`nif`,u1_0.`password`,u1_0.`postal_code`,u1_0.`username`,r1_0.`user_id`,r1_1.`id`,r1_1.`name` from `user` u1_0 left join `user_role` r1_0 on u1_0.`id`=r1_0.`user_id` left join `rol` r1_1 on r1_1.`id`=r1_0.`role_id` where u1_0.`id`=?
2024-05-11 21:18:18.024 [http-nio-8080-exec-1] DEBUG org.hibernate.SQL.logStatement - select u1_0.`id`,u1_0.`city`,u1_0.`creation_date`,u1_0.`email`,u1_0.`last_login`,u1_0.`name`,u1_0.`nif`,u1_0.`password`,u1_0.`postal_code`,u1_0.`username` from `user` u1_0 where u1_0.`username`=?
2024-05-11 21:18:18.028 [http-nio-8080-exec-1] DEBUG org.hibernate.SQL.logStatement - select r1_0.`user_id`,r1_1.`id`,r1_1.`name` from `user_role` r1_0 join `rol` r1_1 on r1_1.`id`=r1_0.`role_id` where r1_0.`user_id`=?
2024-05-11 21:18:18.103 [http-nio-8080-exec-1] DEBUG org.hibernate.SQL.logStatement - select u1_0.`id`,u1_0.`city`,u1_0.`creation_date`,u1_0.`email`,u1_0.`last_login`,u1_0.`name`,u1_0.`nif`,u1_0.`password`,u1_0.`postal_code`,u1_0.`username` from `user` u1_0 where u1_0.`email`=?
2024-05-11 21:18:18.241 [http-nio-8080-exec-2] DEBUG org.hibernate.SQL.logStatement - select u1_0.`id` from `user` u1_0 where u1_0.`email`=?
2024-05-11 21:18:18.266 [http-nio-8080-exec-4] DEBUG org.hibernate.SQL.logStatement - SELECT ur.role_id FROM user u          INNER JOIN user_role ur ON u.id = ur.user_id WHERE u.id = ?
2024-05-11 21:18:19.702 [http-nio-8080-exec-3] DEBUG org.hibernate.SQL.logStatement - select p1_0.`id`,p1_0.`estado`,p1_0.`fecha_fin`,p1_0.`fecha_inicio`,p1_0.`total_pedido`,p1_0.`user_id` from `pedido` p1_0
2024-05-11 21:18:19.704 [http-nio-8080-exec-3] DEBUG org.hibernate.SQL.logStatement - select u1_0.`id`,u1_0.`city`,u1_0.`creation_date`,u1_0.`email`,u1_0.`last_login`,u1_0.`name`,u1_0.`nif`,u1_0.`password`,u1_0.`postal_code`,u1_0.`username`,r1_0.`user_id`,r1_1.`id`,r1_1.`name` from `user` u1_0 left join `user_role` r1_0 on u1_0.`id`=r1_0.`user_id` left join `rol` r1_1 on r1_1.`id`=r1_0.`role_id` where u1_0.`id`=?
2024-05-11 21:18:19.707 [http-nio-8080-exec-3] DEBUG org.hibernate.SQL.logStatement - select u1_0.`id`,u1_0.`city`,u1_0.`creation_date`,u1_0.`email`,u1_0.`last_login`,u1_0.`name`,u1_0.`nif`,u1_0.`password`,u1_0.`postal_code`,u1_0.`username`,r1_0.`user_id`,r1_1.`id`,r1_1.`name` from `user` u1_0 left join `user_role` r1_0 on u1_0.`id`=r1_0.`user_id` left join `rol` r1_1 on r1_1.`id`=r1_0.`role_id` where u1_0.`id`=?
2024-05-11 22:16:11.841 [http-nio-8080-exec-7] DEBUG org.hibernate.SQL.logStatement - select p1_0.`id`,p1_0.`estado`,p1_0.`fecha_fin`,p1_0.`fecha_inicio`,p1_0.`total_pedido`,p1_0.`user_id` from `pedido` p1_0
2024-05-11 22:16:11.846 [http-nio-8080-exec-7] DEBUG org.hibernate.SQL.logStatement - select u1_0.`id`,u1_0.`city`,u1_0.`creation_date`,u1_0.`email`,u1_0.`last_login`,u1_0.`name`,u1_0.`nif`,u1_0.`password`,u1_0.`postal_code`,u1_0.`username`,r1_0.`user_id`,r1_1.`id`,r1_1.`name` from `user` u1_0 left join `user_role` r1_0 on u1_0.`id`=r1_0.`user_id` left join `rol` r1_1 on r1_1.`id`=r1_0.`role_id` where u1_0.`id`=?
2024-05-11 22:16:11.857 [http-nio-8080-exec-7] DEBUG org.hibernate.SQL.logStatement - select u1_0.`id`,u1_0.`city`,u1_0.`creation_date`,u1_0.`email`,u1_0.`last_login`,u1_0.`name`,u1_0.`nif`,u1_0.`password`,u1_0.`postal_code`,u1_0.`username`,r1_0.`user_id`,r1_1.`id`,r1_1.`name` from `user` u1_0 left join `user_role` r1_0 on u1_0.`id`=r1_0.`user_id` left join `rol` r1_1 on r1_1.`id`=r1_0.`role_id` where u1_0.`id`=?
2024-05-11 22:16:28.622 [http-nio-8080-exec-9] DEBUG org.hibernate.SQL.logStatement - select p1_0.`id`,p1_0.`estado`,p1_0.`fecha_fin`,p1_0.`fecha_inicio`,p1_0.`total_pedido`,p1_0.`user_id` from `pedido` p1_0
2024-05-11 22:16:28.625 [http-nio-8080-exec-9] DEBUG org.hibernate.SQL.logStatement - select u1_0.`id`,u1_0.`city`,u1_0.`creation_date`,u1_0.`email`,u1_0.`last_login`,u1_0.`name`,u1_0.`nif`,u1_0.`password`,u1_0.`postal_code`,u1_0.`username`,r1_0.`user_id`,r1_1.`id`,r1_1.`name` from `user` u1_0 left join `user_role` r1_0 on u1_0.`id`=r1_0.`user_id` left join `rol` r1_1 on r1_1.`id`=r1_0.`role_id` where u1_0.`id`=?
2024-05-11 22:16:28.630 [http-nio-8080-exec-9] DEBUG org.hibernate.SQL.logStatement - select u1_0.`id`,u1_0.`city`,u1_0.`creation_date`,u1_0.`email`,u1_0.`last_login`,u1_0.`name`,u1_0.`nif`,u1_0.`password`,u1_0.`postal_code`,u1_0.`username`,r1_0.`user_id`,r1_1.`id`,r1_1.`name` from `user` u1_0 left join `user_role` r1_0 on u1_0.`id`=r1_0.`user_id` left join `rol` r1_1 on r1_1.`id`=r1_0.`role_id` where u1_0.`id`=?
2024-05-11 22:16:31.672 [http-nio-8080-exec-10] DEBUG org.hibernate.SQL.logStatement - select p1_0.`id`,p1_0.`estado`,p1_0.`fecha_fin`,p1_0.`fecha_inicio`,p1_0.`total_pedido`,p1_0.`user_id` from `pedido` p1_0
2024-05-11 22:16:31.675 [http-nio-8080-exec-10] DEBUG org.hibernate.SQL.logStatement - select u1_0.`id`,u1_0.`city`,u1_0.`creation_date`,u1_0.`email`,u1_0.`last_login`,u1_0.`name`,u1_0.`nif`,u1_0.`password`,u1_0.`postal_code`,u1_0.`username`,r1_0.`user_id`,r1_1.`id`,r1_1.`name` from `user` u1_0 left join `user_role` r1_0 on u1_0.`id`=r1_0.`user_id` left join `rol` r1_1 on r1_1.`id`=r1_0.`role_id` where u1_0.`id`=?
2024-05-11 22:16:31.678 [http-nio-8080-exec-10] DEBUG org.hibernate.SQL.logStatement - select u1_0.`id`,u1_0.`city`,u1_0.`creation_date`,u1_0.`email`,u1_0.`last_login`,u1_0.`name`,u1_0.`nif`,u1_0.`password`,u1_0.`postal_code`,u1_0.`username`,r1_0.`user_id`,r1_1.`id`,r1_1.`name` from `user` u1_0 left join `user_role` r1_0 on u1_0.`id`=r1_0.`user_id` left join `rol` r1_1 on r1_1.`id`=r1_0.`role_id` where u1_0.`id`=?
