2024-06-07 12:45:05.514 [restartedMain] INFO  t.g.GestorRestauranteApplication.logStarting - Starting GestorRestauranteApplication using Java 21.0.2 with PID 5364 (C:\Users\ACR\Desktop\TFC\AARON\SPRINGBOOT\gestorRestaurante\target\classes started by ACR in C:\Users\ACR\Desktop\TFC\AARON\SPRINGBOOT\gestorRestaurante)
2024-06-07 12:45:05.525 [restartedMain] INFO  t.g.GestorRestauranteApplication.logStartupProfileInfo - No active profile set, falling back to 1 default profile: "default"
2024-06-07 12:45:05.577 [restartedMain] INFO  o.s.b.d.e.DevToolsPropertyDefaultsPostProcessor.logTo - Devtools property defaults active! Set 'spring.devtools.add-properties' to 'false' to disable
2024-06-07 12:45:05.578 [restartedMain] INFO  o.s.b.d.e.DevToolsPropertyDefaultsPostProcessor.logTo - For additional web related logging consider setting the 'logging.level.web' property to 'DEBUG'
2024-06-07 12:45:06.765 [restartedMain] INFO  o.s.d.r.c.RepositoryConfigurationDelegate.registerRepositoriesIn - Bootstrapping Spring Data JPA repositories in DEFAULT mode.
2024-06-07 12:45:06.846 [restartedMain] INFO  o.s.d.r.c.RepositoryConfigurationDelegate.registerRepositoriesIn - Finished Spring Data repository scanning in 71 ms. Found 5 JPA repository interfaces.
2024-06-07 12:45:07.616 [restartedMain] INFO  o.s.b.w.e.tomcat.TomcatWebServer.initialize - Tomcat initialized with port 8080 (http)
2024-06-07 12:45:07.629 [restartedMain] INFO  o.a.catalina.core.StandardService.log - Starting service [Tomcat]
2024-06-07 12:45:07.629 [restartedMain] INFO  o.a.catalina.core.StandardEngine.log - Starting Servlet engine: [Apache Tomcat/10.1.19]
2024-06-07 12:45:07.697 [restartedMain] INFO  o.a.c.c.C.[Tomcat].[localhost].[/].log - Initializing Spring embedded WebApplicationContext
2024-06-07 12:45:07.697 [restartedMain] INFO  o.s.b.w.s.c.ServletWebServerApplicationContext.prepareWebApplicationContext - Root WebApplicationContext: initialization completed in 2117 ms
2024-06-07 12:45:07.847 [restartedMain] WARN  o.s.b.a.o.j.JpaBaseConfiguration$JpaWebConfiguration.openEntityManagerInViewInterceptor - spring.jpa.open-in-view is enabled by default. Therefore, database queries may be performed during view rendering. Explicitly configure spring.jpa.open-in-view to disable this warning
2024-06-07 12:45:07.970 [restartedMain] INFO  o.h.jpa.internal.util.LogHelper.logPersistenceUnitInformation - HHH000204: Processing PersistenceUnitInfo [name: default]
2024-06-07 12:45:08.048 [restartedMain] INFO  org.hibernate.Version.logVersion - HHH000412: Hibernate ORM core version 6.4.4.Final
2024-06-07 12:45:08.097 [restartedMain] INFO  o.h.c.i.RegionFactoryInitiator.initiateService - HHH000026: Second-level cache disabled
2024-06-07 12:45:08.357 [restartedMain] INFO  o.s.o.j.p.SpringPersistenceUnitInfo.addTransformer - No LoadTimeWeaver setup: ignoring JPA class transformer
2024-06-07 12:45:08.390 [restartedMain] INFO  com.zaxxer.hikari.HikariDataSource.getConnection - HikariPool-1 - Starting...
2024-06-07 12:45:08.498 [restartedMain] INFO  com.zaxxer.hikari.pool.HikariPool.checkFailFast - HikariPool-1 - Added connection org.mariadb.jdbc.Connection@9f00b46
2024-06-07 12:45:08.504 [restartedMain] INFO  com.zaxxer.hikari.HikariDataSource.getConnection - HikariPool-1 - Start completed.
2024-06-07 12:45:09.738 [restartedMain] INFO  o.h.e.t.j.p.i.JtaPlatformInitiator.initiateService - HHH000489: No JTA platform available (set 'hibernate.transaction.jta.platform' to enable JTA platform integration)
2024-06-07 12:45:09.845 [restartedMain] INFO  o.s.o.j.LocalContainerEntityManagerFactoryBean.buildNativeEntityManagerFactory - Initialized JPA EntityManagerFactory for persistence unit 'default'
2024-06-07 12:45:10.346 [restartedMain] INFO  o.s.d.j.r.query.QueryEnhancerFactory.<clinit> - Hibernate is in classpath; If applicable, HQL parser will be used.
2024-06-07 12:45:11.696 [restartedMain] INFO  o.s.s.web.DefaultSecurityFilterChain.<init> - Will secure any request with [org.springframework.security.web.session.DisableEncodeUrlFilter@4bfaa869, org.springframework.security.web.context.request.async.WebAsyncManagerIntegrationFilter@50d01789, org.springframework.security.web.context.SecurityContextHolderFilter@318de7c3, org.springframework.security.web.header.HeaderWriterFilter@5220e234, org.springframework.security.web.authentication.logout.LogoutFilter@190ab1dd, tfc.gestorRestaurante.security.JwtAuthenticationFilter@5a5d2087, org.springframework.security.web.savedrequest.RequestCacheAwareFilter@6a304763, org.springframework.security.web.servletapi.SecurityContextHolderAwareRequestFilter@48c45cbc, org.springframework.security.web.authentication.AnonymousAuthenticationFilter@6e7ebf99, org.springframework.security.web.session.SessionManagementFilter@4115e8d9, org.springframework.security.web.access.ExceptionTranslationFilter@4b4eab92, org.springframework.security.web.access.intercept.AuthorizationFilter@51094718]
2024-06-07 12:45:12.155 [restartedMain] INFO  o.s.b.d.a.OptionalLiveReloadServer.startServer - LiveReload server is running on port 35729
2024-06-07 12:45:12.201 [restartedMain] INFO  o.s.b.w.e.tomcat.TomcatWebServer.start - Tomcat started on port 8080 (http) with context path ''
2024-06-07 12:45:12.211 [restartedMain] INFO  t.g.GestorRestauranteApplication.logStarted - Started GestorRestauranteApplication in 7.495 seconds (process running for 8.995)
2024-06-07 13:21:45.693 [http-nio-8080-exec-1] INFO  o.a.c.c.C.[Tomcat].[localhost].[/].log - Initializing Spring DispatcherServlet 'dispatcherServlet'
2024-06-07 13:21:45.706 [http-nio-8080-exec-1] INFO  o.s.web.servlet.DispatcherServlet.initServletBean - Initializing Servlet 'dispatcherServlet'
2024-06-07 13:21:45.781 [http-nio-8080-exec-1] INFO  o.s.web.servlet.DispatcherServlet.initServletBean - Completed initialization in 71 ms
2024-06-07 13:21:46.634 [http-nio-8080-exec-1] DEBUG org.hibernate.SQL.logStatement - select u1_0.`id`,u1_0.`city`,u1_0.`creation_date`,u1_0.`email`,u1_0.`last_login`,u1_0.`name`,u1_0.`nif`,u1_0.`password`,u1_0.`postal_code`,u1_0.`username` from `user` u1_0 where u1_0.`username`=?
2024-06-07 13:21:46.734 [http-nio-8080-exec-1] DEBUG org.hibernate.SQL.logStatement - select r1_0.`user_id`,r1_1.`id`,r1_1.`name` from `user_role` r1_0 join `rol` r1_1 on r1_1.`id`=r1_0.`role_id` where r1_0.`user_id`=?
2024-06-07 13:21:46.835 [http-nio-8080-exec-1] DEBUG org.hibernate.SQL.logStatement - select u1_0.`id`,u1_0.`city`,u1_0.`creation_date`,u1_0.`email`,u1_0.`last_login`,u1_0.`name`,u1_0.`nif`,u1_0.`password`,u1_0.`postal_code`,u1_0.`username` from `user` u1_0 where u1_0.`email`=?
2024-06-07 13:21:47.041 [http-nio-8080-exec-1] DEBUG org.hibernate.SQL.logStatement - select u1_0.`id` from `user` u1_0 where u1_0.`email`=?
2024-06-07 13:21:47.119 [http-nio-8080-exec-2] DEBUG org.hibernate.SQL.logStatement - SELECT ur.role_id FROM user u          INNER JOIN user_role ur ON u.id = ur.user_id WHERE u.id = ?
2024-06-07 13:21:47.399 [http-nio-8080-exec-3] DEBUG org.hibernate.SQL.logStatement - select p1_0.`id`,p1_0.`descripcion`,p1_0.`image`,p1_0.`ingredientes`,p1_0.`nombre`,p1_0.`nombre_categoria`,p1_0.`precio` from `producto` p1_0
2024-06-07 13:27:32.948 [http-nio-8080-exec-5] DEBUG org.hibernate.SQL.logStatement - select u1_0.`id`,u1_0.`city`,u1_0.`creation_date`,u1_0.`email`,u1_0.`last_login`,u1_0.`name`,u1_0.`nif`,u1_0.`password`,u1_0.`postal_code`,u1_0.`username` from `user` u1_0 where u1_0.`username`=?
2024-06-07 13:27:32.956 [http-nio-8080-exec-5] DEBUG org.hibernate.SQL.logStatement - select r1_0.`user_id`,r1_1.`id`,r1_1.`name` from `user_role` r1_0 join `rol` r1_1 on r1_1.`id`=r1_0.`role_id` where r1_0.`user_id`=?
2024-06-07 13:27:33.066 [http-nio-8080-exec-5] DEBUG org.hibernate.SQL.logStatement - select u1_0.`id`,u1_0.`city`,u1_0.`creation_date`,u1_0.`email`,u1_0.`last_login`,u1_0.`name`,u1_0.`nif`,u1_0.`password`,u1_0.`postal_code`,u1_0.`username` from `user` u1_0 where u1_0.`email`=?
2024-06-07 13:27:33.097 [http-nio-8080-exec-6] DEBUG org.hibernate.SQL.logStatement - select u1_0.`id` from `user` u1_0 where u1_0.`email`=?
2024-06-07 13:27:33.129 [http-nio-8080-exec-7] DEBUG org.hibernate.SQL.logStatement - SELECT ur.role_id FROM user u          INNER JOIN user_role ur ON u.id = ur.user_id WHERE u.id = ?
2024-06-07 13:27:33.328 [http-nio-8080-exec-8] DEBUG org.hibernate.SQL.logStatement - select p1_0.`id`,p1_0.`descripcion`,p1_0.`image`,p1_0.`ingredientes`,p1_0.`nombre`,p1_0.`nombre_categoria`,p1_0.`precio` from `producto` p1_0
2024-06-07 13:34:12.254 [http-nio-8080-exec-10] DEBUG org.hibernate.SQL.logStatement - select u1_0.`id`,u1_0.`city`,u1_0.`creation_date`,u1_0.`email`,u1_0.`last_login`,u1_0.`name`,u1_0.`nif`,u1_0.`password`,u1_0.`postal_code`,u1_0.`username` from `user` u1_0 where u1_0.`username`=?
2024-06-07 13:34:12.261 [http-nio-8080-exec-10] DEBUG org.hibernate.SQL.logStatement - select r1_0.`user_id`,r1_1.`id`,r1_1.`name` from `user_role` r1_0 join `rol` r1_1 on r1_1.`id`=r1_0.`role_id` where r1_0.`user_id`=?
2024-06-07 13:34:12.367 [http-nio-8080-exec-10] DEBUG org.hibernate.SQL.logStatement - select u1_0.`id`,u1_0.`city`,u1_0.`creation_date`,u1_0.`email`,u1_0.`last_login`,u1_0.`name`,u1_0.`nif`,u1_0.`password`,u1_0.`postal_code`,u1_0.`username` from `user` u1_0 where u1_0.`email`=?
2024-06-07 13:34:12.445 [http-nio-8080-exec-1] DEBUG org.hibernate.SQL.logStatement - select u1_0.`id` from `user` u1_0 where u1_0.`email`=?
2024-06-07 13:34:12.602 [http-nio-8080-exec-2] DEBUG org.hibernate.SQL.logStatement - SELECT ur.role_id FROM user u          INNER JOIN user_role ur ON u.id = ur.user_id WHERE u.id = ?
2024-06-07 13:34:13.641 [http-nio-8080-exec-3] DEBUG org.hibernate.SQL.logStatement - select p1_0.`id`,p1_0.`descripcion`,p1_0.`image`,p1_0.`ingredientes`,p1_0.`nombre`,p1_0.`nombre_categoria`,p1_0.`precio` from `producto` p1_0
2024-06-07 13:34:30.568 [http-nio-8080-exec-4] DEBUG org.hibernate.SQL.logStatement - select u1_0.`id`,u1_0.`city`,u1_0.`creation_date`,u1_0.`email`,u1_0.`last_login`,u1_0.`name`,u1_0.`nif`,u1_0.`password`,u1_0.`postal_code`,u1_0.`username` from `user` u1_0 where u1_0.`username`=?
2024-06-07 13:34:30.572 [http-nio-8080-exec-4] DEBUG org.hibernate.SQL.logStatement - select r1_0.`user_id`,r1_1.`id`,r1_1.`name` from `user_role` r1_0 join `rol` r1_1 on r1_1.`id`=r1_0.`role_id` where r1_0.`user_id`=?
2024-06-07 13:34:30.678 [http-nio-8080-exec-4] DEBUG org.hibernate.SQL.logStatement - select u1_0.`id`,u1_0.`city`,u1_0.`creation_date`,u1_0.`email`,u1_0.`last_login`,u1_0.`name`,u1_0.`nif`,u1_0.`password`,u1_0.`postal_code`,u1_0.`username` from `user` u1_0 where u1_0.`email`=?
2024-06-07 13:34:30.797 [http-nio-8080-exec-5] DEBUG org.hibernate.SQL.logStatement - select u1_0.`id` from `user` u1_0 where u1_0.`email`=?
2024-06-07 13:34:30.870 [http-nio-8080-exec-6] DEBUG org.hibernate.SQL.logStatement - SELECT ur.role_id FROM user u          INNER JOIN user_role ur ON u.id = ur.user_id WHERE u.id = ?
2024-06-07 13:34:31.762 [http-nio-8080-exec-7] DEBUG org.hibernate.SQL.logStatement - select p1_0.`id`,p1_0.`estado`,p1_0.`fecha_fin`,p1_0.`fecha_inicio`,p1_0.`total_pedido`,p1_0.`user_id` from `pedido` p1_0
2024-06-07 13:34:31.795 [http-nio-8080-exec-7] DEBUG org.hibernate.SQL.logStatement - select u1_0.`id`,u1_0.`city`,u1_0.`creation_date`,u1_0.`email`,u1_0.`last_login`,u1_0.`name`,u1_0.`nif`,u1_0.`password`,u1_0.`postal_code`,u1_0.`username`,r1_0.`user_id`,r1_1.`id`,r1_1.`name` from `user` u1_0 left join `user_role` r1_0 on u1_0.`id`=r1_0.`user_id` left join `rol` r1_1 on r1_1.`id`=r1_0.`role_id` where u1_0.`id`=?
2024-06-07 13:34:31.824 [http-nio-8080-exec-7] DEBUG org.hibernate.SQL.logStatement - select u1_0.`id`,u1_0.`city`,u1_0.`creation_date`,u1_0.`email`,u1_0.`last_login`,u1_0.`name`,u1_0.`nif`,u1_0.`password`,u1_0.`postal_code`,u1_0.`username`,r1_0.`user_id`,r1_1.`id`,r1_1.`name` from `user` u1_0 left join `user_role` r1_0 on u1_0.`id`=r1_0.`user_id` left join `rol` r1_1 on r1_1.`id`=r1_0.`role_id` where u1_0.`id`=?
2024-06-07 13:34:31.840 [http-nio-8080-exec-7] DEBUG org.hibernate.SQL.logStatement - select u1_0.`id`,u1_0.`city`,u1_0.`creation_date`,u1_0.`email`,u1_0.`last_login`,u1_0.`name`,u1_0.`nif`,u1_0.`password`,u1_0.`postal_code`,u1_0.`username`,r1_0.`user_id`,r1_1.`id`,r1_1.`name` from `user` u1_0 left join `user_role` r1_0 on u1_0.`id`=r1_0.`user_id` left join `rol` r1_1 on r1_1.`id`=r1_0.`role_id` where u1_0.`id`=?
2024-06-07 13:34:49.301 [http-nio-8080-exec-8] DEBUG org.hibernate.SQL.logStatement - select u1_0.`id`,u1_0.`city`,u1_0.`creation_date`,u1_0.`email`,u1_0.`last_login`,u1_0.`name`,u1_0.`nif`,u1_0.`password`,u1_0.`postal_code`,u1_0.`username` from `user` u1_0 where u1_0.`username`=?
2024-06-07 13:34:49.306 [http-nio-8080-exec-8] DEBUG org.hibernate.SQL.logStatement - select r1_0.`user_id`,r1_1.`id`,r1_1.`name` from `user_role` r1_0 join `rol` r1_1 on r1_1.`id`=r1_0.`role_id` where r1_0.`user_id`=?
2024-06-07 13:34:49.426 [http-nio-8080-exec-8] DEBUG org.hibernate.SQL.logStatement - select u1_0.`id`,u1_0.`city`,u1_0.`creation_date`,u1_0.`email`,u1_0.`last_login`,u1_0.`name`,u1_0.`nif`,u1_0.`password`,u1_0.`postal_code`,u1_0.`username` from `user` u1_0 where u1_0.`email`=?
2024-06-07 13:34:49.462 [http-nio-8080-exec-9] DEBUG org.hibernate.SQL.logStatement - select u1_0.`id` from `user` u1_0 where u1_0.`email`=?
2024-06-07 13:34:49.499 [http-nio-8080-exec-10] DEBUG org.hibernate.SQL.logStatement - SELECT ur.role_id FROM user u          INNER JOIN user_role ur ON u.id = ur.user_id WHERE u.id = ?
2024-06-07 13:37:45.578 [http-nio-8080-exec-2] DEBUG org.hibernate.SQL.logStatement - select u1_0.`id`,u1_0.`city`,u1_0.`creation_date`,u1_0.`email`,u1_0.`last_login`,u1_0.`name`,u1_0.`nif`,u1_0.`password`,u1_0.`postal_code`,u1_0.`username` from `user` u1_0 where u1_0.`username`=?
2024-06-07 13:37:45.582 [http-nio-8080-exec-2] DEBUG org.hibernate.SQL.logStatement - select r1_0.`user_id`,r1_1.`id`,r1_1.`name` from `user_role` r1_0 join `rol` r1_1 on r1_1.`id`=r1_0.`role_id` where r1_0.`user_id`=?
2024-06-07 13:37:45.670 [http-nio-8080-exec-2] DEBUG org.hibernate.SQL.logStatement - select u1_0.`id`,u1_0.`city`,u1_0.`creation_date`,u1_0.`email`,u1_0.`last_login`,u1_0.`name`,u1_0.`nif`,u1_0.`password`,u1_0.`postal_code`,u1_0.`username` from `user` u1_0 where u1_0.`email`=?
2024-06-07 13:37:45.692 [http-nio-8080-exec-3] DEBUG org.hibernate.SQL.logStatement - select u1_0.`id` from `user` u1_0 where u1_0.`email`=?
2024-06-07 13:37:45.722 [http-nio-8080-exec-4] DEBUG org.hibernate.SQL.logStatement - SELECT ur.role_id FROM user u          INNER JOIN user_role ur ON u.id = ur.user_id WHERE u.id = ?
2024-06-07 13:58:40.844 [http-nio-8080-exec-6] DEBUG org.hibernate.SQL.logStatement - select u1_0.`id`,u1_0.`city`,u1_0.`creation_date`,u1_0.`email`,u1_0.`last_login`,u1_0.`name`,u1_0.`nif`,u1_0.`password`,u1_0.`postal_code`,u1_0.`username` from `user` u1_0 where u1_0.`username`=?
2024-06-07 13:58:40.848 [http-nio-8080-exec-6] DEBUG org.hibernate.SQL.logStatement - select r1_0.`user_id`,r1_1.`id`,r1_1.`name` from `user_role` r1_0 join `rol` r1_1 on r1_1.`id`=r1_0.`role_id` where r1_0.`user_id`=?
2024-06-07 13:58:40.978 [http-nio-8080-exec-6] DEBUG org.hibernate.SQL.logStatement - select u1_0.`id`,u1_0.`city`,u1_0.`creation_date`,u1_0.`email`,u1_0.`last_login`,u1_0.`name`,u1_0.`nif`,u1_0.`password`,u1_0.`postal_code`,u1_0.`username` from `user` u1_0 where u1_0.`email`=?
2024-06-07 13:58:41.130 [http-nio-8080-exec-7] DEBUG org.hibernate.SQL.logStatement - select u1_0.`id` from `user` u1_0 where u1_0.`email`=?
2024-06-07 13:58:41.247 [http-nio-8080-exec-8] DEBUG org.hibernate.SQL.logStatement - SELECT ur.role_id FROM user u          INNER JOIN user_role ur ON u.id = ur.user_id WHERE u.id = ?
2024-06-07 13:58:41.778 [http-nio-8080-exec-9] DEBUG org.hibernate.SQL.logStatement - select p1_0.`id`,p1_0.`descripcion`,p1_0.`image`,p1_0.`ingredientes`,p1_0.`nombre`,p1_0.`nombre_categoria`,p1_0.`precio` from `producto` p1_0
2024-06-07 13:58:53.570 [http-nio-8080-exec-10] DEBUG org.hibernate.SQL.logStatement - select u1_0.`id`,u1_0.`city`,u1_0.`creation_date`,u1_0.`email`,u1_0.`last_login`,u1_0.`name`,u1_0.`nif`,u1_0.`password`,u1_0.`postal_code`,u1_0.`username` from `user` u1_0 where u1_0.`username`=?
2024-06-07 13:58:53.576 [http-nio-8080-exec-10] DEBUG org.hibernate.SQL.logStatement - select r1_0.`user_id`,r1_1.`id`,r1_1.`name` from `user_role` r1_0 join `rol` r1_1 on r1_1.`id`=r1_0.`role_id` where r1_0.`user_id`=?
2024-06-07 13:58:53.686 [http-nio-8080-exec-10] DEBUG org.hibernate.SQL.logStatement - select u1_0.`id`,u1_0.`city`,u1_0.`creation_date`,u1_0.`email`,u1_0.`last_login`,u1_0.`name`,u1_0.`nif`,u1_0.`password`,u1_0.`postal_code`,u1_0.`username` from `user` u1_0 where u1_0.`email`=?
2024-06-07 13:58:53.766 [http-nio-8080-exec-1] DEBUG org.hibernate.SQL.logStatement - select u1_0.`id` from `user` u1_0 where u1_0.`email`=?
2024-06-07 13:58:53.930 [http-nio-8080-exec-2] DEBUG org.hibernate.SQL.logStatement - SELECT ur.role_id FROM user u          INNER JOIN user_role ur ON u.id = ur.user_id WHERE u.id = ?
2024-06-07 13:58:54.298 [http-nio-8080-exec-3] DEBUG org.hibernate.SQL.logStatement - select p1_0.`id`,p1_0.`descripcion`,p1_0.`image`,p1_0.`ingredientes`,p1_0.`nombre`,p1_0.`nombre_categoria`,p1_0.`precio` from `producto` p1_0
2024-06-07 14:00:47.482 [http-nio-8080-exec-5] DEBUG org.hibernate.SQL.logStatement - select u1_0.`id`,u1_0.`city`,u1_0.`creation_date`,u1_0.`email`,u1_0.`last_login`,u1_0.`name`,u1_0.`nif`,u1_0.`password`,u1_0.`postal_code`,u1_0.`username` from `user` u1_0 where u1_0.`username`=?
2024-06-07 14:00:47.488 [http-nio-8080-exec-5] DEBUG org.hibernate.SQL.logStatement - select r1_0.`user_id`,r1_1.`id`,r1_1.`name` from `user_role` r1_0 join `rol` r1_1 on r1_1.`id`=r1_0.`role_id` where r1_0.`user_id`=?
2024-06-07 14:00:47.664 [http-nio-8080-exec-5] DEBUG org.hibernate.SQL.logStatement - select u1_0.`id`,u1_0.`city`,u1_0.`creation_date`,u1_0.`email`,u1_0.`last_login`,u1_0.`name`,u1_0.`nif`,u1_0.`password`,u1_0.`postal_code`,u1_0.`username` from `user` u1_0 where u1_0.`email`=?
2024-06-07 14:00:47.792 [http-nio-8080-exec-6] DEBUG org.hibernate.SQL.logStatement - select u1_0.`id` from `user` u1_0 where u1_0.`email`=?
2024-06-07 14:00:48.104 [http-nio-8080-exec-7] DEBUG org.hibernate.SQL.logStatement - SELECT ur.role_id FROM user u          INNER JOIN user_role ur ON u.id = ur.user_id WHERE u.id = ?
2024-06-07 14:00:48.700 [http-nio-8080-exec-8] DEBUG org.hibernate.SQL.logStatement - select p1_0.`id`,p1_0.`descripcion`,p1_0.`image`,p1_0.`ingredientes`,p1_0.`nombre`,p1_0.`nombre_categoria`,p1_0.`precio` from `producto` p1_0
2024-06-07 14:00:57.099 [http-nio-8080-exec-9] DEBUG org.hibernate.SQL.logStatement - select u1_0.`id`,u1_0.`city`,u1_0.`creation_date`,u1_0.`email`,u1_0.`last_login`,u1_0.`name`,u1_0.`nif`,u1_0.`password`,u1_0.`postal_code`,u1_0.`username` from `user` u1_0 where u1_0.`username`=?
2024-06-07 14:00:57.102 [http-nio-8080-exec-9] DEBUG org.hibernate.SQL.logStatement - select r1_0.`user_id`,r1_1.`id`,r1_1.`name` from `user_role` r1_0 join `rol` r1_1 on r1_1.`id`=r1_0.`role_id` where r1_0.`user_id`=?
2024-06-07 14:00:57.217 [http-nio-8080-exec-9] DEBUG org.hibernate.SQL.logStatement - select u1_0.`id`,u1_0.`city`,u1_0.`creation_date`,u1_0.`email`,u1_0.`last_login`,u1_0.`name`,u1_0.`nif`,u1_0.`password`,u1_0.`postal_code`,u1_0.`username` from `user` u1_0 where u1_0.`email`=?
2024-06-07 14:00:57.240 [http-nio-8080-exec-10] DEBUG org.hibernate.SQL.logStatement - select u1_0.`id` from `user` u1_0 where u1_0.`email`=?
2024-06-07 14:00:57.295 [http-nio-8080-exec-1] DEBUG org.hibernate.SQL.logStatement - SELECT ur.role_id FROM user u          INNER JOIN user_role ur ON u.id = ur.user_id WHERE u.id = ?
2024-06-07 14:00:57.699 [http-nio-8080-exec-2] DEBUG org.hibernate.SQL.logStatement - select p1_0.`id`,p1_0.`descripcion`,p1_0.`image`,p1_0.`ingredientes`,p1_0.`nombre`,p1_0.`nombre_categoria`,p1_0.`precio` from `producto` p1_0
2024-06-07 14:01:10.988 [http-nio-8080-exec-3] DEBUG org.hibernate.SQL.logStatement - select u1_0.`id`,u1_0.`city`,u1_0.`creation_date`,u1_0.`email`,u1_0.`last_login`,u1_0.`name`,u1_0.`nif`,u1_0.`password`,u1_0.`postal_code`,u1_0.`username` from `user` u1_0 where u1_0.`username`=?
2024-06-07 14:01:10.993 [http-nio-8080-exec-3] DEBUG org.hibernate.SQL.logStatement - select r1_0.`user_id`,r1_1.`id`,r1_1.`name` from `user_role` r1_0 join `rol` r1_1 on r1_1.`id`=r1_0.`role_id` where r1_0.`user_id`=?
2024-06-07 14:01:11.103 [http-nio-8080-exec-3] DEBUG org.hibernate.SQL.logStatement - select u1_0.`id`,u1_0.`city`,u1_0.`creation_date`,u1_0.`email`,u1_0.`last_login`,u1_0.`name`,u1_0.`nif`,u1_0.`password`,u1_0.`postal_code`,u1_0.`username` from `user` u1_0 where u1_0.`email`=?
2024-06-07 14:01:11.178 [http-nio-8080-exec-4] DEBUG org.hibernate.SQL.logStatement - select u1_0.`id` from `user` u1_0 where u1_0.`email`=?
2024-06-07 14:01:11.282 [http-nio-8080-exec-5] DEBUG org.hibernate.SQL.logStatement - SELECT ur.role_id FROM user u          INNER JOIN user_role ur ON u.id = ur.user_id WHERE u.id = ?
2024-06-07 14:01:11.798 [http-nio-8080-exec-6] DEBUG org.hibernate.SQL.logStatement - select p1_0.`id`,p1_0.`descripcion`,p1_0.`image`,p1_0.`ingredientes`,p1_0.`nombre`,p1_0.`nombre_categoria`,p1_0.`precio` from `producto` p1_0
2024-06-07 14:02:43.418 [http-nio-8080-exec-8] DEBUG org.hibernate.SQL.logStatement - select u1_0.`id`,u1_0.`city`,u1_0.`creation_date`,u1_0.`email`,u1_0.`last_login`,u1_0.`name`,u1_0.`nif`,u1_0.`password`,u1_0.`postal_code`,u1_0.`username`,r1_0.`user_id`,r1_1.`id`,r1_1.`name` from `user` u1_0 left join `user_role` r1_0 on u1_0.`id`=r1_0.`user_id` left join `rol` r1_1 on r1_1.`id`=r1_0.`role_id` where u1_0.`id`=?
2024-06-07 14:02:43.516 [http-nio-8080-exec-8] DEBUG org.hibernate.SQL.logStatement - insert into `pedido` (`estado`,`fecha_fin`,`fecha_inicio`,`total_pedido`,`user_id`) values (?,?,?,?,?)
2024-06-07 14:02:43.554 [http-nio-8080-exec-8] DEBUG org.hibernate.SQL.logStatement - insert into `detalle_pedido` (`cantidad_detalle_pedido`,`pedido_id`,`precio_detalle_pedido`,`producto_id`) values (?,?,?,?)
2024-06-07 14:02:43.564 [http-nio-8080-exec-8] DEBUG org.hibernate.SQL.logStatement - insert into `detalle_pedido` (`cantidad_detalle_pedido`,`pedido_id`,`precio_detalle_pedido`,`producto_id`) values (?,?,?,?)
2024-06-07 14:02:43.567 [http-nio-8080-exec-8] DEBUG org.hibernate.SQL.logStatement - insert into `detalle_pedido` (`cantidad_detalle_pedido`,`pedido_id`,`precio_detalle_pedido`,`producto_id`) values (?,?,?,?)
2024-06-07 14:02:43.813 [http-nio-8080-exec-9] DEBUG org.hibernate.SQL.logStatement - select p1_0.`id`,p1_0.`descripcion`,p1_0.`image`,p1_0.`ingredientes`,p1_0.`nombre`,p1_0.`nombre_categoria`,p1_0.`precio` from `producto` p1_0
2024-06-07 14:36:27.408 [http-nio-8080-exec-1] DEBUG org.hibernate.SQL.logStatement - select u1_0.`id`,u1_0.`city`,u1_0.`creation_date`,u1_0.`email`,u1_0.`last_login`,u1_0.`name`,u1_0.`nif`,u1_0.`password`,u1_0.`postal_code`,u1_0.`username` from `user` u1_0 where u1_0.`username`=?
2024-06-07 14:36:27.424 [http-nio-8080-exec-1] DEBUG org.hibernate.SQL.logStatement - select r1_0.`user_id`,r1_1.`id`,r1_1.`name` from `user_role` r1_0 join `rol` r1_1 on r1_1.`id`=r1_0.`role_id` where r1_0.`user_id`=?
2024-06-07 14:36:27.539 [http-nio-8080-exec-1] DEBUG org.hibernate.SQL.logStatement - select u1_0.`id`,u1_0.`city`,u1_0.`creation_date`,u1_0.`email`,u1_0.`last_login`,u1_0.`name`,u1_0.`nif`,u1_0.`password`,u1_0.`postal_code`,u1_0.`username` from `user` u1_0 where u1_0.`email`=?
2024-06-07 14:36:27.582 [http-nio-8080-exec-2] DEBUG org.hibernate.SQL.logStatement - select u1_0.`id` from `user` u1_0 where u1_0.`email`=?
2024-06-07 14:36:27.709 [http-nio-8080-exec-3] DEBUG org.hibernate.SQL.logStatement - SELECT ur.role_id FROM user u          INNER JOIN user_role ur ON u.id = ur.user_id WHERE u.id = ?
2024-06-07 14:36:50.888 [http-nio-8080-exec-4] DEBUG org.hibernate.SQL.logStatement - select p1_0.`id`,p1_0.`descripcion`,p1_0.`image`,p1_0.`ingredientes`,p1_0.`nombre`,p1_0.`nombre_categoria`,p1_0.`precio` from `producto` p1_0
2024-06-07 14:36:52.488 [http-nio-8080-exec-5] DEBUG org.hibernate.SQL.logStatement - select p1_0.`id`,p1_0.`descripcion`,p1_0.`image`,p1_0.`ingredientes`,p1_0.`nombre`,p1_0.`nombre_categoria`,p1_0.`precio` from `producto` p1_0 where p1_0.`id`=?
2024-06-07 14:36:58.443 [http-nio-8080-exec-6] DEBUG org.hibernate.SQL.logStatement - select p1_0.`id`,p1_0.`descripcion`,p1_0.`image`,p1_0.`ingredientes`,p1_0.`nombre`,p1_0.`nombre_categoria`,p1_0.`precio` from `producto` p1_0 where p1_0.`id`=?
2024-06-07 14:36:58.567 [http-nio-8080-exec-6] DEBUG org.hibernate.SQL.logStatement - update `producto` set `descripcion`=?,`image`=?,`ingredientes`=?,`nombre`=?,`nombre_categoria`=?,`precio`=? where `id`=?
2024-06-07 14:36:58.993 [http-nio-8080-exec-7] DEBUG org.hibernate.SQL.logStatement - select p1_0.`id`,p1_0.`descripcion`,p1_0.`image`,p1_0.`ingredientes`,p1_0.`nombre`,p1_0.`nombre_categoria`,p1_0.`precio` from `producto` p1_0
2024-06-07 15:20:17.706 [http-nio-8080-exec-9] DEBUG org.hibernate.SQL.logStatement - select u1_0.`id`,u1_0.`city`,u1_0.`creation_date`,u1_0.`email`,u1_0.`last_login`,u1_0.`name`,u1_0.`nif`,u1_0.`password`,u1_0.`postal_code`,u1_0.`username` from `user` u1_0 where u1_0.`username`=?
2024-06-07 15:20:17.748 [http-nio-8080-exec-9] DEBUG org.hibernate.SQL.logStatement - select r1_0.`user_id`,r1_1.`id`,r1_1.`name` from `user_role` r1_0 join `rol` r1_1 on r1_1.`id`=r1_0.`role_id` where r1_0.`user_id`=?
2024-06-07 15:20:17.864 [http-nio-8080-exec-9] DEBUG org.hibernate.SQL.logStatement - select u1_0.`id`,u1_0.`city`,u1_0.`creation_date`,u1_0.`email`,u1_0.`last_login`,u1_0.`name`,u1_0.`nif`,u1_0.`password`,u1_0.`postal_code`,u1_0.`username` from `user` u1_0 where u1_0.`email`=?
2024-06-07 15:20:17.961 [http-nio-8080-exec-10] DEBUG org.hibernate.SQL.logStatement - select u1_0.`id` from `user` u1_0 where u1_0.`email`=?
2024-06-07 15:20:18.072 [http-nio-8080-exec-1] DEBUG org.hibernate.SQL.logStatement - SELECT ur.role_id FROM user u          INNER JOIN user_role ur ON u.id = ur.user_id WHERE u.id = ?
2024-06-07 15:20:22.876 [http-nio-8080-exec-2] DEBUG org.hibernate.SQL.logStatement - select p1_0.`id`,p1_0.`descripcion`,p1_0.`image`,p1_0.`ingredientes`,p1_0.`nombre`,p1_0.`nombre_categoria`,p1_0.`precio` from `producto` p1_0
2024-06-07 15:20:39.826 [http-nio-8080-exec-3] DEBUG org.hibernate.SQL.logStatement - select p1_0.`id`,p1_0.`descripcion`,p1_0.`image`,p1_0.`ingredientes`,p1_0.`nombre`,p1_0.`nombre_categoria`,p1_0.`precio` from `producto` p1_0 where p1_0.`id`=?
2024-06-07 15:20:39.981 [http-nio-8080-exec-3] DEBUG org.hibernate.SQL.logStatement - select dp1_0.`producto_id`,dp1_0.`id_detalle_pedido`,dp1_0.`cantidad_detalle_pedido`,p1_0.`id`,p1_0.`estado`,p1_0.`fecha_fin`,p1_0.`fecha_inicio`,p1_0.`total_pedido`,u1_0.`id`,u1_0.`city`,u1_0.`creation_date`,u1_0.`email`,u1_0.`last_login`,u1_0.`name`,u1_0.`nif`,u1_0.`password`,u1_0.`postal_code`,u1_0.`username`,dp1_0.`precio_detalle_pedido` from `detalle_pedido` dp1_0 left join `pedido` p1_0 on p1_0.`id`=dp1_0.`pedido_id` left join `user` u1_0 on u1_0.`id`=p1_0.`user_id` where dp1_0.`producto_id`=?
2024-06-07 15:20:40.008 [http-nio-8080-exec-3] DEBUG org.hibernate.SQL.logStatement - select r1_0.`user_id`,r1_1.`id`,r1_1.`name` from `user_role` r1_0 join `rol` r1_1 on r1_1.`id`=r1_0.`role_id` where r1_0.`user_id`=?
2024-06-07 15:20:40.131 [http-nio-8080-exec-3] DEBUG org.hibernate.SQL.logStatement - delete from `detalle_pedido` where `id_detalle_pedido`=?
2024-06-07 15:20:40.190 [http-nio-8080-exec-3] DEBUG org.hibernate.SQL.logStatement - delete from `producto` where `id`=?
2024-06-07 15:20:43.974 [http-nio-8080-exec-5] DEBUG org.hibernate.SQL.logStatement - select p1_0.`id`,p1_0.`descripcion`,p1_0.`image`,p1_0.`ingredientes`,p1_0.`nombre`,p1_0.`nombre_categoria`,p1_0.`precio` from `producto` p1_0
2024-06-07 15:21:13.642 [http-nio-8080-exec-6] DEBUG org.hibernate.SQL.logStatement - insert into `producto` (`descripcion`,`image`,`ingredientes`,`nombre`,`nombre_categoria`,`precio`) values (?,?,?,?,?,?)
2024-06-07 15:23:12.089 [http-nio-8080-exec-8] DEBUG org.hibernate.SQL.logStatement - select u1_0.`id`,u1_0.`city`,u1_0.`creation_date`,u1_0.`email`,u1_0.`last_login`,u1_0.`name`,u1_0.`nif`,u1_0.`password`,u1_0.`postal_code`,u1_0.`username` from `user` u1_0 where u1_0.`username`=?
2024-06-07 15:23:12.093 [http-nio-8080-exec-8] DEBUG org.hibernate.SQL.logStatement - select r1_0.`user_id`,r1_1.`id`,r1_1.`name` from `user_role` r1_0 join `rol` r1_1 on r1_1.`id`=r1_0.`role_id` where r1_0.`user_id`=?
2024-06-07 15:23:12.200 [http-nio-8080-exec-8] DEBUG org.hibernate.SQL.logStatement - select u1_0.`id`,u1_0.`city`,u1_0.`creation_date`,u1_0.`email`,u1_0.`last_login`,u1_0.`name`,u1_0.`nif`,u1_0.`password`,u1_0.`postal_code`,u1_0.`username` from `user` u1_0 where u1_0.`email`=?
2024-06-07 15:23:12.364 [http-nio-8080-exec-9] DEBUG org.hibernate.SQL.logStatement - select u1_0.`id` from `user` u1_0 where u1_0.`email`=?
2024-06-07 15:23:13.025 [http-nio-8080-exec-10] DEBUG org.hibernate.SQL.logStatement - SELECT ur.role_id FROM user u          INNER JOIN user_role ur ON u.id = ur.user_id WHERE u.id = ?
2024-06-07 15:23:15.854 [http-nio-8080-exec-1] DEBUG org.hibernate.SQL.logStatement - select p1_0.`id`,p1_0.`descripcion`,p1_0.`image`,p1_0.`ingredientes`,p1_0.`nombre`,p1_0.`nombre_categoria`,p1_0.`precio` from `producto` p1_0
2024-06-07 15:23:18.215 [http-nio-8080-exec-2] DEBUG org.hibernate.SQL.logStatement - select p1_0.`id`,p1_0.`descripcion`,p1_0.`image`,p1_0.`ingredientes`,p1_0.`nombre`,p1_0.`nombre_categoria`,p1_0.`precio` from `producto` p1_0 where p1_0.`id`=?
2024-06-07 15:23:26.385 [http-nio-8080-exec-3] DEBUG org.hibernate.SQL.logStatement - select p1_0.`id`,p1_0.`descripcion`,p1_0.`image`,p1_0.`ingredientes`,p1_0.`nombre`,p1_0.`nombre_categoria`,p1_0.`precio` from `producto` p1_0 where p1_0.`id`=?
2024-06-07 15:23:32.155 [http-nio-8080-exec-4] DEBUG org.hibernate.SQL.logStatement - select p1_0.`id`,p1_0.`descripcion`,p1_0.`image`,p1_0.`ingredientes`,p1_0.`nombre`,p1_0.`nombre_categoria`,p1_0.`precio` from `producto` p1_0 where p1_0.`id`=?
2024-06-07 15:23:32.161 [http-nio-8080-exec-4] DEBUG org.hibernate.SQL.logStatement - update `producto` set `descripcion`=?,`image`=?,`ingredientes`=?,`nombre`=?,`nombre_categoria`=?,`precio`=? where `id`=?
2024-06-07 15:23:32.945 [http-nio-8080-exec-5] DEBUG org.hibernate.SQL.logStatement - select p1_0.`id`,p1_0.`descripcion`,p1_0.`image`,p1_0.`ingredientes`,p1_0.`nombre`,p1_0.`nombre_categoria`,p1_0.`precio` from `producto` p1_0
2024-06-07 15:23:40.980 [http-nio-8080-exec-6] DEBUG org.hibernate.SQL.logStatement - select p1_0.`id`,p1_0.`descripcion`,p1_0.`image`,p1_0.`ingredientes`,p1_0.`nombre`,p1_0.`nombre_categoria`,p1_0.`precio` from `producto` p1_0 where p1_0.`id`=?
2024-06-07 15:23:40.983 [http-nio-8080-exec-6] DEBUG org.hibernate.SQL.logStatement - select dp1_0.`producto_id`,dp1_0.`id_detalle_pedido`,dp1_0.`cantidad_detalle_pedido`,p1_0.`id`,p1_0.`estado`,p1_0.`fecha_fin`,p1_0.`fecha_inicio`,p1_0.`total_pedido`,u1_0.`id`,u1_0.`city`,u1_0.`creation_date`,u1_0.`email`,u1_0.`last_login`,u1_0.`name`,u1_0.`nif`,u1_0.`password`,u1_0.`postal_code`,u1_0.`username`,dp1_0.`precio_detalle_pedido` from `detalle_pedido` dp1_0 left join `pedido` p1_0 on p1_0.`id`=dp1_0.`pedido_id` left join `user` u1_0 on u1_0.`id`=p1_0.`user_id` where dp1_0.`producto_id`=?
2024-06-07 15:23:40.986 [http-nio-8080-exec-6] DEBUG org.hibernate.SQL.logStatement - delete from `producto` where `id`=?
2024-06-07 15:23:41.046 [http-nio-8080-exec-7] DEBUG org.hibernate.SQL.logStatement - select p1_0.`id`,p1_0.`descripcion`,p1_0.`image`,p1_0.`ingredientes`,p1_0.`nombre`,p1_0.`nombre_categoria`,p1_0.`precio` from `producto` p1_0
2024-06-07 15:23:47.232 [http-nio-8080-exec-8] DEBUG org.hibernate.SQL.logStatement - insert into `producto` (`descripcion`,`image`,`ingredientes`,`nombre`,`nombre_categoria`,`precio`) values (?,?,?,?,?,?)
2024-06-07 15:23:47.277 [http-nio-8080-exec-9] DEBUG org.hibernate.SQL.logStatement - select p1_0.`id`,p1_0.`descripcion`,p1_0.`image`,p1_0.`ingredientes`,p1_0.`nombre`,p1_0.`nombre_categoria`,p1_0.`precio` from `producto` p1_0
2024-06-07 15:23:55.300 [http-nio-8080-exec-10] DEBUG org.hibernate.SQL.logStatement - select p1_0.`id`,p1_0.`estado`,p1_0.`fecha_fin`,p1_0.`fecha_inicio`,p1_0.`total_pedido`,p1_0.`user_id` from `pedido` p1_0
2024-06-07 15:23:55.306 [http-nio-8080-exec-10] DEBUG org.hibernate.SQL.logStatement - select u1_0.`id`,u1_0.`city`,u1_0.`creation_date`,u1_0.`email`,u1_0.`last_login`,u1_0.`name`,u1_0.`nif`,u1_0.`password`,u1_0.`postal_code`,u1_0.`username`,r1_0.`user_id`,r1_1.`id`,r1_1.`name` from `user` u1_0 left join `user_role` r1_0 on u1_0.`id`=r1_0.`user_id` left join `rol` r1_1 on r1_1.`id`=r1_0.`role_id` where u1_0.`id`=?
2024-06-07 15:23:55.315 [http-nio-8080-exec-10] DEBUG org.hibernate.SQL.logStatement - select u1_0.`id`,u1_0.`city`,u1_0.`creation_date`,u1_0.`email`,u1_0.`last_login`,u1_0.`name`,u1_0.`nif`,u1_0.`password`,u1_0.`postal_code`,u1_0.`username`,r1_0.`user_id`,r1_1.`id`,r1_1.`name` from `user` u1_0 left join `user_role` r1_0 on u1_0.`id`=r1_0.`user_id` left join `rol` r1_1 on r1_1.`id`=r1_0.`role_id` where u1_0.`id`=?
2024-06-07 15:23:55.321 [http-nio-8080-exec-10] DEBUG org.hibernate.SQL.logStatement - select u1_0.`id`,u1_0.`city`,u1_0.`creation_date`,u1_0.`email`,u1_0.`last_login`,u1_0.`name`,u1_0.`nif`,u1_0.`password`,u1_0.`postal_code`,u1_0.`username`,r1_0.`user_id`,r1_1.`id`,r1_1.`name` from `user` u1_0 left join `user_role` r1_0 on u1_0.`id`=r1_0.`user_id` left join `rol` r1_1 on r1_1.`id`=r1_0.`role_id` where u1_0.`id`=?
2024-06-07 15:24:01.018 [http-nio-8080-exec-1] DEBUG org.hibernate.SQL.logStatement - select p1_0.`id`,p1_0.`estado`,p1_0.`fecha_fin`,p1_0.`fecha_inicio`,p1_0.`total_pedido`,u1_0.`id`,u1_0.`city`,u1_0.`creation_date`,u1_0.`email`,u1_0.`last_login`,u1_0.`name`,u1_0.`nif`,u1_0.`password`,u1_0.`postal_code`,u1_0.`username`,r1_0.`user_id`,r1_1.`id`,r1_1.`name` from `pedido` p1_0 left join `user` u1_0 on u1_0.`id`=p1_0.`user_id` left join `user_role` r1_0 on u1_0.`id`=r1_0.`user_id` left join `rol` r1_1 on r1_1.`id`=r1_0.`role_id` where p1_0.`id`=?
2024-06-07 15:24:01.037 [http-nio-8080-exec-1] DEBUG org.hibernate.SQL.logStatement - update `pedido` set `estado`=?,`fecha_fin`=? where `id`=?
2024-06-07 15:24:01.087 [http-nio-8080-exec-2] DEBUG org.hibernate.SQL.logStatement - select p1_0.`id`,p1_0.`estado`,p1_0.`fecha_fin`,p1_0.`fecha_inicio`,p1_0.`total_pedido`,p1_0.`user_id` from `pedido` p1_0
2024-06-07 15:24:01.089 [http-nio-8080-exec-2] DEBUG org.hibernate.SQL.logStatement - select u1_0.`id`,u1_0.`city`,u1_0.`creation_date`,u1_0.`email`,u1_0.`last_login`,u1_0.`name`,u1_0.`nif`,u1_0.`password`,u1_0.`postal_code`,u1_0.`username`,r1_0.`user_id`,r1_1.`id`,r1_1.`name` from `user` u1_0 left join `user_role` r1_0 on u1_0.`id`=r1_0.`user_id` left join `rol` r1_1 on r1_1.`id`=r1_0.`role_id` where u1_0.`id`=?
2024-06-07 15:24:01.097 [http-nio-8080-exec-2] DEBUG org.hibernate.SQL.logStatement - select u1_0.`id`,u1_0.`city`,u1_0.`creation_date`,u1_0.`email`,u1_0.`last_login`,u1_0.`name`,u1_0.`nif`,u1_0.`password`,u1_0.`postal_code`,u1_0.`username`,r1_0.`user_id`,r1_1.`id`,r1_1.`name` from `user` u1_0 left join `user_role` r1_0 on u1_0.`id`=r1_0.`user_id` left join `rol` r1_1 on r1_1.`id`=r1_0.`role_id` where u1_0.`id`=?
2024-06-07 15:24:01.101 [http-nio-8080-exec-2] DEBUG org.hibernate.SQL.logStatement - select u1_0.`id`,u1_0.`city`,u1_0.`creation_date`,u1_0.`email`,u1_0.`last_login`,u1_0.`name`,u1_0.`nif`,u1_0.`password`,u1_0.`postal_code`,u1_0.`username`,r1_0.`user_id`,r1_1.`id`,r1_1.`name` from `user` u1_0 left join `user_role` r1_0 on u1_0.`id`=r1_0.`user_id` left join `rol` r1_1 on r1_1.`id`=r1_0.`role_id` where u1_0.`id`=?
2024-06-07 15:24:54.360 [http-nio-8080-exec-3] DEBUG org.hibernate.SQL.logStatement - select p1_0.`id`,p1_0.`estado`,p1_0.`fecha_fin`,p1_0.`fecha_inicio`,p1_0.`total_pedido`,p1_0.`user_id` from `pedido` p1_0
2024-06-07 15:24:54.364 [http-nio-8080-exec-3] DEBUG org.hibernate.SQL.logStatement - select u1_0.`id`,u1_0.`city`,u1_0.`creation_date`,u1_0.`email`,u1_0.`last_login`,u1_0.`name`,u1_0.`nif`,u1_0.`password`,u1_0.`postal_code`,u1_0.`username`,r1_0.`user_id`,r1_1.`id`,r1_1.`name` from `user` u1_0 left join `user_role` r1_0 on u1_0.`id`=r1_0.`user_id` left join `rol` r1_1 on r1_1.`id`=r1_0.`role_id` where u1_0.`id`=?
2024-06-07 15:24:54.368 [http-nio-8080-exec-3] DEBUG org.hibernate.SQL.logStatement - select u1_0.`id`,u1_0.`city`,u1_0.`creation_date`,u1_0.`email`,u1_0.`last_login`,u1_0.`name`,u1_0.`nif`,u1_0.`password`,u1_0.`postal_code`,u1_0.`username`,r1_0.`user_id`,r1_1.`id`,r1_1.`name` from `user` u1_0 left join `user_role` r1_0 on u1_0.`id`=r1_0.`user_id` left join `rol` r1_1 on r1_1.`id`=r1_0.`role_id` where u1_0.`id`=?
2024-06-07 15:24:54.382 [http-nio-8080-exec-3] DEBUG org.hibernate.SQL.logStatement - select u1_0.`id`,u1_0.`city`,u1_0.`creation_date`,u1_0.`email`,u1_0.`last_login`,u1_0.`name`,u1_0.`nif`,u1_0.`password`,u1_0.`postal_code`,u1_0.`username`,r1_0.`user_id`,r1_1.`id`,r1_1.`name` from `user` u1_0 left join `user_role` r1_0 on u1_0.`id`=r1_0.`user_id` left join `rol` r1_1 on r1_1.`id`=r1_0.`role_id` where u1_0.`id`=?
2024-06-07 15:41:18.085 [http-nio-8080-exec-3] INFO  o.s.api.AbstractOpenApiResource.getOpenApi - Init duration for springdoc-openapi is: 559 ms
2024-06-07 15:46:29.644 [http-nio-8080-exec-8] DEBUG org.hibernate.SQL.logStatement - select u1_0.`id`,u1_0.`city`,u1_0.`creation_date`,u1_0.`email`,u1_0.`last_login`,u1_0.`name`,u1_0.`nif`,u1_0.`password`,u1_0.`postal_code`,u1_0.`username` from `user` u1_0 where u1_0.`username`=?
2024-06-07 15:46:29.647 [http-nio-8080-exec-8] DEBUG org.hibernate.SQL.logStatement - select r1_0.`user_id`,r1_1.`id`,r1_1.`name` from `user_role` r1_0 join `rol` r1_1 on r1_1.`id`=r1_0.`role_id` where r1_0.`user_id`=?
2024-06-07 15:46:29.737 [http-nio-8080-exec-8] DEBUG org.hibernate.SQL.logStatement - select u1_0.`id`,u1_0.`city`,u1_0.`creation_date`,u1_0.`email`,u1_0.`last_login`,u1_0.`name`,u1_0.`nif`,u1_0.`password`,u1_0.`postal_code`,u1_0.`username` from `user` u1_0 where u1_0.`email`=?
2024-06-07 15:46:29.751 [http-nio-8080-exec-10] DEBUG org.hibernate.SQL.logStatement - select u1_0.`id` from `user` u1_0 where u1_0.`email`=?
2024-06-07 15:46:29.775 [http-nio-8080-exec-1] DEBUG org.hibernate.SQL.logStatement - SELECT ur.role_id FROM user u          INNER JOIN user_role ur ON u.id = ur.user_id WHERE u.id = ?
2024-06-07 15:46:29.898 [http-nio-8080-exec-2] DEBUG org.hibernate.SQL.logStatement - select p1_0.`id`,p1_0.`descripcion`,p1_0.`image`,p1_0.`ingredientes`,p1_0.`nombre`,p1_0.`nombre_categoria`,p1_0.`precio` from `producto` p1_0
2024-06-07 15:46:42.019 [http-nio-8080-exec-3] DEBUG org.hibernate.SQL.logStatement - select p1_0.`id`,p1_0.`estado`,p1_0.`fecha_fin`,p1_0.`fecha_inicio`,p1_0.`total_pedido`,p1_0.`user_id` from `pedido` p1_0 left join `user` u1_0 on u1_0.`id`=p1_0.`user_id` where u1_0.`id`=?
2024-06-07 15:46:42.021 [http-nio-8080-exec-3] DEBUG org.hibernate.SQL.logStatement - select u1_0.`id`,u1_0.`city`,u1_0.`creation_date`,u1_0.`email`,u1_0.`last_login`,u1_0.`name`,u1_0.`nif`,u1_0.`password`,u1_0.`postal_code`,u1_0.`username`,r1_0.`user_id`,r1_1.`id`,r1_1.`name` from `user` u1_0 left join `user_role` r1_0 on u1_0.`id`=r1_0.`user_id` left join `rol` r1_1 on r1_1.`id`=r1_0.`role_id` where u1_0.`id`=?
2024-06-07 15:47:55.881 [http-nio-8080-exec-4] DEBUG org.hibernate.SQL.logStatement - select u1_0.`id`,u1_0.`city`,u1_0.`creation_date`,u1_0.`email`,u1_0.`last_login`,u1_0.`name`,u1_0.`nif`,u1_0.`password`,u1_0.`postal_code`,u1_0.`username` from `user` u1_0 where u1_0.`username`=?
2024-06-07 15:47:55.882 [http-nio-8080-exec-4] DEBUG org.hibernate.SQL.logStatement - select r1_0.`user_id`,r1_1.`id`,r1_1.`name` from `user_role` r1_0 join `rol` r1_1 on r1_1.`id`=r1_0.`role_id` where r1_0.`user_id`=?
2024-06-07 15:47:55.968 [http-nio-8080-exec-4] DEBUG org.hibernate.SQL.logStatement - select u1_0.`id`,u1_0.`city`,u1_0.`creation_date`,u1_0.`email`,u1_0.`last_login`,u1_0.`name`,u1_0.`nif`,u1_0.`password`,u1_0.`postal_code`,u1_0.`username` from `user` u1_0 where u1_0.`email`=?
2024-06-07 15:47:56.002 [http-nio-8080-exec-7] DEBUG org.hibernate.SQL.logStatement - select u1_0.`id` from `user` u1_0 where u1_0.`email`=?
2024-06-07 15:47:56.018 [http-nio-8080-exec-6] DEBUG org.hibernate.SQL.logStatement - SELECT ur.role_id FROM user u          INNER JOIN user_role ur ON u.id = ur.user_id WHERE u.id = ?
2024-06-07 15:47:56.130 [http-nio-8080-exec-9] DEBUG org.hibernate.SQL.logStatement - select p1_0.`id`,p1_0.`descripcion`,p1_0.`image`,p1_0.`ingredientes`,p1_0.`nombre`,p1_0.`nombre_categoria`,p1_0.`precio` from `producto` p1_0
2024-06-07 15:48:06.027 [http-nio-8080-exec-8] DEBUG org.hibernate.SQL.logStatement - select u1_0.`id`,u1_0.`city`,u1_0.`creation_date`,u1_0.`email`,u1_0.`last_login`,u1_0.`name`,u1_0.`nif`,u1_0.`password`,u1_0.`postal_code`,u1_0.`username`,r1_0.`user_id`,r1_1.`id`,r1_1.`name` from `user` u1_0 left join `user_role` r1_0 on u1_0.`id`=r1_0.`user_id` left join `rol` r1_1 on r1_1.`id`=r1_0.`role_id` where u1_0.`id`=?
2024-06-07 15:48:06.029 [http-nio-8080-exec-8] DEBUG org.hibernate.SQL.logStatement - insert into `pedido` (`estado`,`fecha_fin`,`fecha_inicio`,`total_pedido`,`user_id`) values (?,?,?,?,?)
2024-06-07 15:48:06.033 [http-nio-8080-exec-8] DEBUG org.hibernate.SQL.logStatement - insert into `detalle_pedido` (`cantidad_detalle_pedido`,`pedido_id`,`precio_detalle_pedido`,`producto_id`) values (?,?,?,?)
2024-06-07 15:48:06.034 [http-nio-8080-exec-8] DEBUG org.hibernate.SQL.logStatement - insert into `detalle_pedido` (`cantidad_detalle_pedido`,`pedido_id`,`precio_detalle_pedido`,`producto_id`) values (?,?,?,?)
2024-06-07 15:48:06.206 [http-nio-8080-exec-10] DEBUG org.hibernate.SQL.logStatement - select p1_0.`id`,p1_0.`descripcion`,p1_0.`image`,p1_0.`ingredientes`,p1_0.`nombre`,p1_0.`nombre_categoria`,p1_0.`precio` from `producto` p1_0
2024-06-07 15:48:46.727 [http-nio-8080-exec-1] DEBUG org.hibernate.SQL.logStatement - select u1_0.`id`,u1_0.`city`,u1_0.`creation_date`,u1_0.`email`,u1_0.`last_login`,u1_0.`name`,u1_0.`nif`,u1_0.`password`,u1_0.`postal_code`,u1_0.`username` from `user` u1_0 where u1_0.`username`=?
2024-06-07 15:48:46.729 [http-nio-8080-exec-1] DEBUG org.hibernate.SQL.logStatement - select r1_0.`user_id`,r1_1.`id`,r1_1.`name` from `user_role` r1_0 join `rol` r1_1 on r1_1.`id`=r1_0.`role_id` where r1_0.`user_id`=?
2024-06-07 15:48:46.815 [http-nio-8080-exec-1] DEBUG org.hibernate.SQL.logStatement - select u1_0.`id`,u1_0.`city`,u1_0.`creation_date`,u1_0.`email`,u1_0.`last_login`,u1_0.`name`,u1_0.`nif`,u1_0.`password`,u1_0.`postal_code`,u1_0.`username` from `user` u1_0 where u1_0.`email`=?
2024-06-07 15:48:47.033 [http-nio-8080-exec-2] DEBUG org.hibernate.SQL.logStatement - select u1_0.`id` from `user` u1_0 where u1_0.`email`=?
2024-06-07 15:48:47.184 [http-nio-8080-exec-3] DEBUG org.hibernate.SQL.logStatement - SELECT ur.role_id FROM user u          INNER JOIN user_role ur ON u.id = ur.user_id WHERE u.id = ?
2024-06-07 15:48:47.269 [http-nio-8080-exec-5] DEBUG org.hibernate.SQL.logStatement - select p1_0.`id`,p1_0.`estado`,p1_0.`fecha_fin`,p1_0.`fecha_inicio`,p1_0.`total_pedido`,p1_0.`user_id` from `pedido` p1_0
2024-06-07 15:48:47.270 [http-nio-8080-exec-5] DEBUG org.hibernate.SQL.logStatement - select u1_0.`id`,u1_0.`city`,u1_0.`creation_date`,u1_0.`email`,u1_0.`last_login`,u1_0.`name`,u1_0.`nif`,u1_0.`password`,u1_0.`postal_code`,u1_0.`username`,r1_0.`user_id`,r1_1.`id`,r1_1.`name` from `user` u1_0 left join `user_role` r1_0 on u1_0.`id`=r1_0.`user_id` left join `rol` r1_1 on r1_1.`id`=r1_0.`role_id` where u1_0.`id`=?
2024-06-07 15:48:47.272 [http-nio-8080-exec-5] DEBUG org.hibernate.SQL.logStatement - select u1_0.`id`,u1_0.`city`,u1_0.`creation_date`,u1_0.`email`,u1_0.`last_login`,u1_0.`name`,u1_0.`nif`,u1_0.`password`,u1_0.`postal_code`,u1_0.`username`,r1_0.`user_id`,r1_1.`id`,r1_1.`name` from `user` u1_0 left join `user_role` r1_0 on u1_0.`id`=r1_0.`user_id` left join `rol` r1_1 on r1_1.`id`=r1_0.`role_id` where u1_0.`id`=?
2024-06-07 15:48:47.275 [http-nio-8080-exec-5] DEBUG org.hibernate.SQL.logStatement - select u1_0.`id`,u1_0.`city`,u1_0.`creation_date`,u1_0.`email`,u1_0.`last_login`,u1_0.`name`,u1_0.`nif`,u1_0.`password`,u1_0.`postal_code`,u1_0.`username`,r1_0.`user_id`,r1_1.`id`,r1_1.`name` from `user` u1_0 left join `user_role` r1_0 on u1_0.`id`=r1_0.`user_id` left join `rol` r1_1 on r1_1.`id`=r1_0.`role_id` where u1_0.`id`=?
2024-06-07 15:48:52.960 [http-nio-8080-exec-4] DEBUG org.hibernate.SQL.logStatement - select p1_0.`id`,p1_0.`estado`,p1_0.`fecha_fin`,p1_0.`fecha_inicio`,p1_0.`total_pedido`,u1_0.`id`,u1_0.`city`,u1_0.`creation_date`,u1_0.`email`,u1_0.`last_login`,u1_0.`name`,u1_0.`nif`,u1_0.`password`,u1_0.`postal_code`,u1_0.`username`,r1_0.`user_id`,r1_1.`id`,r1_1.`name` from `pedido` p1_0 left join `user` u1_0 on u1_0.`id`=p1_0.`user_id` left join `user_role` r1_0 on u1_0.`id`=r1_0.`user_id` left join `rol` r1_1 on r1_1.`id`=r1_0.`role_id` where p1_0.`id`=?
2024-06-07 15:48:52.964 [http-nio-8080-exec-4] DEBUG org.hibernate.SQL.logStatement - update `pedido` set `estado`=?,`fecha_fin`=? where `id`=?
2024-06-07 15:48:53.047 [http-nio-8080-exec-7] DEBUG org.hibernate.SQL.logStatement - select p1_0.`id`,p1_0.`estado`,p1_0.`fecha_fin`,p1_0.`fecha_inicio`,p1_0.`total_pedido`,p1_0.`user_id` from `pedido` p1_0
2024-06-07 15:48:53.049 [http-nio-8080-exec-7] DEBUG org.hibernate.SQL.logStatement - select u1_0.`id`,u1_0.`city`,u1_0.`creation_date`,u1_0.`email`,u1_0.`last_login`,u1_0.`name`,u1_0.`nif`,u1_0.`password`,u1_0.`postal_code`,u1_0.`username`,r1_0.`user_id`,r1_1.`id`,r1_1.`name` from `user` u1_0 left join `user_role` r1_0 on u1_0.`id`=r1_0.`user_id` left join `rol` r1_1 on r1_1.`id`=r1_0.`role_id` where u1_0.`id`=?
2024-06-07 15:48:53.051 [http-nio-8080-exec-7] DEBUG org.hibernate.SQL.logStatement - select u1_0.`id`,u1_0.`city`,u1_0.`creation_date`,u1_0.`email`,u1_0.`last_login`,u1_0.`name`,u1_0.`nif`,u1_0.`password`,u1_0.`postal_code`,u1_0.`username`,r1_0.`user_id`,r1_1.`id`,r1_1.`name` from `user` u1_0 left join `user_role` r1_0 on u1_0.`id`=r1_0.`user_id` left join `rol` r1_1 on r1_1.`id`=r1_0.`role_id` where u1_0.`id`=?
2024-06-07 15:48:53.052 [http-nio-8080-exec-7] DEBUG org.hibernate.SQL.logStatement - select u1_0.`id`,u1_0.`city`,u1_0.`creation_date`,u1_0.`email`,u1_0.`last_login`,u1_0.`name`,u1_0.`nif`,u1_0.`password`,u1_0.`postal_code`,u1_0.`username`,r1_0.`user_id`,r1_1.`id`,r1_1.`name` from `user` u1_0 left join `user_role` r1_0 on u1_0.`id`=r1_0.`user_id` left join `rol` r1_1 on r1_1.`id`=r1_0.`role_id` where u1_0.`id`=?
2024-06-07 15:49:27.387 [http-nio-8080-exec-6] DEBUG org.hibernate.SQL.logStatement - select u1_0.`id`,u1_0.`city`,u1_0.`creation_date`,u1_0.`email`,u1_0.`last_login`,u1_0.`name`,u1_0.`nif`,u1_0.`password`,u1_0.`postal_code`,u1_0.`username` from `user` u1_0 where u1_0.`username`=?
2024-06-07 15:49:27.389 [http-nio-8080-exec-6] DEBUG org.hibernate.SQL.logStatement - select r1_0.`user_id`,r1_1.`id`,r1_1.`name` from `user_role` r1_0 join `rol` r1_1 on r1_1.`id`=r1_0.`role_id` where r1_0.`user_id`=?
2024-06-07 15:49:27.479 [http-nio-8080-exec-6] DEBUG org.hibernate.SQL.logStatement - select u1_0.`id`,u1_0.`city`,u1_0.`creation_date`,u1_0.`email`,u1_0.`last_login`,u1_0.`name`,u1_0.`nif`,u1_0.`password`,u1_0.`postal_code`,u1_0.`username` from `user` u1_0 where u1_0.`email`=?
2024-06-07 15:49:27.556 [http-nio-8080-exec-9] DEBUG org.hibernate.SQL.logStatement - select u1_0.`id` from `user` u1_0 where u1_0.`email`=?
2024-06-07 15:49:27.575 [http-nio-8080-exec-8] DEBUG org.hibernate.SQL.logStatement - SELECT ur.role_id FROM user u          INNER JOIN user_role ur ON u.id = ur.user_id WHERE u.id = ?
2024-06-07 15:49:33.868 [http-nio-8080-exec-10] DEBUG org.hibernate.SQL.logStatement - select r1_0.`id`,r1_0.`name` from `rol` r1_0 where r1_0.`id` in (?)
2024-06-07 15:49:33.941 [http-nio-8080-exec-10] DEBUG org.hibernate.SQL.logStatement - insert into `user` (`city`,`creation_date`,`email`,`last_login`,`name`,`nif`,`password`,`postal_code`,`username`) values (?,?,?,?,?,?,?,?,?)
2024-06-07 15:49:33.946 [http-nio-8080-exec-10] DEBUG org.hibernate.SQL.logStatement - insert into `user_role` (`user_id`,`role_id`) values (?,?)
2024-06-07 15:49:37.999 [http-nio-8080-exec-1] DEBUG org.hibernate.SQL.logStatement - select p1_0.`id`,p1_0.`estado`,p1_0.`fecha_fin`,p1_0.`fecha_inicio`,p1_0.`total_pedido`,p1_0.`user_id` from `pedido` p1_0
2024-06-07 15:49:38.001 [http-nio-8080-exec-1] DEBUG org.hibernate.SQL.logStatement - select u1_0.`id`,u1_0.`city`,u1_0.`creation_date`,u1_0.`email`,u1_0.`last_login`,u1_0.`name`,u1_0.`nif`,u1_0.`password`,u1_0.`postal_code`,u1_0.`username`,r1_0.`user_id`,r1_1.`id`,r1_1.`name` from `user` u1_0 left join `user_role` r1_0 on u1_0.`id`=r1_0.`user_id` left join `rol` r1_1 on r1_1.`id`=r1_0.`role_id` where u1_0.`id`=?
2024-06-07 15:49:38.002 [http-nio-8080-exec-1] DEBUG org.hibernate.SQL.logStatement - select u1_0.`id`,u1_0.`city`,u1_0.`creation_date`,u1_0.`email`,u1_0.`last_login`,u1_0.`name`,u1_0.`nif`,u1_0.`password`,u1_0.`postal_code`,u1_0.`username`,r1_0.`user_id`,r1_1.`id`,r1_1.`name` from `user` u1_0 left join `user_role` r1_0 on u1_0.`id`=r1_0.`user_id` left join `rol` r1_1 on r1_1.`id`=r1_0.`role_id` where u1_0.`id`=?
2024-06-07 15:49:38.004 [http-nio-8080-exec-1] DEBUG org.hibernate.SQL.logStatement - select u1_0.`id`,u1_0.`city`,u1_0.`creation_date`,u1_0.`email`,u1_0.`last_login`,u1_0.`name`,u1_0.`nif`,u1_0.`password`,u1_0.`postal_code`,u1_0.`username`,r1_0.`user_id`,r1_1.`id`,r1_1.`name` from `user` u1_0 left join `user_role` r1_0 on u1_0.`id`=r1_0.`user_id` left join `rol` r1_1 on r1_1.`id`=r1_0.`role_id` where u1_0.`id`=?
2024-06-07 15:49:44.106 [http-nio-8080-exec-2] DEBUG org.hibernate.SQL.logStatement - select p1_0.`id`,p1_0.`estado`,p1_0.`fecha_fin`,p1_0.`fecha_inicio`,p1_0.`total_pedido`,u1_0.`id`,u1_0.`city`,u1_0.`creation_date`,u1_0.`email`,u1_0.`last_login`,u1_0.`name`,u1_0.`nif`,u1_0.`password`,u1_0.`postal_code`,u1_0.`username`,r1_0.`user_id`,r1_1.`id`,r1_1.`name` from `pedido` p1_0 left join `user` u1_0 on u1_0.`id`=p1_0.`user_id` left join `user_role` r1_0 on u1_0.`id`=r1_0.`user_id` left join `rol` r1_1 on r1_1.`id`=r1_0.`role_id` where p1_0.`id`=?
2024-06-07 15:49:44.109 [http-nio-8080-exec-2] DEBUG org.hibernate.SQL.logStatement - update `pedido` set `estado`=?,`fecha_fin`=? where `id`=?
2024-06-07 15:49:44.132 [http-nio-8080-exec-3] DEBUG org.hibernate.SQL.logStatement - select p1_0.`id`,p1_0.`estado`,p1_0.`fecha_fin`,p1_0.`fecha_inicio`,p1_0.`total_pedido`,p1_0.`user_id` from `pedido` p1_0
2024-06-07 15:49:44.133 [http-nio-8080-exec-3] DEBUG org.hibernate.SQL.logStatement - select u1_0.`id`,u1_0.`city`,u1_0.`creation_date`,u1_0.`email`,u1_0.`last_login`,u1_0.`name`,u1_0.`nif`,u1_0.`password`,u1_0.`postal_code`,u1_0.`username`,r1_0.`user_id`,r1_1.`id`,r1_1.`name` from `user` u1_0 left join `user_role` r1_0 on u1_0.`id`=r1_0.`user_id` left join `rol` r1_1 on r1_1.`id`=r1_0.`role_id` where u1_0.`id`=?
2024-06-07 15:49:44.135 [http-nio-8080-exec-3] DEBUG org.hibernate.SQL.logStatement - select u1_0.`id`,u1_0.`city`,u1_0.`creation_date`,u1_0.`email`,u1_0.`last_login`,u1_0.`name`,u1_0.`nif`,u1_0.`password`,u1_0.`postal_code`,u1_0.`username`,r1_0.`user_id`,r1_1.`id`,r1_1.`name` from `user` u1_0 left join `user_role` r1_0 on u1_0.`id`=r1_0.`user_id` left join `rol` r1_1 on r1_1.`id`=r1_0.`role_id` where u1_0.`id`=?
2024-06-07 15:49:44.137 [http-nio-8080-exec-3] DEBUG org.hibernate.SQL.logStatement - select u1_0.`id`,u1_0.`city`,u1_0.`creation_date`,u1_0.`email`,u1_0.`last_login`,u1_0.`name`,u1_0.`nif`,u1_0.`password`,u1_0.`postal_code`,u1_0.`username`,r1_0.`user_id`,r1_1.`id`,r1_1.`name` from `user` u1_0 left join `user_role` r1_0 on u1_0.`id`=r1_0.`user_id` left join `rol` r1_1 on r1_1.`id`=r1_0.`role_id` where u1_0.`id`=?
2024-06-07 15:50:13.609 [http-nio-8080-exec-5] DEBUG org.hibernate.SQL.logStatement - select p1_0.`id`,p1_0.`descripcion`,p1_0.`image`,p1_0.`ingredientes`,p1_0.`nombre`,p1_0.`nombre_categoria`,p1_0.`precio` from `producto` p1_0
2024-06-07 15:50:29.413 [http-nio-8080-exec-4] DEBUG org.hibernate.SQL.logStatement - select p1_0.`id`,p1_0.`descripcion`,p1_0.`image`,p1_0.`ingredientes`,p1_0.`nombre`,p1_0.`nombre_categoria`,p1_0.`precio` from `producto` p1_0 where p1_0.`id`=?
2024-06-07 15:50:34.379 [http-nio-8080-exec-7] DEBUG org.hibernate.SQL.logStatement - select p1_0.`id`,p1_0.`descripcion`,p1_0.`image`,p1_0.`ingredientes`,p1_0.`nombre`,p1_0.`nombre_categoria`,p1_0.`precio` from `producto` p1_0 where p1_0.`id`=?
2024-06-07 15:50:34.383 [http-nio-8080-exec-7] DEBUG org.hibernate.SQL.logStatement - update `producto` set `descripcion`=?,`image`=?,`ingredientes`=?,`nombre`=?,`nombre_categoria`=?,`precio`=? where `id`=?
2024-06-07 15:50:34.552 [http-nio-8080-exec-6] DEBUG org.hibernate.SQL.logStatement - select p1_0.`id`,p1_0.`descripcion`,p1_0.`image`,p1_0.`ingredientes`,p1_0.`nombre`,p1_0.`nombre_categoria`,p1_0.`precio` from `producto` p1_0
2024-06-07 15:50:44.401 [http-nio-8080-exec-9] DEBUG org.hibernate.SQL.logStatement - select p1_0.`id`,p1_0.`descripcion`,p1_0.`image`,p1_0.`ingredientes`,p1_0.`nombre`,p1_0.`nombre_categoria`,p1_0.`precio` from `producto` p1_0 where p1_0.`id`=?
2024-06-07 15:50:44.403 [http-nio-8080-exec-9] DEBUG org.hibernate.SQL.logStatement - select dp1_0.`producto_id`,dp1_0.`id_detalle_pedido`,dp1_0.`cantidad_detalle_pedido`,p1_0.`id`,p1_0.`estado`,p1_0.`fecha_fin`,p1_0.`fecha_inicio`,p1_0.`total_pedido`,u1_0.`id`,u1_0.`city`,u1_0.`creation_date`,u1_0.`email`,u1_0.`last_login`,u1_0.`name`,u1_0.`nif`,u1_0.`password`,u1_0.`postal_code`,u1_0.`username`,dp1_0.`precio_detalle_pedido` from `detalle_pedido` dp1_0 left join `pedido` p1_0 on p1_0.`id`=dp1_0.`pedido_id` left join `user` u1_0 on u1_0.`id`=p1_0.`user_id` where dp1_0.`producto_id`=?
2024-06-07 15:50:44.404 [http-nio-8080-exec-9] DEBUG org.hibernate.SQL.logStatement - delete from `producto` where `id`=?
2024-06-07 15:50:44.457 [http-nio-8080-exec-8] DEBUG org.hibernate.SQL.logStatement - select p1_0.`id`,p1_0.`descripcion`,p1_0.`image`,p1_0.`ingredientes`,p1_0.`nombre`,p1_0.`nombre_categoria`,p1_0.`precio` from `producto` p1_0
2024-06-07 15:50:48.570 [http-nio-8080-exec-10] DEBUG org.hibernate.SQL.logStatement - insert into `producto` (`descripcion`,`image`,`ingredientes`,`nombre`,`nombre_categoria`,`precio`) values (?,?,?,?,?,?)
2024-06-07 15:50:48.622 [http-nio-8080-exec-1] DEBUG org.hibernate.SQL.logStatement - select p1_0.`id`,p1_0.`descripcion`,p1_0.`image`,p1_0.`ingredientes`,p1_0.`nombre`,p1_0.`nombre_categoria`,p1_0.`precio` from `producto` p1_0
2024-06-07 16:18:48.910 [http-nio-8080-exec-3] DEBUG org.hibernate.SQL.logStatement - select u1_0.`id`,u1_0.`city`,u1_0.`creation_date`,u1_0.`email`,u1_0.`last_login`,u1_0.`name`,u1_0.`nif`,u1_0.`password`,u1_0.`postal_code`,u1_0.`username` from `user` u1_0 where u1_0.`username`=?
2024-06-07 16:18:48.911 [http-nio-8080-exec-3] DEBUG org.hibernate.SQL.logStatement - select r1_0.`user_id`,r1_1.`id`,r1_1.`name` from `user_role` r1_0 join `rol` r1_1 on r1_1.`id`=r1_0.`role_id` where r1_0.`user_id`=?
2024-06-07 16:18:48.982 [http-nio-8080-exec-3] DEBUG org.hibernate.SQL.logStatement - select u1_0.`id`,u1_0.`city`,u1_0.`creation_date`,u1_0.`email`,u1_0.`last_login`,u1_0.`name`,u1_0.`nif`,u1_0.`password`,u1_0.`postal_code`,u1_0.`username` from `user` u1_0 where u1_0.`email`=?
2024-06-07 16:18:49.002 [http-nio-8080-exec-5] DEBUG org.hibernate.SQL.logStatement - select u1_0.`id` from `user` u1_0 where u1_0.`email`=?
2024-06-07 16:18:49.021 [http-nio-8080-exec-4] DEBUG org.hibernate.SQL.logStatement - SELECT ur.role_id FROM user u          INNER JOIN user_role ur ON u.id = ur.user_id WHERE u.id = ?
2024-06-07 16:18:49.124 [http-nio-8080-exec-7] DEBUG org.hibernate.SQL.logStatement - select p1_0.`id`,p1_0.`descripcion`,p1_0.`image`,p1_0.`ingredientes`,p1_0.`nombre`,p1_0.`nombre_categoria`,p1_0.`precio` from `producto` p1_0
2024-06-07 16:19:36.205 [http-nio-8080-exec-6] DEBUG org.hibernate.SQL.logStatement - select u1_0.`id`,u1_0.`city`,u1_0.`creation_date`,u1_0.`email`,u1_0.`last_login`,u1_0.`name`,u1_0.`nif`,u1_0.`password`,u1_0.`postal_code`,u1_0.`username`,r1_0.`user_id`,r1_1.`id`,r1_1.`name` from `user` u1_0 left join `user_role` r1_0 on u1_0.`id`=r1_0.`user_id` left join `rol` r1_1 on r1_1.`id`=r1_0.`role_id` where u1_0.`id`=?
2024-06-07 16:19:36.207 [http-nio-8080-exec-6] DEBUG org.hibernate.SQL.logStatement - insert into `pedido` (`estado`,`fecha_fin`,`fecha_inicio`,`total_pedido`,`user_id`) values (?,?,?,?,?)
2024-06-07 16:19:36.212 [http-nio-8080-exec-6] DEBUG org.hibernate.SQL.logStatement - insert into `detalle_pedido` (`cantidad_detalle_pedido`,`pedido_id`,`precio_detalle_pedido`,`producto_id`) values (?,?,?,?)
2024-06-07 16:19:36.214 [http-nio-8080-exec-6] DEBUG org.hibernate.SQL.logStatement - insert into `detalle_pedido` (`cantidad_detalle_pedido`,`pedido_id`,`precio_detalle_pedido`,`producto_id`) values (?,?,?,?)
2024-06-07 16:19:36.216 [http-nio-8080-exec-6] DEBUG org.hibernate.SQL.logStatement - insert into `detalle_pedido` (`cantidad_detalle_pedido`,`pedido_id`,`precio_detalle_pedido`,`producto_id`) values (?,?,?,?)
2024-06-07 16:19:36.338 [http-nio-8080-exec-9] DEBUG org.hibernate.SQL.logStatement - select p1_0.`id`,p1_0.`descripcion`,p1_0.`image`,p1_0.`ingredientes`,p1_0.`nombre`,p1_0.`nombre_categoria`,p1_0.`precio` from `producto` p1_0
2024-06-07 16:20:00.836 [http-nio-8080-exec-8] DEBUG org.hibernate.SQL.logStatement - select p1_0.`id`,p1_0.`estado`,p1_0.`fecha_fin`,p1_0.`fecha_inicio`,p1_0.`total_pedido`,p1_0.`user_id` from `pedido` p1_0 left join `user` u1_0 on u1_0.`id`=p1_0.`user_id` where u1_0.`id`=?
2024-06-07 16:20:00.837 [http-nio-8080-exec-8] DEBUG org.hibernate.SQL.logStatement - select u1_0.`id`,u1_0.`city`,u1_0.`creation_date`,u1_0.`email`,u1_0.`last_login`,u1_0.`name`,u1_0.`nif`,u1_0.`password`,u1_0.`postal_code`,u1_0.`username`,r1_0.`user_id`,r1_1.`id`,r1_1.`name` from `user` u1_0 left join `user_role` r1_0 on u1_0.`id`=r1_0.`user_id` left join `rol` r1_1 on r1_1.`id`=r1_0.`role_id` where u1_0.`id`=?
2024-06-07 17:59:26.320 [http-nio-8080-exec-1] DEBUG org.hibernate.SQL.logStatement - select u1_0.`id`,u1_0.`city`,u1_0.`creation_date`,u1_0.`email`,u1_0.`last_login`,u1_0.`name`,u1_0.`nif`,u1_0.`password`,u1_0.`postal_code`,u1_0.`username` from `user` u1_0 where u1_0.`username`=?
2024-06-07 17:59:26.326 [http-nio-8080-exec-1] DEBUG org.hibernate.SQL.logStatement - select r1_0.`user_id`,r1_1.`id`,r1_1.`name` from `user_role` r1_0 join `rol` r1_1 on r1_1.`id`=r1_0.`role_id` where r1_0.`user_id`=?
2024-06-07 17:59:26.417 [http-nio-8080-exec-1] DEBUG org.hibernate.SQL.logStatement - select u1_0.`id`,u1_0.`city`,u1_0.`creation_date`,u1_0.`email`,u1_0.`last_login`,u1_0.`name`,u1_0.`nif`,u1_0.`password`,u1_0.`postal_code`,u1_0.`username` from `user` u1_0 where u1_0.`email`=?
2024-06-07 17:59:26.597 [http-nio-8080-exec-2] DEBUG org.hibernate.SQL.logStatement - select u1_0.`id` from `user` u1_0 where u1_0.`email`=?
2024-06-07 17:59:26.621 [http-nio-8080-exec-3] DEBUG org.hibernate.SQL.logStatement - SELECT ur.role_id FROM user u          INNER JOIN user_role ur ON u.id = ur.user_id WHERE u.id = ?
2024-06-07 17:59:38.376 [http-nio-8080-exec-5] DEBUG org.hibernate.SQL.logStatement - select p1_0.`id`,p1_0.`descripcion`,p1_0.`image`,p1_0.`ingredientes`,p1_0.`nombre`,p1_0.`nombre_categoria`,p1_0.`precio` from `producto` p1_0
2024-06-07 18:00:50.520 [http-nio-8080-exec-7] DEBUG org.hibernate.SQL.logStatement - select p1_0.`id`,p1_0.`descripcion`,p1_0.`image`,p1_0.`ingredientes`,p1_0.`nombre`,p1_0.`nombre_categoria`,p1_0.`precio` from `producto` p1_0 where p1_0.`id`=?
2024-06-07 18:13:24.220 [http-nio-8080-exec-9] DEBUG org.hibernate.SQL.logStatement - select u1_0.`id`,u1_0.`city`,u1_0.`creation_date`,u1_0.`email`,u1_0.`last_login`,u1_0.`name`,u1_0.`nif`,u1_0.`password`,u1_0.`postal_code`,u1_0.`username` from `user` u1_0 where u1_0.`username`=?
2024-06-07 18:13:24.222 [http-nio-8080-exec-9] DEBUG org.hibernate.SQL.logStatement - select r1_0.`user_id`,r1_1.`id`,r1_1.`name` from `user_role` r1_0 join `rol` r1_1 on r1_1.`id`=r1_0.`role_id` where r1_0.`user_id`=?
2024-06-07 18:13:24.309 [http-nio-8080-exec-9] DEBUG org.hibernate.SQL.logStatement - select u1_0.`id`,u1_0.`city`,u1_0.`creation_date`,u1_0.`email`,u1_0.`last_login`,u1_0.`name`,u1_0.`nif`,u1_0.`password`,u1_0.`postal_code`,u1_0.`username` from `user` u1_0 where u1_0.`email`=?
2024-06-07 18:13:24.443 [http-nio-8080-exec-8] DEBUG org.hibernate.SQL.logStatement - select u1_0.`id` from `user` u1_0 where u1_0.`email`=?
2024-06-07 18:13:24.462 [http-nio-8080-exec-10] DEBUG org.hibernate.SQL.logStatement - SELECT ur.role_id FROM user u          INNER JOIN user_role ur ON u.id = ur.user_id WHERE u.id = ?
2024-06-07 18:13:25.457 [http-nio-8080-exec-1] DEBUG org.hibernate.SQL.logStatement - select p1_0.`id`,p1_0.`estado`,p1_0.`fecha_fin`,p1_0.`fecha_inicio`,p1_0.`total_pedido`,p1_0.`user_id` from `pedido` p1_0
2024-06-07 18:13:25.460 [http-nio-8080-exec-1] DEBUG org.hibernate.SQL.logStatement - select u1_0.`id`,u1_0.`city`,u1_0.`creation_date`,u1_0.`email`,u1_0.`last_login`,u1_0.`name`,u1_0.`nif`,u1_0.`password`,u1_0.`postal_code`,u1_0.`username`,r1_0.`user_id`,r1_1.`id`,r1_1.`name` from `user` u1_0 left join `user_role` r1_0 on u1_0.`id`=r1_0.`user_id` left join `rol` r1_1 on r1_1.`id`=r1_0.`role_id` where u1_0.`id`=?
2024-06-07 18:13:25.463 [http-nio-8080-exec-1] DEBUG org.hibernate.SQL.logStatement - select u1_0.`id`,u1_0.`city`,u1_0.`creation_date`,u1_0.`email`,u1_0.`last_login`,u1_0.`name`,u1_0.`nif`,u1_0.`password`,u1_0.`postal_code`,u1_0.`username`,r1_0.`user_id`,r1_1.`id`,r1_1.`name` from `user` u1_0 left join `user_role` r1_0 on u1_0.`id`=r1_0.`user_id` left join `rol` r1_1 on r1_1.`id`=r1_0.`role_id` where u1_0.`id`=?
2024-06-07 18:13:25.465 [http-nio-8080-exec-1] DEBUG org.hibernate.SQL.logStatement - select u1_0.`id`,u1_0.`city`,u1_0.`creation_date`,u1_0.`email`,u1_0.`last_login`,u1_0.`name`,u1_0.`nif`,u1_0.`password`,u1_0.`postal_code`,u1_0.`username`,r1_0.`user_id`,r1_1.`id`,r1_1.`name` from `user` u1_0 left join `user_role` r1_0 on u1_0.`id`=r1_0.`user_id` left join `rol` r1_1 on r1_1.`id`=r1_0.`role_id` where u1_0.`id`=?
2024-06-07 18:22:43.541 [http-nio-8080-exec-3] DEBUG org.hibernate.SQL.logStatement - select r1_0.`id`,r1_0.`name` from `rol` r1_0 where r1_0.`id` in (?)
2024-06-07 18:22:43.638 [http-nio-8080-exec-3] DEBUG org.hibernate.SQL.logStatement - insert into `user` (`city`,`creation_date`,`email`,`last_login`,`name`,`nif`,`password`,`postal_code`,`username`) values (?,?,?,?,?,?,?,?,?)
2024-06-07 18:22:43.644 [http-nio-8080-exec-3] WARN  o.m.jdbc.message.server.ErrorPacket.warn - Error: 1062-23000: Duplicate entry 'admin' for key 'UK_ob8kqyqqgmefl0aco34akdtpe'
2024-06-07 18:22:43.648 [http-nio-8080-exec-3] WARN  o.h.e.jdbc.spi.SqlExceptionHelper.logExceptions - SQL Error: 1062, SQLState: 23000
2024-06-07 18:22:43.648 [http-nio-8080-exec-3] ERROR o.h.e.jdbc.spi.SqlExceptionHelper.logExceptions - (conn=115) Duplicate entry 'admin' for key 'UK_ob8kqyqqgmefl0aco34akdtpe'
2024-06-07 18:22:43.680 [http-nio-8080-exec-3] ERROR t.g.e.U.ControllerExceptionHandler.handleSecurityException - [org.springframework.orm.jpa.vendor.HibernateJpaDialect.convertHibernateAccessException(HibernateJpaDialect.java:290), org.springframework.orm.jpa.vendor.HibernateJpaDialect.translateExceptionIfPossible(HibernateJpaDialect.java:241), org.springframework.orm.jpa.AbstractEntityManagerFactoryBean.translateExceptionIfPossible(AbstractEntityManagerFactoryBean.java:550), org.springframework.dao.support.ChainedPersistenceExceptionTranslator.translateExceptionIfPossible(ChainedPersistenceExceptionTranslator.java:61), org.springframework.dao.support.DataAccessUtils.translateIfNecessary(DataAccessUtils.java:335), org.springframework.dao.support.PersistenceExceptionTranslationInterceptor.invoke(PersistenceExceptionTranslationInterceptor.java:152), org.springframework.aop.framework.ReflectiveMethodInvocation.proceed(ReflectiveMethodInvocation.java:184), org.springframework.data.jpa.repository.support.CrudMethodMetadataPostProcessor$CrudMethodMetadataPopulatingMethodInterceptor.invoke(CrudMethodMetadataPostProcessor.java:164), org.springframework.aop.framework.ReflectiveMethodInvocation.proceed(ReflectiveMethodInvocation.java:184), org.springframework.aop.interceptor.ExposeInvocationInterceptor.invoke(ExposeInvocationInterceptor.java:97), org.springframework.aop.framework.ReflectiveMethodInvocation.proceed(ReflectiveMethodInvocation.java:184), org.springframework.aop.framework.JdkDynamicAopProxy.invoke(JdkDynamicAopProxy.java:220), jdk.proxy4/jdk.proxy4.$Proxy155.save(Unknown Source), tfc.gestorRestaurante.models.services.Authentication.AuthenticationService.signup(AuthenticationService.java:47), tfc.gestorRestaurante.controllers.AuthenticationController.register(AuthenticationController.java:41), java.base/jdk.internal.reflect.DirectMethodHandleAccessor.invoke(DirectMethodHandleAccessor.java:103), java.base/java.lang.reflect.Method.invoke(Method.java:580), org.springframework.web.method.support.InvocableHandlerMethod.doInvoke(InvocableHandlerMethod.java:261), org.springframework.web.method.support.InvocableHandlerMethod.invokeForRequest(InvocableHandlerMethod.java:189), org.springframework.web.servlet.mvc.method.annotation.ServletInvocableHandlerMethod.invokeAndHandle(ServletInvocableHandlerMethod.java:118), org.springframework.web.servlet.mvc.method.annotation.RequestMappingHandlerAdapter.invokeHandlerMethod(RequestMappingHandlerAdapter.java:920), org.springframework.web.servlet.mvc.method.annotation.RequestMappingHandlerAdapter.handleInternal(RequestMappingHandlerAdapter.java:830), org.springframework.web.servlet.mvc.method.AbstractHandlerMethodAdapter.handle(AbstractHandlerMethodAdapter.java:87), org.springframework.web.servlet.DispatcherServlet.doDispatch(DispatcherServlet.java:1089), org.springframework.web.servlet.DispatcherServlet.doService(DispatcherServlet.java:979), org.springframework.web.servlet.FrameworkServlet.processRequest(FrameworkServlet.java:1014), org.springframework.web.servlet.FrameworkServlet.doPost(FrameworkServlet.java:914), jakarta.servlet.http.HttpServlet.service(HttpServlet.java:590), org.springframework.web.servlet.FrameworkServlet.service(FrameworkServlet.java:885), jakarta.servlet.http.HttpServlet.service(HttpServlet.java:658), org.apache.catalina.core.ApplicationFilterChain.internalDoFilter(ApplicationFilterChain.java:205), org.apache.catalina.core.ApplicationFilterChain.doFilter(ApplicationFilterChain.java:149), org.apache.tomcat.websocket.server.WsFilter.doFilter(WsFilter.java:51), org.apache.catalina.core.ApplicationFilterChain.internalDoFilter(ApplicationFilterChain.java:174), org.apache.catalina.core.ApplicationFilterChain.doFilter(ApplicationFilterChain.java:149), org.springframework.web.filter.OncePerRequestFilter.doFilter(OncePerRequestFilter.java:110), org.apache.catalina.core.ApplicationFilterChain.internalDoFilter(ApplicationFilterChain.java:174), org.apache.catalina.core.ApplicationFilterChain.doFilter(ApplicationFilterChain.java:149), org.springframework.web.filter.CompositeFilter$VirtualFilterChain.doFilter(CompositeFilter.java:108), org.springframework.security.web.FilterChainProxy.lambda$doFilterInternal$3(FilterChainProxy.java:231), org.springframework.security.web.FilterChainProxy$VirtualFilterChain.doFilter(FilterChainProxy.java:365), org.springframework.security.web.access.intercept.AuthorizationFilter.doFilter(AuthorizationFilter.java:100), org.springframework.security.web.FilterChainProxy$VirtualFilterChain.doFilter(FilterChainProxy.java:374), org.springframework.security.web.access.ExceptionTranslationFilter.doFilter(ExceptionTranslationFilter.java:126), org.springframework.security.web.access.ExceptionTranslationFilter.doFilter(ExceptionTranslationFilter.java:120), org.springframework.security.web.FilterChainProxy$VirtualFilterChain.doFilter(FilterChainProxy.java:374), org.springframework.security.web.session.SessionManagementFilter.doFilter(SessionManagementFilter.java:131), org.springframework.security.web.session.SessionManagementFilter.doFilter(SessionManagementFilter.java:85), org.springframework.security.web.FilterChainProxy$VirtualFilterChain.doFilter(FilterChainProxy.java:374), org.springframework.security.web.authentication.AnonymousAuthenticationFilter.doFilter(AnonymousAuthenticationFilter.java:100), org.springframework.security.web.FilterChainProxy$VirtualFilterChain.doFilter(FilterChainProxy.java:374), org.springframework.security.web.servletapi.SecurityContextHolderAwareRequestFilter.doFilter(SecurityContextHolderAwareRequestFilter.java:179), org.springframework.security.web.FilterChainProxy$VirtualFilterChain.doFilter(FilterChainProxy.java:374), org.springframework.security.web.savedrequest.RequestCacheAwareFilter.doFilter(RequestCacheAwareFilter.java:63), org.springframework.security.web.FilterChainProxy$VirtualFilterChain.doFilter(FilterChainProxy.java:374), tfc.gestorRestaurante.security.JwtAuthenticationFilter.doFilterInternal(JwtAuthenticationFilter.java:53), org.springframework.web.filter.OncePerRequestFilter.doFilter(OncePerRequestFilter.java:116), org.springframework.security.web.FilterChainProxy$VirtualFilterChain.doFilter(FilterChainProxy.java:374), org.springframework.security.web.authentication.logout.LogoutFilter.doFilter(LogoutFilter.java:107), org.springframework.security.web.authentication.logout.LogoutFilter.doFilter(LogoutFilter.java:93), org.springframework.security.web.FilterChainProxy$VirtualFilterChain.doFilter(FilterChainProxy.java:374), org.springframework.security.web.header.HeaderWriterFilter.doHeadersAfter(HeaderWriterFilter.java:90), org.springframework.security.web.header.HeaderWriterFilter.doFilterInternal(HeaderWriterFilter.java:75), org.springframework.web.filter.OncePerRequestFilter.doFilter(OncePerRequestFilter.java:116), org.springframework.security.web.FilterChainProxy$VirtualFilterChain.doFilter(FilterChainProxy.java:374), org.springframework.security.web.context.SecurityContextHolderFilter.doFilter(SecurityContextHolderFilter.java:82), org.springframework.security.web.context.SecurityContextHolderFilter.doFilter(SecurityContextHolderFilter.java:69), org.springframework.security.web.FilterChainProxy$VirtualFilterChain.doFilter(FilterChainProxy.java:374), org.springframework.security.web.context.request.async.WebAsyncManagerIntegrationFilter.doFilterInternal(WebAsyncManagerIntegrationFilter.java:62), org.springframework.web.filter.OncePerRequestFilter.doFilter(OncePerRequestFilter.java:116), org.springframework.security.web.FilterChainProxy$VirtualFilterChain.doFilter(FilterChainProxy.java:374), org.springframework.security.web.session.DisableEncodeUrlFilter.doFilterInternal(DisableEncodeUrlFilter.java:42), org.springframework.web.filter.OncePerRequestFilter.doFilter(OncePerRequestFilter.java:116), org.springframework.security.web.FilterChainProxy$VirtualFilterChain.doFilter(FilterChainProxy.java:374), org.springframework.security.web.FilterChainProxy.doFilterInternal(FilterChainProxy.java:233), org.springframework.security.web.FilterChainProxy.doFilter(FilterChainProxy.java:191), org.springframework.web.filter.CompositeFilter$VirtualFilterChain.doFilter(CompositeFilter.java:113), org.springframework.web.servlet.handler.HandlerMappingIntrospector.lambda$createCacheFilter$3(HandlerMappingIntrospector.java:195), org.springframework.web.filter.CompositeFilter$VirtualFilterChain.doFilter(CompositeFilter.java:113), org.springframework.web.filter.CompositeFilter.doFilter(CompositeFilter.java:74), org.springframework.security.config.annotation.web.configuration.WebMvcSecurityConfiguration$CompositeFilterChainProxy.doFilter(WebMvcSecurityConfiguration.java:225), org.springframework.web.filter.DelegatingFilterProxy.invokeDelegate(DelegatingFilterProxy.java:352), org.springframework.web.filter.DelegatingFilterProxy.doFilter(DelegatingFilterProxy.java:268), org.apache.catalina.core.ApplicationFilterChain.internalDoFilter(ApplicationFilterChain.java:174), org.apache.catalina.core.ApplicationFilterChain.doFilter(ApplicationFilterChain.java:149), org.springframework.web.filter.RequestContextFilter.doFilterInternal(RequestContextFilter.java:100), org.springframework.web.filter.OncePerRequestFilter.doFilter(OncePerRequestFilter.java:116), org.apache.catalina.core.ApplicationFilterChain.internalDoFilter(ApplicationFilterChain.java:174), org.apache.catalina.core.ApplicationFilterChain.doFilter(ApplicationFilterChain.java:149), org.springframework.web.filter.FormContentFilter.doFilterInternal(FormContentFilter.java:93), org.springframework.web.filter.OncePerRequestFilter.doFilter(OncePerRequestFilter.java:116), org.apache.catalina.core.ApplicationFilterChain.internalDoFilter(ApplicationFilterChain.java:174), org.apache.catalina.core.ApplicationFilterChain.doFilter(ApplicationFilterChain.java:149), org.springframework.web.filter.CharacterEncodingFilter.doFilterInternal(CharacterEncodingFilter.java:201), org.springframework.web.filter.OncePerRequestFilter.doFilter(OncePerRequestFilter.java:116), org.apache.catalina.core.ApplicationFilterChain.internalDoFilter(ApplicationFilterChain.java:174), org.apache.catalina.core.ApplicationFilterChain.doFilter(ApplicationFilterChain.java:149), org.apache.catalina.core.StandardWrapperValve.invoke(StandardWrapperValve.java:167), org.apache.catalina.core.StandardContextValve.invoke(StandardContextValve.java:90), org.apache.catalina.authenticator.AuthenticatorBase.invoke(AuthenticatorBase.java:482), org.apache.catalina.core.StandardHostValve.invoke(StandardHostValve.java:115), org.apache.catalina.valves.ErrorReportValve.invoke(ErrorReportValve.java:93), org.apache.catalina.core.StandardEngineValve.invoke(StandardEngineValve.java:74), org.apache.catalina.connector.CoyoteAdapter.service(CoyoteAdapter.java:344), org.apache.coyote.http11.Http11Processor.service(Http11Processor.java:391), org.apache.coyote.AbstractProcessorLight.process(AbstractProcessorLight.java:63), org.apache.coyote.AbstractProtocol$ConnectionHandler.process(AbstractProtocol.java:896), org.apache.tomcat.util.net.NioEndpoint$SocketProcessor.doRun(NioEndpoint.java:1744), org.apache.tomcat.util.net.SocketProcessorBase.run(SocketProcessorBase.java:52), org.apache.tomcat.util.threads.ThreadPoolExecutor.runWorker(ThreadPoolExecutor.java:1191), org.apache.tomcat.util.threads.ThreadPoolExecutor$Worker.run(ThreadPoolExecutor.java:659), org.apache.tomcat.util.threads.TaskThread$WrappingRunnable.run(TaskThread.java:63), java.base/java.lang.Thread.run(Thread.java:1583)]
2024-06-07 18:22:43.690 [http-nio-8080-exec-3] WARN  o.s.w.s.m.m.a.HttpEntityMethodProcessor.handleReturnValue - public org.springframework.http.ResponseEntity<org.springframework.http.ProblemDetail> tfc.gestorRestaurante.exception.User.ControllerExceptionHandler.handleSecurityException(java.lang.Exception) returned ResponseEntity: <500 INTERNAL_SERVER_ERROR Internal Server Error,ProblemDetail[type='about:blank', title='Forbidden', status=403, detail='could not execute statement [(conn=115) Duplicate entry 'admin' for key 'UK_ob8kqyqqgmefl0aco34akdtpe'] [insert into `user` (`city`,`creation_date`,`email`,`last_login`,`name`,`nif`,`password`,`postal_code`,`username`) values (?,?,?,?,?,?,?,?,?)]; SQL [insert into `user` (`city`,`creation_date`,`email`,`last_login`,`name`,`nif`,`password`,`postal_code`,`username`) values (?,?,?,?,?,?,?,?,?)]; constraint [UK_ob8kqyqqgmefl0aco34akdtpe]', instance='/auth/signup', properties='{description=Unknown internal server error.}'],[]>, but its status doesn't match the ProblemDetail status: 403
2024-06-07 18:22:43.695 [http-nio-8080-exec-3] WARN  o.s.w.s.m.m.a.ExceptionHandlerExceptionResolver.logException - Resolved [org.springframework.dao.DataIntegrityViolationException: could not execute statement [(conn=115) Duplicate entry 'admin' for key 'UK_ob8kqyqqgmefl0aco34akdtpe'] [insert into `user` (`city`,`creation_date`,`email`,`last_login`,`name`,`nif`,`password`,`postal_code`,`username`) values (?,?,?,?,?,?,?,?,?)]; SQL [insert into `user` (`city`,`creation_date`,`email`,`last_login`,`name`,`nif`,`password`,`postal_code`,`username`) values (?,?,?,?,?,?,?,?,?)]; constraint [UK_ob8kqyqqgmefl0aco34akdtpe]]
2024-06-07 19:20:09.646 [HikariPool-1 housekeeper] WARN  com.zaxxer.hikari.pool.HikariPool.run - HikariPool-1 - Thread starvation or clock leap detected (housekeeper delta=24m16s980ms670s300ns).
2024-06-07 21:06:55.723 [http-nio-8080-exec-4] DEBUG org.hibernate.SQL.logStatement - select u1_0.`id`,u1_0.`city`,u1_0.`creation_date`,u1_0.`email`,u1_0.`last_login`,u1_0.`name`,u1_0.`nif`,u1_0.`password`,u1_0.`postal_code`,u1_0.`username` from `user` u1_0 where u1_0.`username`=?
2024-06-07 21:06:55.754 [http-nio-8080-exec-4] DEBUG org.hibernate.SQL.logStatement - select r1_0.`user_id`,r1_1.`id`,r1_1.`name` from `user_role` r1_0 join `rol` r1_1 on r1_1.`id`=r1_0.`role_id` where r1_0.`user_id`=?
2024-06-07 21:06:55.845 [http-nio-8080-exec-4] DEBUG org.hibernate.SQL.logStatement - select u1_0.`id`,u1_0.`city`,u1_0.`creation_date`,u1_0.`email`,u1_0.`last_login`,u1_0.`name`,u1_0.`nif`,u1_0.`password`,u1_0.`postal_code`,u1_0.`username` from `user` u1_0 where u1_0.`email`=?
2024-06-07 21:06:55.964 [http-nio-8080-exec-5] DEBUG org.hibernate.SQL.logStatement - select u1_0.`id` from `user` u1_0 where u1_0.`email`=?
2024-06-07 21:06:55.988 [http-nio-8080-exec-7] DEBUG org.hibernate.SQL.logStatement - SELECT ur.role_id FROM user u          INNER JOIN user_role ur ON u.id = ur.user_id WHERE u.id = ?
2024-06-07 21:06:56.127 [http-nio-8080-exec-6] DEBUG org.hibernate.SQL.logStatement - select p1_0.`id`,p1_0.`descripcion`,p1_0.`image`,p1_0.`ingredientes`,p1_0.`nombre`,p1_0.`nombre_categoria`,p1_0.`precio` from `producto` p1_0
2024-06-07 21:10:45.325 [http-nio-8080-exec-8] DEBUG org.hibernate.SQL.logStatement - select u1_0.`id`,u1_0.`city`,u1_0.`creation_date`,u1_0.`email`,u1_0.`last_login`,u1_0.`name`,u1_0.`nif`,u1_0.`password`,u1_0.`postal_code`,u1_0.`username` from `user` u1_0 where u1_0.`username`=?
2024-06-07 21:10:45.328 [http-nio-8080-exec-8] DEBUG org.hibernate.SQL.logStatement - select r1_0.`user_id`,r1_1.`id`,r1_1.`name` from `user_role` r1_0 join `rol` r1_1 on r1_1.`id`=r1_0.`role_id` where r1_0.`user_id`=?
2024-06-07 21:10:45.446 [http-nio-8080-exec-8] DEBUG org.hibernate.SQL.logStatement - select u1_0.`id`,u1_0.`city`,u1_0.`creation_date`,u1_0.`email`,u1_0.`last_login`,u1_0.`name`,u1_0.`nif`,u1_0.`password`,u1_0.`postal_code`,u1_0.`username` from `user` u1_0 where u1_0.`email`=?
2024-06-07 21:10:45.493 [http-nio-8080-exec-10] DEBUG org.hibernate.SQL.logStatement - select u1_0.`id` from `user` u1_0 where u1_0.`email`=?
2024-06-07 21:10:45.551 [http-nio-8080-exec-3] DEBUG org.hibernate.SQL.logStatement - SELECT ur.role_id FROM user u          INNER JOIN user_role ur ON u.id = ur.user_id WHERE u.id = ?
2024-06-07 21:10:46.041 [http-nio-8080-exec-1] DEBUG org.hibernate.SQL.logStatement - select p1_0.`id`,p1_0.`descripcion`,p1_0.`image`,p1_0.`ingredientes`,p1_0.`nombre`,p1_0.`nombre_categoria`,p1_0.`precio` from `producto` p1_0
2024-06-07 21:11:18.627 [http-nio-8080-exec-2] DEBUG org.hibernate.SQL.logStatement - select u1_0.`id`,u1_0.`city`,u1_0.`creation_date`,u1_0.`email`,u1_0.`last_login`,u1_0.`name`,u1_0.`nif`,u1_0.`password`,u1_0.`postal_code`,u1_0.`username`,r1_0.`user_id`,r1_1.`id`,r1_1.`name` from `user` u1_0 left join `user_role` r1_0 on u1_0.`id`=r1_0.`user_id` left join `rol` r1_1 on r1_1.`id`=r1_0.`role_id` where u1_0.`id`=?
2024-06-07 21:11:18.716 [http-nio-8080-exec-2] DEBUG org.hibernate.SQL.logStatement - insert into `pedido` (`estado`,`fecha_fin`,`fecha_inicio`,`total_pedido`,`user_id`) values (?,?,?,?,?)
2024-06-07 21:11:18.753 [http-nio-8080-exec-2] DEBUG org.hibernate.SQL.logStatement - insert into `detalle_pedido` (`cantidad_detalle_pedido`,`pedido_id`,`precio_detalle_pedido`,`producto_id`) values (?,?,?,?)
2024-06-07 21:11:18.760 [http-nio-8080-exec-2] DEBUG org.hibernate.SQL.logStatement - insert into `detalle_pedido` (`cantidad_detalle_pedido`,`pedido_id`,`precio_detalle_pedido`,`producto_id`) values (?,?,?,?)
2024-06-07 21:11:19.065 [http-nio-8080-exec-4] DEBUG org.hibernate.SQL.logStatement - select p1_0.`id`,p1_0.`descripcion`,p1_0.`image`,p1_0.`ingredientes`,p1_0.`nombre`,p1_0.`nombre_categoria`,p1_0.`precio` from `producto` p1_0
2024-06-07 21:19:24.532 [http-nio-8080-exec-7] DEBUG org.hibernate.SQL.logStatement - select u1_0.`id`,u1_0.`city`,u1_0.`creation_date`,u1_0.`email`,u1_0.`last_login`,u1_0.`name`,u1_0.`nif`,u1_0.`password`,u1_0.`postal_code`,u1_0.`username` from `user` u1_0 where u1_0.`username`=?
2024-06-07 21:19:24.549 [http-nio-8080-exec-7] DEBUG org.hibernate.SQL.logStatement - select r1_0.`user_id`,r1_1.`id`,r1_1.`name` from `user_role` r1_0 join `rol` r1_1 on r1_1.`id`=r1_0.`role_id` where r1_0.`user_id`=?
2024-06-07 21:19:24.683 [http-nio-8080-exec-7] DEBUG org.hibernate.SQL.logStatement - select u1_0.`id`,u1_0.`city`,u1_0.`creation_date`,u1_0.`email`,u1_0.`last_login`,u1_0.`name`,u1_0.`nif`,u1_0.`password`,u1_0.`postal_code`,u1_0.`username` from `user` u1_0 where u1_0.`email`=?
2024-06-07 21:19:24.801 [http-nio-8080-exec-6] DEBUG org.hibernate.SQL.logStatement - select u1_0.`id` from `user` u1_0 where u1_0.`email`=?
2024-06-07 21:19:25.061 [http-nio-8080-exec-9] DEBUG org.hibernate.SQL.logStatement - SELECT ur.role_id FROM user u          INNER JOIN user_role ur ON u.id = ur.user_id WHERE u.id = ?
2024-06-07 21:19:36.523 [http-nio-8080-exec-8] DEBUG org.hibernate.SQL.logStatement - select p1_0.`id`,p1_0.`descripcion`,p1_0.`image`,p1_0.`ingredientes`,p1_0.`nombre`,p1_0.`nombre_categoria`,p1_0.`precio` from `producto` p1_0
2024-06-07 21:55:46.216 [http-nio-8080-exec-1] DEBUG org.hibernate.SQL.logStatement - select u1_0.`id`,u1_0.`city`,u1_0.`creation_date`,u1_0.`email`,u1_0.`last_login`,u1_0.`name`,u1_0.`nif`,u1_0.`password`,u1_0.`postal_code`,u1_0.`username` from `user` u1_0 where u1_0.`username`=?
2024-06-07 21:55:46.220 [http-nio-8080-exec-1] DEBUG org.hibernate.SQL.logStatement - select r1_0.`user_id`,r1_1.`id`,r1_1.`name` from `user_role` r1_0 join `rol` r1_1 on r1_1.`id`=r1_0.`role_id` where r1_0.`user_id`=?
2024-06-07 21:55:46.296 [http-nio-8080-exec-1] DEBUG org.hibernate.SQL.logStatement - select u1_0.`id`,u1_0.`city`,u1_0.`creation_date`,u1_0.`email`,u1_0.`last_login`,u1_0.`name`,u1_0.`nif`,u1_0.`password`,u1_0.`postal_code`,u1_0.`username` from `user` u1_0 where u1_0.`email`=?
2024-06-07 21:55:46.356 [http-nio-8080-exec-2] DEBUG org.hibernate.SQL.logStatement - select u1_0.`id` from `user` u1_0 where u1_0.`email`=?
2024-06-07 21:55:46.375 [http-nio-8080-exec-4] DEBUG org.hibernate.SQL.logStatement - SELECT ur.role_id FROM user u          INNER JOIN user_role ur ON u.id = ur.user_id WHERE u.id = ?
2024-06-07 21:55:46.485 [http-nio-8080-exec-5] DEBUG org.hibernate.SQL.logStatement - select p1_0.`id`,p1_0.`descripcion`,p1_0.`image`,p1_0.`ingredientes`,p1_0.`nombre`,p1_0.`nombre_categoria`,p1_0.`precio` from `producto` p1_0
2024-06-07 21:56:59.158 [http-nio-8080-exec-6] DEBUG org.hibernate.SQL.logStatement - select u1_0.`id`,u1_0.`city`,u1_0.`creation_date`,u1_0.`email`,u1_0.`last_login`,u1_0.`name`,u1_0.`nif`,u1_0.`password`,u1_0.`postal_code`,u1_0.`username` from `user` u1_0 where u1_0.`username`=?
2024-06-07 21:56:59.160 [http-nio-8080-exec-6] DEBUG org.hibernate.SQL.logStatement - select r1_0.`user_id`,r1_1.`id`,r1_1.`name` from `user_role` r1_0 join `rol` r1_1 on r1_1.`id`=r1_0.`role_id` where r1_0.`user_id`=?
2024-06-07 21:56:59.237 [http-nio-8080-exec-6] DEBUG org.hibernate.SQL.logStatement - select u1_0.`id`,u1_0.`city`,u1_0.`creation_date`,u1_0.`email`,u1_0.`last_login`,u1_0.`name`,u1_0.`nif`,u1_0.`password`,u1_0.`postal_code`,u1_0.`username` from `user` u1_0 where u1_0.`email`=?
2024-06-07 21:56:59.326 [http-nio-8080-exec-9] DEBUG org.hibernate.SQL.logStatement - select u1_0.`id` from `user` u1_0 where u1_0.`email`=?
2024-06-07 21:56:59.346 [http-nio-8080-exec-8] DEBUG org.hibernate.SQL.logStatement - SELECT ur.role_id FROM user u          INNER JOIN user_role ur ON u.id = ur.user_id WHERE u.id = ?
2024-06-07 21:56:59.502 [http-nio-8080-exec-3] DEBUG org.hibernate.SQL.logStatement - select p1_0.`id`,p1_0.`descripcion`,p1_0.`image`,p1_0.`ingredientes`,p1_0.`nombre`,p1_0.`nombre_categoria`,p1_0.`precio` from `producto` p1_0
2024-06-07 22:09:19.865 [http-nio-8080-exec-1] DEBUG org.hibernate.SQL.logStatement - select u1_0.`id`,u1_0.`city`,u1_0.`creation_date`,u1_0.`email`,u1_0.`last_login`,u1_0.`name`,u1_0.`nif`,u1_0.`password`,u1_0.`postal_code`,u1_0.`username` from `user` u1_0 where u1_0.`username`=?
2024-06-07 22:09:19.869 [http-nio-8080-exec-1] DEBUG org.hibernate.SQL.logStatement - select r1_0.`user_id`,r1_1.`id`,r1_1.`name` from `user_role` r1_0 join `rol` r1_1 on r1_1.`id`=r1_0.`role_id` where r1_0.`user_id`=?
2024-06-07 22:09:19.957 [http-nio-8080-exec-1] DEBUG org.hibernate.SQL.logStatement - select u1_0.`id`,u1_0.`city`,u1_0.`creation_date`,u1_0.`email`,u1_0.`last_login`,u1_0.`name`,u1_0.`nif`,u1_0.`password`,u1_0.`postal_code`,u1_0.`username` from `user` u1_0 where u1_0.`email`=?
2024-06-07 22:09:19.986 [http-nio-8080-exec-2] DEBUG org.hibernate.SQL.logStatement - select u1_0.`id` from `user` u1_0 where u1_0.`email`=?
2024-06-07 22:09:20.008 [http-nio-8080-exec-4] DEBUG org.hibernate.SQL.logStatement - SELECT ur.role_id FROM user u          INNER JOIN user_role ur ON u.id = ur.user_id WHERE u.id = ?
2024-06-07 22:09:20.144 [http-nio-8080-exec-5] DEBUG org.hibernate.SQL.logStatement - select p1_0.`id`,p1_0.`descripcion`,p1_0.`image`,p1_0.`ingredientes`,p1_0.`nombre`,p1_0.`nombre_categoria`,p1_0.`precio` from `producto` p1_0
2024-06-07 22:14:11.701 [http-nio-8080-exec-6] DEBUG org.hibernate.SQL.logStatement - select u1_0.`id`,u1_0.`city`,u1_0.`creation_date`,u1_0.`email`,u1_0.`last_login`,u1_0.`name`,u1_0.`nif`,u1_0.`password`,u1_0.`postal_code`,u1_0.`username` from `user` u1_0 where u1_0.`username`=?
2024-06-07 22:14:11.704 [http-nio-8080-exec-6] DEBUG org.hibernate.SQL.logStatement - select r1_0.`user_id`,r1_1.`id`,r1_1.`name` from `user_role` r1_0 join `rol` r1_1 on r1_1.`id`=r1_0.`role_id` where r1_0.`user_id`=?
2024-06-07 22:14:11.782 [http-nio-8080-exec-6] DEBUG org.hibernate.SQL.logStatement - select u1_0.`id`,u1_0.`city`,u1_0.`creation_date`,u1_0.`email`,u1_0.`last_login`,u1_0.`name`,u1_0.`nif`,u1_0.`password`,u1_0.`postal_code`,u1_0.`username` from `user` u1_0 where u1_0.`email`=?
2024-06-07 22:14:11.815 [http-nio-8080-exec-9] DEBUG org.hibernate.SQL.logStatement - select u1_0.`id` from `user` u1_0 where u1_0.`email`=?
2024-06-07 22:14:11.893 [http-nio-8080-exec-8] DEBUG org.hibernate.SQL.logStatement - SELECT ur.role_id FROM user u          INNER JOIN user_role ur ON u.id = ur.user_id WHERE u.id = ?
2024-06-07 22:14:12.031 [http-nio-8080-exec-3] DEBUG org.hibernate.SQL.logStatement - select p1_0.`id`,p1_0.`descripcion`,p1_0.`image`,p1_0.`ingredientes`,p1_0.`nombre`,p1_0.`nombre_categoria`,p1_0.`precio` from `producto` p1_0
