2024-06-07 12:45:05.514 [restartedMain] INFO  t.g.GestorRestauranteApplication.logStarting - Starting GestorRestauranteApplication using Java 21.0.2 with PID 5364 (C:\Users\ACR\Desktop\TFC\AARON\SPRINGBOOT\gestorRestaurante\target\classes started by ACR in C:\Users\ACR\Desktop\TFC\AARON\SPRINGBOOT\gestorRestaurante)
2024-06-07 12:45:05.525 [restartedMain] INFO  t.g.GestorRestauranteApplication.logStartupProfileInfo - No active profile set, falling back to 1 default profile: "default"
2024-06-07 12:45:05.577 [restartedMain] INFO  o.s.b.d.e.DevToolsPropertyDefaultsPostProcessor.logTo - Devtools property defaults active! Set 'spring.devtools.add-properties' to 'false' to disable
2024-06-07 12:45:05.578 [restartedMain] INFO  o.s.b.d.e.DevToolsPropertyDefaultsPostProcessor.logTo - For additional web related logging consider setting the 'logging.level.web' property to 'DEBUG'
2024-06-07 12:45:06.765 [restartedMain] INFO  o.s.d.r.c.RepositoryConfigurationDelegate.registerRepositoriesIn - Bootstrapping Spring Data JPA repositories in DEFAULT mode.
2024-06-07 12:45:06.846 [restartedMain] INFO  o.s.d.r.c.RepositoryConfigurationDelegate.registerRepositoriesIn - Finished Spring Data repository scanning in 71 ms. Found 5 JPA repository interfaces.
2024-06-07 12:45:07.616 [restartedMain] INFO  o.s.b.w.e.tomcat.TomcatWebServer.initialize - Tomcat initialized with port 8080 (http)
2024-06-07 12:45:07.629 [restartedMain] INFO  o.a.catalina.core.StandardService.log - Starting service [Tomcat]
2024-06-07 12:45:07.629 [restartedMain] INFO  o.a.catalina.core.StandardEngine.log - Starting Servlet engine: [Apache Tomcat/10.1.19]
2024-06-07 12:45:07.697 [restartedMain] INFO  o.a.c.c.C.[Tomcat].[localhost].[/].log - Initializing Spring embedded WebApplicationContext
2024-06-07 12:45:07.697 [restartedMain] INFO  o.s.b.w.s.c.ServletWebServerApplicationContext.prepareWebApplicationContext - Root WebApplicationContext: initialization completed in 2117 ms
2024-06-07 12:45:07.847 [restartedMain] WARN  o.s.b.a.o.j.JpaBaseConfiguration$JpaWebConfiguration.openEntityManagerInViewInterceptor - spring.jpa.open-in-view is enabled by default. Therefore, database queries may be performed during view rendering. Explicitly configure spring.jpa.open-in-view to disable this warning
2024-06-07 12:45:07.970 [restartedMain] INFO  o.h.jpa.internal.util.LogHelper.logPersistenceUnitInformation - HHH000204: Processing PersistenceUnitInfo [name: default]
2024-06-07 12:45:08.048 [restartedMain] INFO  org.hibernate.Version.logVersion - HHH000412: Hibernate ORM core version 6.4.4.Final
2024-06-07 12:45:08.097 [restartedMain] INFO  o.h.c.i.RegionFactoryInitiator.initiateService - HHH000026: Second-level cache disabled
2024-06-07 12:45:08.357 [restartedMain] INFO  o.s.o.j.p.SpringPersistenceUnitInfo.addTransformer - No LoadTimeWeaver setup: ignoring JPA class transformer
2024-06-07 12:45:08.390 [restartedMain] INFO  com.zaxxer.hikari.HikariDataSource.getConnection - HikariPool-1 - Starting...
2024-06-07 12:45:08.498 [restartedMain] INFO  com.zaxxer.hikari.pool.HikariPool.checkFailFast - HikariPool-1 - Added connection org.mariadb.jdbc.Connection@9f00b46
2024-06-07 12:45:08.504 [restartedMain] INFO  com.zaxxer.hikari.HikariDataSource.getConnection - HikariPool-1 - Start completed.
2024-06-07 12:45:09.738 [restartedMain] INFO  o.h.e.t.j.p.i.JtaPlatformInitiator.initiateService - HHH000489: No JTA platform available (set 'hibernate.transaction.jta.platform' to enable JTA platform integration)
2024-06-07 12:45:09.845 [restartedMain] INFO  o.s.o.j.LocalContainerEntityManagerFactoryBean.buildNativeEntityManagerFactory - Initialized JPA EntityManagerFactory for persistence unit 'default'
2024-06-07 12:45:10.346 [restartedMain] INFO  o.s.d.j.r.query.QueryEnhancerFactory.<clinit> - Hibernate is in classpath; If applicable, HQL parser will be used.
2024-06-07 12:45:11.696 [restartedMain] INFO  o.s.s.web.DefaultSecurityFilterChain.<init> - Will secure any request with [org.springframework.security.web.session.DisableEncodeUrlFilter@4bfaa869, org.springframework.security.web.context.request.async.WebAsyncManagerIntegrationFilter@50d01789, org.springframework.security.web.context.SecurityContextHolderFilter@318de7c3, org.springframework.security.web.header.HeaderWriterFilter@5220e234, org.springframework.security.web.authentication.logout.LogoutFilter@190ab1dd, tfc.gestorRestaurante.security.JwtAuthenticationFilter@5a5d2087, org.springframework.security.web.savedrequest.RequestCacheAwareFilter@6a304763, org.springframework.security.web.servletapi.SecurityContextHolderAwareRequestFilter@48c45cbc, org.springframework.security.web.authentication.AnonymousAuthenticationFilter@6e7ebf99, org.springframework.security.web.session.SessionManagementFilter@4115e8d9, org.springframework.security.web.access.ExceptionTranslationFilter@4b4eab92, org.springframework.security.web.access.intercept.AuthorizationFilter@51094718]
2024-06-07 12:45:12.155 [restartedMain] INFO  o.s.b.d.a.OptionalLiveReloadServer.startServer - LiveReload server is running on port 35729
2024-06-07 12:45:12.201 [restartedMain] INFO  o.s.b.w.e.tomcat.TomcatWebServer.start - Tomcat started on port 8080 (http) with context path ''
2024-06-07 12:45:12.211 [restartedMain] INFO  t.g.GestorRestauranteApplication.logStarted - Started GestorRestauranteApplication in 7.495 seconds (process running for 8.995)
2024-06-07 13:21:45.693 [http-nio-8080-exec-1] INFO  o.a.c.c.C.[Tomcat].[localhost].[/].log - Initializing Spring DispatcherServlet 'dispatcherServlet'
2024-06-07 13:21:45.706 [http-nio-8080-exec-1] INFO  o.s.web.servlet.DispatcherServlet.initServletBean - Initializing Servlet 'dispatcherServlet'
2024-06-07 13:21:45.781 [http-nio-8080-exec-1] INFO  o.s.web.servlet.DispatcherServlet.initServletBean - Completed initialization in 71 ms
2024-06-07 13:21:46.634 [http-nio-8080-exec-1] DEBUG org.hibernate.SQL.logStatement - select u1_0.`id`,u1_0.`city`,u1_0.`creation_date`,u1_0.`email`,u1_0.`last_login`,u1_0.`name`,u1_0.`nif`,u1_0.`password`,u1_0.`postal_code`,u1_0.`username` from `user` u1_0 where u1_0.`username`=?
2024-06-07 13:21:46.734 [http-nio-8080-exec-1] DEBUG org.hibernate.SQL.logStatement - select r1_0.`user_id`,r1_1.`id`,r1_1.`name` from `user_role` r1_0 join `rol` r1_1 on r1_1.`id`=r1_0.`role_id` where r1_0.`user_id`=?
2024-06-07 13:21:46.835 [http-nio-8080-exec-1] DEBUG org.hibernate.SQL.logStatement - select u1_0.`id`,u1_0.`city`,u1_0.`creation_date`,u1_0.`email`,u1_0.`last_login`,u1_0.`name`,u1_0.`nif`,u1_0.`password`,u1_0.`postal_code`,u1_0.`username` from `user` u1_0 where u1_0.`email`=?
2024-06-07 13:21:47.041 [http-nio-8080-exec-1] DEBUG org.hibernate.SQL.logStatement - select u1_0.`id` from `user` u1_0 where u1_0.`email`=?
2024-06-07 13:21:47.119 [http-nio-8080-exec-2] DEBUG org.hibernate.SQL.logStatement - SELECT ur.role_id FROM user u          INNER JOIN user_role ur ON u.id = ur.user_id WHERE u.id = ?
2024-06-07 13:21:47.399 [http-nio-8080-exec-3] DEBUG org.hibernate.SQL.logStatement - select p1_0.`id`,p1_0.`descripcion`,p1_0.`image`,p1_0.`ingredientes`,p1_0.`nombre`,p1_0.`nombre_categoria`,p1_0.`precio` from `producto` p1_0
2024-06-07 13:27:32.948 [http-nio-8080-exec-5] DEBUG org.hibernate.SQL.logStatement - select u1_0.`id`,u1_0.`city`,u1_0.`creation_date`,u1_0.`email`,u1_0.`last_login`,u1_0.`name`,u1_0.`nif`,u1_0.`password`,u1_0.`postal_code`,u1_0.`username` from `user` u1_0 where u1_0.`username`=?
2024-06-07 13:27:32.956 [http-nio-8080-exec-5] DEBUG org.hibernate.SQL.logStatement - select r1_0.`user_id`,r1_1.`id`,r1_1.`name` from `user_role` r1_0 join `rol` r1_1 on r1_1.`id`=r1_0.`role_id` where r1_0.`user_id`=?
2024-06-07 13:27:33.066 [http-nio-8080-exec-5] DEBUG org.hibernate.SQL.logStatement - select u1_0.`id`,u1_0.`city`,u1_0.`creation_date`,u1_0.`email`,u1_0.`last_login`,u1_0.`name`,u1_0.`nif`,u1_0.`password`,u1_0.`postal_code`,u1_0.`username` from `user` u1_0 where u1_0.`email`=?
2024-06-07 13:27:33.097 [http-nio-8080-exec-6] DEBUG org.hibernate.SQL.logStatement - select u1_0.`id` from `user` u1_0 where u1_0.`email`=?
2024-06-07 13:27:33.129 [http-nio-8080-exec-7] DEBUG org.hibernate.SQL.logStatement - SELECT ur.role_id FROM user u          INNER JOIN user_role ur ON u.id = ur.user_id WHERE u.id = ?
2024-06-07 13:27:33.328 [http-nio-8080-exec-8] DEBUG org.hibernate.SQL.logStatement - select p1_0.`id`,p1_0.`descripcion`,p1_0.`image`,p1_0.`ingredientes`,p1_0.`nombre`,p1_0.`nombre_categoria`,p1_0.`precio` from `producto` p1_0
2024-06-07 13:34:12.254 [http-nio-8080-exec-10] DEBUG org.hibernate.SQL.logStatement - select u1_0.`id`,u1_0.`city`,u1_0.`creation_date`,u1_0.`email`,u1_0.`last_login`,u1_0.`name`,u1_0.`nif`,u1_0.`password`,u1_0.`postal_code`,u1_0.`username` from `user` u1_0 where u1_0.`username`=?
2024-06-07 13:34:12.261 [http-nio-8080-exec-10] DEBUG org.hibernate.SQL.logStatement - select r1_0.`user_id`,r1_1.`id`,r1_1.`name` from `user_role` r1_0 join `rol` r1_1 on r1_1.`id`=r1_0.`role_id` where r1_0.`user_id`=?
2024-06-07 13:34:12.367 [http-nio-8080-exec-10] DEBUG org.hibernate.SQL.logStatement - select u1_0.`id`,u1_0.`city`,u1_0.`creation_date`,u1_0.`email`,u1_0.`last_login`,u1_0.`name`,u1_0.`nif`,u1_0.`password`,u1_0.`postal_code`,u1_0.`username` from `user` u1_0 where u1_0.`email`=?
2024-06-07 13:34:12.445 [http-nio-8080-exec-1] DEBUG org.hibernate.SQL.logStatement - select u1_0.`id` from `user` u1_0 where u1_0.`email`=?
2024-06-07 13:34:12.602 [http-nio-8080-exec-2] DEBUG org.hibernate.SQL.logStatement - SELECT ur.role_id FROM user u          INNER JOIN user_role ur ON u.id = ur.user_id WHERE u.id = ?
2024-06-07 13:34:13.641 [http-nio-8080-exec-3] DEBUG org.hibernate.SQL.logStatement - select p1_0.`id`,p1_0.`descripcion`,p1_0.`image`,p1_0.`ingredientes`,p1_0.`nombre`,p1_0.`nombre_categoria`,p1_0.`precio` from `producto` p1_0
2024-06-07 13:34:30.568 [http-nio-8080-exec-4] DEBUG org.hibernate.SQL.logStatement - select u1_0.`id`,u1_0.`city`,u1_0.`creation_date`,u1_0.`email`,u1_0.`last_login`,u1_0.`name`,u1_0.`nif`,u1_0.`password`,u1_0.`postal_code`,u1_0.`username` from `user` u1_0 where u1_0.`username`=?
2024-06-07 13:34:30.572 [http-nio-8080-exec-4] DEBUG org.hibernate.SQL.logStatement - select r1_0.`user_id`,r1_1.`id`,r1_1.`name` from `user_role` r1_0 join `rol` r1_1 on r1_1.`id`=r1_0.`role_id` where r1_0.`user_id`=?
2024-06-07 13:34:30.678 [http-nio-8080-exec-4] DEBUG org.hibernate.SQL.logStatement - select u1_0.`id`,u1_0.`city`,u1_0.`creation_date`,u1_0.`email`,u1_0.`last_login`,u1_0.`name`,u1_0.`nif`,u1_0.`password`,u1_0.`postal_code`,u1_0.`username` from `user` u1_0 where u1_0.`email`=?
2024-06-07 13:34:30.797 [http-nio-8080-exec-5] DEBUG org.hibernate.SQL.logStatement - select u1_0.`id` from `user` u1_0 where u1_0.`email`=?
2024-06-07 13:34:30.870 [http-nio-8080-exec-6] DEBUG org.hibernate.SQL.logStatement - SELECT ur.role_id FROM user u          INNER JOIN user_role ur ON u.id = ur.user_id WHERE u.id = ?
2024-06-07 13:34:31.762 [http-nio-8080-exec-7] DEBUG org.hibernate.SQL.logStatement - select p1_0.`id`,p1_0.`estado`,p1_0.`fecha_fin`,p1_0.`fecha_inicio`,p1_0.`total_pedido`,p1_0.`user_id` from `pedido` p1_0
2024-06-07 13:34:31.795 [http-nio-8080-exec-7] DEBUG org.hibernate.SQL.logStatement - select u1_0.`id`,u1_0.`city`,u1_0.`creation_date`,u1_0.`email`,u1_0.`last_login`,u1_0.`name`,u1_0.`nif`,u1_0.`password`,u1_0.`postal_code`,u1_0.`username`,r1_0.`user_id`,r1_1.`id`,r1_1.`name` from `user` u1_0 left join `user_role` r1_0 on u1_0.`id`=r1_0.`user_id` left join `rol` r1_1 on r1_1.`id`=r1_0.`role_id` where u1_0.`id`=?
2024-06-07 13:34:31.824 [http-nio-8080-exec-7] DEBUG org.hibernate.SQL.logStatement - select u1_0.`id`,u1_0.`city`,u1_0.`creation_date`,u1_0.`email`,u1_0.`last_login`,u1_0.`name`,u1_0.`nif`,u1_0.`password`,u1_0.`postal_code`,u1_0.`username`,r1_0.`user_id`,r1_1.`id`,r1_1.`name` from `user` u1_0 left join `user_role` r1_0 on u1_0.`id`=r1_0.`user_id` left join `rol` r1_1 on r1_1.`id`=r1_0.`role_id` where u1_0.`id`=?
2024-06-07 13:34:31.840 [http-nio-8080-exec-7] DEBUG org.hibernate.SQL.logStatement - select u1_0.`id`,u1_0.`city`,u1_0.`creation_date`,u1_0.`email`,u1_0.`last_login`,u1_0.`name`,u1_0.`nif`,u1_0.`password`,u1_0.`postal_code`,u1_0.`username`,r1_0.`user_id`,r1_1.`id`,r1_1.`name` from `user` u1_0 left join `user_role` r1_0 on u1_0.`id`=r1_0.`user_id` left join `rol` r1_1 on r1_1.`id`=r1_0.`role_id` where u1_0.`id`=?
2024-06-07 13:34:49.301 [http-nio-8080-exec-8] DEBUG org.hibernate.SQL.logStatement - select u1_0.`id`,u1_0.`city`,u1_0.`creation_date`,u1_0.`email`,u1_0.`last_login`,u1_0.`name`,u1_0.`nif`,u1_0.`password`,u1_0.`postal_code`,u1_0.`username` from `user` u1_0 where u1_0.`username`=?
2024-06-07 13:34:49.306 [http-nio-8080-exec-8] DEBUG org.hibernate.SQL.logStatement - select r1_0.`user_id`,r1_1.`id`,r1_1.`name` from `user_role` r1_0 join `rol` r1_1 on r1_1.`id`=r1_0.`role_id` where r1_0.`user_id`=?
2024-06-07 13:34:49.426 [http-nio-8080-exec-8] DEBUG org.hibernate.SQL.logStatement - select u1_0.`id`,u1_0.`city`,u1_0.`creation_date`,u1_0.`email`,u1_0.`last_login`,u1_0.`name`,u1_0.`nif`,u1_0.`password`,u1_0.`postal_code`,u1_0.`username` from `user` u1_0 where u1_0.`email`=?
2024-06-07 13:34:49.462 [http-nio-8080-exec-9] DEBUG org.hibernate.SQL.logStatement - select u1_0.`id` from `user` u1_0 where u1_0.`email`=?
2024-06-07 13:34:49.499 [http-nio-8080-exec-10] DEBUG org.hibernate.SQL.logStatement - SELECT ur.role_id FROM user u          INNER JOIN user_role ur ON u.id = ur.user_id WHERE u.id = ?
2024-06-07 13:37:45.578 [http-nio-8080-exec-2] DEBUG org.hibernate.SQL.logStatement - select u1_0.`id`,u1_0.`city`,u1_0.`creation_date`,u1_0.`email`,u1_0.`last_login`,u1_0.`name`,u1_0.`nif`,u1_0.`password`,u1_0.`postal_code`,u1_0.`username` from `user` u1_0 where u1_0.`username`=?
2024-06-07 13:37:45.582 [http-nio-8080-exec-2] DEBUG org.hibernate.SQL.logStatement - select r1_0.`user_id`,r1_1.`id`,r1_1.`name` from `user_role` r1_0 join `rol` r1_1 on r1_1.`id`=r1_0.`role_id` where r1_0.`user_id`=?
2024-06-07 13:37:45.670 [http-nio-8080-exec-2] DEBUG org.hibernate.SQL.logStatement - select u1_0.`id`,u1_0.`city`,u1_0.`creation_date`,u1_0.`email`,u1_0.`last_login`,u1_0.`name`,u1_0.`nif`,u1_0.`password`,u1_0.`postal_code`,u1_0.`username` from `user` u1_0 where u1_0.`email`=?
2024-06-07 13:37:45.692 [http-nio-8080-exec-3] DEBUG org.hibernate.SQL.logStatement - select u1_0.`id` from `user` u1_0 where u1_0.`email`=?
2024-06-07 13:37:45.722 [http-nio-8080-exec-4] DEBUG org.hibernate.SQL.logStatement - SELECT ur.role_id FROM user u          INNER JOIN user_role ur ON u.id = ur.user_id WHERE u.id = ?
