2024-05-31 23:20:12.432 [restartedMain] INFO  t.g.GestorRestauranteApplication.logStarting - Starting GestorRestauranteApplication using Java 21.0.2 with PID 12348 (C:\Users\ACR\Desktop\TFC\AARON\SPRINGBOOT\gestorRestaurante\target\classes started by ACR in C:\Users\ACR\Desktop\TFC\AARON\SPRINGBOOT\gestorRestaurante)
2024-05-31 23:20:12.446 [restartedMain] INFO  t.g.GestorRestauranteApplication.logStartupProfileInfo - No active profile set, falling back to 1 default profile: "default"
2024-05-31 23:20:12.587 [restartedMain] INFO  o.s.b.d.e.DevToolsPropertyDefaultsPostProcessor.logTo - Devtools property defaults active! Set 'spring.devtools.add-properties' to 'false' to disable
2024-05-31 23:20:12.588 [restartedMain] INFO  o.s.b.d.e.DevToolsPropertyDefaultsPostProcessor.logTo - For additional web related logging consider setting the 'logging.level.web' property to 'DEBUG'
2024-05-31 23:20:16.383 [restartedMain] INFO  o.s.d.r.c.RepositoryConfigurationDelegate.registerRepositoriesIn - Bootstrapping Spring Data JPA repositories in DEFAULT mode.
2024-05-31 23:20:16.485 [restartedMain] INFO  o.s.d.r.c.RepositoryConfigurationDelegate.registerRepositoriesIn - Finished Spring Data repository scanning in 90 ms. Found 5 JPA repository interfaces.
2024-05-31 23:20:18.215 [restartedMain] INFO  o.s.b.w.e.tomcat.TomcatWebServer.initialize - Tomcat initialized with port 8080 (http)
2024-05-31 23:20:18.241 [restartedMain] INFO  o.a.catalina.core.StandardService.log - Starting service [Tomcat]
2024-05-31 23:20:18.241 [restartedMain] INFO  o.a.catalina.core.StandardEngine.log - Starting Servlet engine: [Apache Tomcat/10.1.19]
2024-05-31 23:20:18.355 [restartedMain] INFO  o.a.c.c.C.[Tomcat].[localhost].[/].log - Initializing Spring embedded WebApplicationContext
2024-05-31 23:20:18.356 [restartedMain] INFO  o.s.b.w.s.c.ServletWebServerApplicationContext.prepareWebApplicationContext - Root WebApplicationContext: initialization completed in 5766 ms
2024-05-31 23:20:18.680 [restartedMain] WARN  o.s.b.a.o.j.JpaBaseConfiguration$JpaWebConfiguration.openEntityManagerInViewInterceptor - spring.jpa.open-in-view is enabled by default. Therefore, database queries may be performed during view rendering. Explicitly configure spring.jpa.open-in-view to disable this warning
2024-05-31 23:20:19.013 [restartedMain] INFO  o.h.jpa.internal.util.LogHelper.logPersistenceUnitInformation - HHH000204: Processing PersistenceUnitInfo [name: default]
2024-05-31 23:20:19.265 [restartedMain] INFO  org.hibernate.Version.logVersion - HHH000412: Hibernate ORM core version 6.4.4.Final
2024-05-31 23:20:19.379 [restartedMain] INFO  o.h.c.i.RegionFactoryInitiator.initiateService - HHH000026: Second-level cache disabled
2024-05-31 23:20:20.216 [restartedMain] INFO  o.s.o.j.p.SpringPersistenceUnitInfo.addTransformer - No LoadTimeWeaver setup: ignoring JPA class transformer
2024-05-31 23:20:20.306 [restartedMain] INFO  com.zaxxer.hikari.HikariDataSource.getConnection - HikariPool-1 - Starting...
2024-05-31 23:20:20.523 [restartedMain] INFO  com.zaxxer.hikari.pool.HikariPool.checkFailFast - HikariPool-1 - Added connection org.mariadb.jdbc.Connection@72c34958
2024-05-31 23:20:20.527 [restartedMain] INFO  com.zaxxer.hikari.HikariDataSource.getConnection - HikariPool-1 - Start completed.
2024-05-31 23:20:22.481 [restartedMain] INFO  o.h.e.t.j.p.i.JtaPlatformInitiator.initiateService - HHH000489: No JTA platform available (set 'hibernate.transaction.jta.platform' to enable JTA platform integration)
2024-05-31 23:20:22.607 [restartedMain] INFO  o.s.o.j.LocalContainerEntityManagerFactoryBean.buildNativeEntityManagerFactory - Initialized JPA EntityManagerFactory for persistence unit 'default'
2024-05-31 23:20:23.338 [restartedMain] INFO  o.s.d.j.r.query.QueryEnhancerFactory.<clinit> - Hibernate is in classpath; If applicable, HQL parser will be used.
2024-05-31 23:20:24.852 [restartedMain] INFO  o.s.s.web.DefaultSecurityFilterChain.<init> - Will secure any request with [org.springframework.security.web.session.DisableEncodeUrlFilter@deeb232, org.springframework.security.web.context.request.async.WebAsyncManagerIntegrationFilter@61310b84, org.springframework.security.web.context.SecurityContextHolderFilter@ffbaf29, org.springframework.security.web.header.HeaderWriterFilter@21b1ac6c, org.springframework.security.web.authentication.logout.LogoutFilter@63eca6dc, tfc.gestorRestaurante.security.JwtAuthenticationFilter@36191d83, org.springframework.security.web.savedrequest.RequestCacheAwareFilter@607e6137, org.springframework.security.web.servletapi.SecurityContextHolderAwareRequestFilter@190ab1dd, org.springframework.security.web.authentication.AnonymousAuthenticationFilter@41029d58, org.springframework.security.web.session.SessionManagementFilter@15ec766e, org.springframework.security.web.access.ExceptionTranslationFilter@642da91b, org.springframework.security.web.access.intercept.AuthorizationFilter@34eb0b00]
2024-05-31 23:20:25.461 [restartedMain] INFO  o.s.b.d.a.OptionalLiveReloadServer.startServer - LiveReload server is running on port 35729
2024-05-31 23:20:25.510 [restartedMain] INFO  o.s.b.w.e.tomcat.TomcatWebServer.start - Tomcat started on port 8080 (http) with context path ''
2024-05-31 23:20:25.521 [restartedMain] INFO  t.g.GestorRestauranteApplication.logStarted - Started GestorRestauranteApplication in 13.976 seconds (process running for 15.498)
2024-05-31 23:20:29.217 [http-nio-8080-exec-1] INFO  o.a.c.c.C.[Tomcat].[localhost].[/].log - Initializing Spring DispatcherServlet 'dispatcherServlet'
2024-05-31 23:20:29.218 [http-nio-8080-exec-1] INFO  o.s.web.servlet.DispatcherServlet.initServletBean - Initializing Servlet 'dispatcherServlet'
2024-05-31 23:20:29.223 [http-nio-8080-exec-1] INFO  o.s.web.servlet.DispatcherServlet.initServletBean - Completed initialization in 4 ms
2024-05-31 23:20:30.850 [http-nio-8080-exec-9] INFO  o.s.api.AbstractOpenApiResource.getOpenApi - Init duration for springdoc-openapi is: 1063 ms
2024-05-31 23:27:08.175 [http-nio-8080-exec-10] DEBUG org.hibernate.SQL.logStatement - select u1_0.`id`,u1_0.`city`,u1_0.`creation_date`,u1_0.`email`,u1_0.`last_login`,u1_0.`name`,u1_0.`nif`,u1_0.`password`,u1_0.`postal_code`,u1_0.`username` from `user` u1_0 where u1_0.`username`=?
2024-05-31 23:27:08.251 [http-nio-8080-exec-10] DEBUG org.hibernate.SQL.logStatement - select r1_0.`user_id`,r1_1.`id`,r1_1.`name` from `user_role` r1_0 join `rol` r1_1 on r1_1.`id`=r1_0.`role_id` where r1_0.`user_id`=?
2024-05-31 23:27:08.389 [http-nio-8080-exec-10] DEBUG org.hibernate.SQL.logStatement - select u1_0.`id`,u1_0.`city`,u1_0.`creation_date`,u1_0.`email`,u1_0.`last_login`,u1_0.`name`,u1_0.`nif`,u1_0.`password`,u1_0.`postal_code`,u1_0.`username` from `user` u1_0 where u1_0.`email`=?
2024-05-31 23:27:08.615 [http-nio-8080-exec-7] DEBUG org.hibernate.SQL.logStatement - select u1_0.`id` from `user` u1_0 where u1_0.`email`=?
2024-05-31 23:27:08.781 [http-nio-8080-exec-3] DEBUG org.hibernate.SQL.logStatement - SELECT ur.role_id FROM user u          INNER JOIN user_role ur ON u.id = ur.user_id WHERE u.id = ?
2024-05-31 23:27:09.064 [http-nio-8080-exec-1] DEBUG org.hibernate.SQL.logStatement - select p1_0.`id`,p1_0.`descripcion`,p1_0.`image`,p1_0.`ingredientes`,p1_0.`nombre`,p1_0.`nombre_categoria`,p1_0.`precio` from `producto` p1_0
2024-05-31 23:27:31.514 [http-nio-8080-exec-2] DEBUG org.hibernate.SQL.logStatement - select u1_0.`id`,u1_0.`city`,u1_0.`creation_date`,u1_0.`email`,u1_0.`last_login`,u1_0.`name`,u1_0.`nif`,u1_0.`password`,u1_0.`postal_code`,u1_0.`username` from `user` u1_0 where u1_0.`username`=?
2024-05-31 23:27:31.516 [http-nio-8080-exec-2] DEBUG org.hibernate.SQL.logStatement - select r1_0.`user_id`,r1_1.`id`,r1_1.`name` from `user_role` r1_0 join `rol` r1_1 on r1_1.`id`=r1_0.`role_id` where r1_0.`user_id`=?
2024-05-31 23:27:31.613 [http-nio-8080-exec-2] DEBUG org.hibernate.SQL.logStatement - select u1_0.`id`,u1_0.`city`,u1_0.`creation_date`,u1_0.`email`,u1_0.`last_login`,u1_0.`name`,u1_0.`nif`,u1_0.`password`,u1_0.`postal_code`,u1_0.`username` from `user` u1_0 where u1_0.`email`=?
2024-05-31 23:27:31.647 [http-nio-8080-exec-6] DEBUG org.hibernate.SQL.logStatement - select u1_0.`id` from `user` u1_0 where u1_0.`email`=?
2024-05-31 23:27:31.666 [http-nio-8080-exec-4] DEBUG org.hibernate.SQL.logStatement - SELECT ur.role_id FROM user u          INNER JOIN user_role ur ON u.id = ur.user_id WHERE u.id = ?
2024-05-31 23:27:31.892 [http-nio-8080-exec-9] DEBUG org.hibernate.SQL.logStatement - select p1_0.`id`,p1_0.`descripcion`,p1_0.`image`,p1_0.`ingredientes`,p1_0.`nombre`,p1_0.`nombre_categoria`,p1_0.`precio` from `producto` p1_0
2024-05-31 23:27:40.282 [http-nio-8080-exec-8] DEBUG org.hibernate.SQL.logStatement - select p1_0.`id`,p1_0.`estado`,p1_0.`fecha_fin`,p1_0.`fecha_inicio`,p1_0.`total_pedido`,p1_0.`user_id` from `pedido` p1_0 left join `user` u1_0 on u1_0.`id`=p1_0.`user_id` where u1_0.`id`=?
2024-05-31 23:27:40.297 [http-nio-8080-exec-8] DEBUG org.hibernate.SQL.logStatement - select u1_0.`id`,u1_0.`city`,u1_0.`creation_date`,u1_0.`email`,u1_0.`last_login`,u1_0.`name`,u1_0.`nif`,u1_0.`password`,u1_0.`postal_code`,u1_0.`username`,r1_0.`user_id`,r1_1.`id`,r1_1.`name` from `user` u1_0 left join `user_role` r1_0 on u1_0.`id`=r1_0.`user_id` left join `rol` r1_1 on r1_1.`id`=r1_0.`role_id` where u1_0.`id`=?
2024-05-31 23:28:42.971 [http-nio-8080-exec-10] DEBUG org.hibernate.SQL.logStatement - select u1_0.`id`,u1_0.`city`,u1_0.`creation_date`,u1_0.`email`,u1_0.`last_login`,u1_0.`name`,u1_0.`nif`,u1_0.`password`,u1_0.`postal_code`,u1_0.`username`,r1_0.`user_id`,r1_1.`id`,r1_1.`name` from `user` u1_0 left join `user_role` r1_0 on u1_0.`id`=r1_0.`user_id` left join `rol` r1_1 on r1_1.`id`=r1_0.`role_id` where u1_0.`id`=?
2024-05-31 23:28:42.997 [http-nio-8080-exec-10] DEBUG org.hibernate.SQL.logStatement - insert into `pedido` (`estado`,`fecha_fin`,`fecha_inicio`,`total_pedido`,`user_id`) values (?,?,?,?,?)
2024-05-31 23:28:43.021 [http-nio-8080-exec-10] DEBUG org.hibernate.SQL.logStatement - insert into `detalle_pedido` (`cantidad_detalle_pedido`,`pedido_id`,`precio_detalle_pedido`,`producto_id`) values (?,?,?,?)
2024-05-31 23:28:43.026 [http-nio-8080-exec-10] DEBUG org.hibernate.SQL.logStatement - insert into `detalle_pedido` (`cantidad_detalle_pedido`,`pedido_id`,`precio_detalle_pedido`,`producto_id`) values (?,?,?,?)
2024-05-31 23:28:43.274 [http-nio-8080-exec-7] DEBUG org.hibernate.SQL.logStatement - select p1_0.`id`,p1_0.`descripcion`,p1_0.`image`,p1_0.`ingredientes`,p1_0.`nombre`,p1_0.`nombre_categoria`,p1_0.`precio` from `producto` p1_0
2024-05-31 23:28:52.607 [http-nio-8080-exec-3] DEBUG org.hibernate.SQL.logStatement - select p1_0.`id`,p1_0.`estado`,p1_0.`fecha_fin`,p1_0.`fecha_inicio`,p1_0.`total_pedido`,p1_0.`user_id` from `pedido` p1_0 left join `user` u1_0 on u1_0.`id`=p1_0.`user_id` where u1_0.`id`=?
2024-05-31 23:28:52.611 [http-nio-8080-exec-3] DEBUG org.hibernate.SQL.logStatement - select u1_0.`id`,u1_0.`city`,u1_0.`creation_date`,u1_0.`email`,u1_0.`last_login`,u1_0.`name`,u1_0.`nif`,u1_0.`password`,u1_0.`postal_code`,u1_0.`username`,r1_0.`user_id`,r1_1.`id`,r1_1.`name` from `user` u1_0 left join `user_role` r1_0 on u1_0.`id`=r1_0.`user_id` left join `rol` r1_1 on r1_1.`id`=r1_0.`role_id` where u1_0.`id`=?
2024-05-31 23:29:15.061 [http-nio-8080-exec-1] DEBUG org.hibernate.SQL.logStatement - select u1_0.`id`,u1_0.`city`,u1_0.`creation_date`,u1_0.`email`,u1_0.`last_login`,u1_0.`name`,u1_0.`nif`,u1_0.`password`,u1_0.`postal_code`,u1_0.`username` from `user` u1_0 where u1_0.`username`=?
2024-05-31 23:29:15.064 [http-nio-8080-exec-1] DEBUG org.hibernate.SQL.logStatement - select r1_0.`user_id`,r1_1.`id`,r1_1.`name` from `user_role` r1_0 join `rol` r1_1 on r1_1.`id`=r1_0.`role_id` where r1_0.`user_id`=?
2024-05-31 23:29:15.147 [http-nio-8080-exec-1] DEBUG org.hibernate.SQL.logStatement - select u1_0.`id`,u1_0.`city`,u1_0.`creation_date`,u1_0.`email`,u1_0.`last_login`,u1_0.`name`,u1_0.`nif`,u1_0.`password`,u1_0.`postal_code`,u1_0.`username` from `user` u1_0 where u1_0.`email`=?
2024-05-31 23:29:15.187 [http-nio-8080-exec-2] DEBUG org.hibernate.SQL.logStatement - select u1_0.`id` from `user` u1_0 where u1_0.`email`=?
2024-05-31 23:29:15.473 [http-nio-8080-exec-6] DEBUG org.hibernate.SQL.logStatement - SELECT ur.role_id FROM user u          INNER JOIN user_role ur ON u.id = ur.user_id WHERE u.id = ?
2024-05-31 23:29:17.923 [http-nio-8080-exec-4] DEBUG org.hibernate.SQL.logStatement - select p1_0.`id`,p1_0.`descripcion`,p1_0.`image`,p1_0.`ingredientes`,p1_0.`nombre`,p1_0.`nombre_categoria`,p1_0.`precio` from `producto` p1_0
2024-05-31 23:30:02.727 [http-nio-8080-exec-9] DEBUG org.hibernate.SQL.logStatement - select p1_0.`id`,p1_0.`descripcion`,p1_0.`image`,p1_0.`ingredientes`,p1_0.`nombre`,p1_0.`nombre_categoria`,p1_0.`precio` from `producto` p1_0 where p1_0.`id`=?
2024-05-31 23:30:02.746 [http-nio-8080-exec-9] DEBUG org.hibernate.SQL.logStatement - select dp1_0.`producto_id`,dp1_0.`id_detalle_pedido`,dp1_0.`cantidad_detalle_pedido`,p1_0.`id`,p1_0.`estado`,p1_0.`fecha_fin`,p1_0.`fecha_inicio`,p1_0.`total_pedido`,u1_0.`id`,u1_0.`city`,u1_0.`creation_date`,u1_0.`email`,u1_0.`last_login`,u1_0.`name`,u1_0.`nif`,u1_0.`password`,u1_0.`postal_code`,u1_0.`username`,dp1_0.`precio_detalle_pedido` from `detalle_pedido` dp1_0 left join `pedido` p1_0 on p1_0.`id`=dp1_0.`pedido_id` left join `user` u1_0 on u1_0.`id`=p1_0.`user_id` where dp1_0.`producto_id`=?
2024-05-31 23:30:02.763 [http-nio-8080-exec-9] DEBUG org.hibernate.SQL.logStatement - delete from `producto` where `id`=?
2024-05-31 23:30:02.916 [http-nio-8080-exec-8] DEBUG org.hibernate.SQL.logStatement - select p1_0.`id`,p1_0.`descripcion`,p1_0.`image`,p1_0.`ingredientes`,p1_0.`nombre`,p1_0.`nombre_categoria`,p1_0.`precio` from `producto` p1_0
2024-05-31 23:30:07.820 [http-nio-8080-exec-5] DEBUG org.hibernate.SQL.logStatement - insert into `producto` (`descripcion`,`image`,`ingredientes`,`nombre`,`nombre_categoria`,`precio`) values (?,?,?,?,?,?)
2024-05-31 23:30:08.043 [http-nio-8080-exec-10] DEBUG org.hibernate.SQL.logStatement - select p1_0.`id`,p1_0.`descripcion`,p1_0.`image`,p1_0.`ingredientes`,p1_0.`nombre`,p1_0.`nombre_categoria`,p1_0.`precio` from `producto` p1_0
2024-05-31 23:30:13.733 [http-nio-8080-exec-7] DEBUG org.hibernate.SQL.logStatement - select p1_0.`id`,p1_0.`descripcion`,p1_0.`image`,p1_0.`ingredientes`,p1_0.`nombre`,p1_0.`nombre_categoria`,p1_0.`precio` from `producto` p1_0 where p1_0.`id`=?
2024-05-31 23:30:38.314 [http-nio-8080-exec-3] DEBUG org.hibernate.SQL.logStatement - select p1_0.`id`,p1_0.`descripcion`,p1_0.`image`,p1_0.`ingredientes`,p1_0.`nombre`,p1_0.`nombre_categoria`,p1_0.`precio` from `producto` p1_0 where p1_0.`id`=?
2024-05-31 23:30:44.757 [http-nio-8080-exec-1] DEBUG org.hibernate.SQL.logStatement - select p1_0.`id`,p1_0.`descripcion`,p1_0.`image`,p1_0.`ingredientes`,p1_0.`nombre`,p1_0.`nombre_categoria`,p1_0.`precio` from `producto` p1_0 where p1_0.`id`=?
2024-05-31 23:30:44.780 [http-nio-8080-exec-1] DEBUG org.hibernate.SQL.logStatement - update `producto` set `descripcion`=?,`image`=?,`ingredientes`=?,`nombre`=?,`nombre_categoria`=?,`precio`=? where `id`=?
2024-05-31 23:30:45.006 [http-nio-8080-exec-2] DEBUG org.hibernate.SQL.logStatement - select p1_0.`id`,p1_0.`descripcion`,p1_0.`image`,p1_0.`ingredientes`,p1_0.`nombre`,p1_0.`nombre_categoria`,p1_0.`precio` from `producto` p1_0
2024-05-31 23:30:50.439 [http-nio-8080-exec-6] DEBUG org.hibernate.SQL.logStatement - select p1_0.`id`,p1_0.`estado`,p1_0.`fecha_fin`,p1_0.`fecha_inicio`,p1_0.`total_pedido`,p1_0.`user_id` from `pedido` p1_0
2024-05-31 23:30:50.444 [http-nio-8080-exec-6] DEBUG org.hibernate.SQL.logStatement - select u1_0.`id`,u1_0.`city`,u1_0.`creation_date`,u1_0.`email`,u1_0.`last_login`,u1_0.`name`,u1_0.`nif`,u1_0.`password`,u1_0.`postal_code`,u1_0.`username`,r1_0.`user_id`,r1_1.`id`,r1_1.`name` from `user` u1_0 left join `user_role` r1_0 on u1_0.`id`=r1_0.`user_id` left join `rol` r1_1 on r1_1.`id`=r1_0.`role_id` where u1_0.`id`=?
2024-05-31 23:30:50.456 [http-nio-8080-exec-6] DEBUG org.hibernate.SQL.logStatement - select u1_0.`id`,u1_0.`city`,u1_0.`creation_date`,u1_0.`email`,u1_0.`last_login`,u1_0.`name`,u1_0.`nif`,u1_0.`password`,u1_0.`postal_code`,u1_0.`username`,r1_0.`user_id`,r1_1.`id`,r1_1.`name` from `user` u1_0 left join `user_role` r1_0 on u1_0.`id`=r1_0.`user_id` left join `rol` r1_1 on r1_1.`id`=r1_0.`role_id` where u1_0.`id`=?
2024-05-31 23:30:50.467 [http-nio-8080-exec-6] DEBUG org.hibernate.SQL.logStatement - select u1_0.`id`,u1_0.`city`,u1_0.`creation_date`,u1_0.`email`,u1_0.`last_login`,u1_0.`name`,u1_0.`nif`,u1_0.`password`,u1_0.`postal_code`,u1_0.`username`,r1_0.`user_id`,r1_1.`id`,r1_1.`name` from `user` u1_0 left join `user_role` r1_0 on u1_0.`id`=r1_0.`user_id` left join `rol` r1_1 on r1_1.`id`=r1_0.`role_id` where u1_0.`id`=?
2024-05-31 23:31:07.101 [http-nio-8080-exec-4] DEBUG org.hibernate.SQL.logStatement - select p1_0.`id`,p1_0.`estado`,p1_0.`fecha_fin`,p1_0.`fecha_inicio`,p1_0.`total_pedido`,u1_0.`id`,u1_0.`city`,u1_0.`creation_date`,u1_0.`email`,u1_0.`last_login`,u1_0.`name`,u1_0.`nif`,u1_0.`password`,u1_0.`postal_code`,u1_0.`username`,r1_0.`user_id`,r1_1.`id`,r1_1.`name` from `pedido` p1_0 left join `user` u1_0 on u1_0.`id`=p1_0.`user_id` left join `user_role` r1_0 on u1_0.`id`=r1_0.`user_id` left join `rol` r1_1 on r1_1.`id`=r1_0.`role_id` where p1_0.`id`=?
2024-05-31 23:31:07.110 [http-nio-8080-exec-4] DEBUG org.hibernate.SQL.logStatement - update `pedido` set `estado`=?,`fecha_fin`=? where `id`=?
2024-05-31 23:31:07.204 [http-nio-8080-exec-9] DEBUG org.hibernate.SQL.logStatement - select p1_0.`id`,p1_0.`estado`,p1_0.`fecha_fin`,p1_0.`fecha_inicio`,p1_0.`total_pedido`,p1_0.`user_id` from `pedido` p1_0
2024-05-31 23:31:07.207 [http-nio-8080-exec-9] DEBUG org.hibernate.SQL.logStatement - select u1_0.`id`,u1_0.`city`,u1_0.`creation_date`,u1_0.`email`,u1_0.`last_login`,u1_0.`name`,u1_0.`nif`,u1_0.`password`,u1_0.`postal_code`,u1_0.`username`,r1_0.`user_id`,r1_1.`id`,r1_1.`name` from `user` u1_0 left join `user_role` r1_0 on u1_0.`id`=r1_0.`user_id` left join `rol` r1_1 on r1_1.`id`=r1_0.`role_id` where u1_0.`id`=?
2024-05-31 23:31:07.211 [http-nio-8080-exec-9] DEBUG org.hibernate.SQL.logStatement - select u1_0.`id`,u1_0.`city`,u1_0.`creation_date`,u1_0.`email`,u1_0.`last_login`,u1_0.`name`,u1_0.`nif`,u1_0.`password`,u1_0.`postal_code`,u1_0.`username`,r1_0.`user_id`,r1_1.`id`,r1_1.`name` from `user` u1_0 left join `user_role` r1_0 on u1_0.`id`=r1_0.`user_id` left join `rol` r1_1 on r1_1.`id`=r1_0.`role_id` where u1_0.`id`=?
2024-05-31 23:31:07.217 [http-nio-8080-exec-9] DEBUG org.hibernate.SQL.logStatement - select u1_0.`id`,u1_0.`city`,u1_0.`creation_date`,u1_0.`email`,u1_0.`last_login`,u1_0.`name`,u1_0.`nif`,u1_0.`password`,u1_0.`postal_code`,u1_0.`username`,r1_0.`user_id`,r1_1.`id`,r1_1.`name` from `user` u1_0 left join `user_role` r1_0 on u1_0.`id`=r1_0.`user_id` left join `rol` r1_1 on r1_1.`id`=r1_0.`role_id` where u1_0.`id`=?
2024-05-31 23:31:13.710 [http-nio-8080-exec-8] DEBUG org.hibernate.SQL.logStatement - select p1_0.`id`,p1_0.`estado`,p1_0.`fecha_fin`,p1_0.`fecha_inicio`,p1_0.`total_pedido`,u1_0.`id`,u1_0.`city`,u1_0.`creation_date`,u1_0.`email`,u1_0.`last_login`,u1_0.`name`,u1_0.`nif`,u1_0.`password`,u1_0.`postal_code`,u1_0.`username`,r1_0.`user_id`,r1_1.`id`,r1_1.`name` from `pedido` p1_0 left join `user` u1_0 on u1_0.`id`=p1_0.`user_id` left join `user_role` r1_0 on u1_0.`id`=r1_0.`user_id` left join `rol` r1_1 on r1_1.`id`=r1_0.`role_id` where p1_0.`id`=?
2024-05-31 23:31:13.714 [http-nio-8080-exec-8] DEBUG org.hibernate.SQL.logStatement - update `pedido` set `estado`=?,`fecha_fin`=? where `id`=?
2024-05-31 23:31:14.043 [http-nio-8080-exec-5] DEBUG org.hibernate.SQL.logStatement - select p1_0.`id`,p1_0.`estado`,p1_0.`fecha_fin`,p1_0.`fecha_inicio`,p1_0.`total_pedido`,p1_0.`user_id` from `pedido` p1_0
2024-05-31 23:31:14.045 [http-nio-8080-exec-5] DEBUG org.hibernate.SQL.logStatement - select u1_0.`id`,u1_0.`city`,u1_0.`creation_date`,u1_0.`email`,u1_0.`last_login`,u1_0.`name`,u1_0.`nif`,u1_0.`password`,u1_0.`postal_code`,u1_0.`username`,r1_0.`user_id`,r1_1.`id`,r1_1.`name` from `user` u1_0 left join `user_role` r1_0 on u1_0.`id`=r1_0.`user_id` left join `rol` r1_1 on r1_1.`id`=r1_0.`role_id` where u1_0.`id`=?
2024-05-31 23:31:14.048 [http-nio-8080-exec-5] DEBUG org.hibernate.SQL.logStatement - select u1_0.`id`,u1_0.`city`,u1_0.`creation_date`,u1_0.`email`,u1_0.`last_login`,u1_0.`name`,u1_0.`nif`,u1_0.`password`,u1_0.`postal_code`,u1_0.`username`,r1_0.`user_id`,r1_1.`id`,r1_1.`name` from `user` u1_0 left join `user_role` r1_0 on u1_0.`id`=r1_0.`user_id` left join `rol` r1_1 on r1_1.`id`=r1_0.`role_id` where u1_0.`id`=?
2024-05-31 23:31:14.053 [http-nio-8080-exec-5] DEBUG org.hibernate.SQL.logStatement - select u1_0.`id`,u1_0.`city`,u1_0.`creation_date`,u1_0.`email`,u1_0.`last_login`,u1_0.`name`,u1_0.`nif`,u1_0.`password`,u1_0.`postal_code`,u1_0.`username`,r1_0.`user_id`,r1_1.`id`,r1_1.`name` from `user` u1_0 left join `user_role` r1_0 on u1_0.`id`=r1_0.`user_id` left join `rol` r1_1 on r1_1.`id`=r1_0.`role_id` where u1_0.`id`=?
2024-05-31 23:31:18.590 [http-nio-8080-exec-10] DEBUG org.hibernate.SQL.logStatement - select p1_0.`id`,p1_0.`estado`,p1_0.`fecha_fin`,p1_0.`fecha_inicio`,p1_0.`total_pedido`,u1_0.`id`,u1_0.`city`,u1_0.`creation_date`,u1_0.`email`,u1_0.`last_login`,u1_0.`name`,u1_0.`nif`,u1_0.`password`,u1_0.`postal_code`,u1_0.`username`,r1_0.`user_id`,r1_1.`id`,r1_1.`name` from `pedido` p1_0 left join `user` u1_0 on u1_0.`id`=p1_0.`user_id` left join `user_role` r1_0 on u1_0.`id`=r1_0.`user_id` left join `rol` r1_1 on r1_1.`id`=r1_0.`role_id` where p1_0.`id`=?
2024-05-31 23:31:18.595 [http-nio-8080-exec-10] DEBUG org.hibernate.SQL.logStatement - update `pedido` set `estado`=?,`fecha_fin`=? where `id`=?
2024-05-31 23:31:18.769 [http-nio-8080-exec-7] DEBUG org.hibernate.SQL.logStatement - select p1_0.`id`,p1_0.`estado`,p1_0.`fecha_fin`,p1_0.`fecha_inicio`,p1_0.`total_pedido`,p1_0.`user_id` from `pedido` p1_0
2024-05-31 23:31:18.774 [http-nio-8080-exec-7] DEBUG org.hibernate.SQL.logStatement - select u1_0.`id`,u1_0.`city`,u1_0.`creation_date`,u1_0.`email`,u1_0.`last_login`,u1_0.`name`,u1_0.`nif`,u1_0.`password`,u1_0.`postal_code`,u1_0.`username`,r1_0.`user_id`,r1_1.`id`,r1_1.`name` from `user` u1_0 left join `user_role` r1_0 on u1_0.`id`=r1_0.`user_id` left join `rol` r1_1 on r1_1.`id`=r1_0.`role_id` where u1_0.`id`=?
2024-05-31 23:31:18.779 [http-nio-8080-exec-7] DEBUG org.hibernate.SQL.logStatement - select u1_0.`id`,u1_0.`city`,u1_0.`creation_date`,u1_0.`email`,u1_0.`last_login`,u1_0.`name`,u1_0.`nif`,u1_0.`password`,u1_0.`postal_code`,u1_0.`username`,r1_0.`user_id`,r1_1.`id`,r1_1.`name` from `user` u1_0 left join `user_role` r1_0 on u1_0.`id`=r1_0.`user_id` left join `rol` r1_1 on r1_1.`id`=r1_0.`role_id` where u1_0.`id`=?
2024-05-31 23:31:18.785 [http-nio-8080-exec-7] DEBUG org.hibernate.SQL.logStatement - select u1_0.`id`,u1_0.`city`,u1_0.`creation_date`,u1_0.`email`,u1_0.`last_login`,u1_0.`name`,u1_0.`nif`,u1_0.`password`,u1_0.`postal_code`,u1_0.`username`,r1_0.`user_id`,r1_1.`id`,r1_1.`name` from `user` u1_0 left join `user_role` r1_0 on u1_0.`id`=r1_0.`user_id` left join `rol` r1_1 on r1_1.`id`=r1_0.`role_id` where u1_0.`id`=?
2024-05-31 23:31:29.995 [http-nio-8080-exec-3] DEBUG org.hibernate.SQL.logStatement - select p1_0.`id`,p1_0.`estado`,p1_0.`fecha_fin`,p1_0.`fecha_inicio`,p1_0.`total_pedido`,u1_0.`id`,u1_0.`city`,u1_0.`creation_date`,u1_0.`email`,u1_0.`last_login`,u1_0.`name`,u1_0.`nif`,u1_0.`password`,u1_0.`postal_code`,u1_0.`username`,r1_0.`user_id`,r1_1.`id`,r1_1.`name` from `pedido` p1_0 left join `user` u1_0 on u1_0.`id`=p1_0.`user_id` left join `user_role` r1_0 on u1_0.`id`=r1_0.`user_id` left join `rol` r1_1 on r1_1.`id`=r1_0.`role_id` where p1_0.`id`=?
2024-05-31 23:31:29.999 [http-nio-8080-exec-3] DEBUG org.hibernate.SQL.logStatement - update `pedido` set `estado`=?,`fecha_fin`=? where `id`=?
2024-05-31 23:31:30.126 [http-nio-8080-exec-1] DEBUG org.hibernate.SQL.logStatement - select p1_0.`id`,p1_0.`estado`,p1_0.`fecha_fin`,p1_0.`fecha_inicio`,p1_0.`total_pedido`,p1_0.`user_id` from `pedido` p1_0
2024-05-31 23:31:30.130 [http-nio-8080-exec-1] DEBUG org.hibernate.SQL.logStatement - select u1_0.`id`,u1_0.`city`,u1_0.`creation_date`,u1_0.`email`,u1_0.`last_login`,u1_0.`name`,u1_0.`nif`,u1_0.`password`,u1_0.`postal_code`,u1_0.`username`,r1_0.`user_id`,r1_1.`id`,r1_1.`name` from `user` u1_0 left join `user_role` r1_0 on u1_0.`id`=r1_0.`user_id` left join `rol` r1_1 on r1_1.`id`=r1_0.`role_id` where u1_0.`id`=?
2024-05-31 23:31:30.141 [http-nio-8080-exec-1] DEBUG org.hibernate.SQL.logStatement - select u1_0.`id`,u1_0.`city`,u1_0.`creation_date`,u1_0.`email`,u1_0.`last_login`,u1_0.`name`,u1_0.`nif`,u1_0.`password`,u1_0.`postal_code`,u1_0.`username`,r1_0.`user_id`,r1_1.`id`,r1_1.`name` from `user` u1_0 left join `user_role` r1_0 on u1_0.`id`=r1_0.`user_id` left join `rol` r1_1 on r1_1.`id`=r1_0.`role_id` where u1_0.`id`=?
2024-05-31 23:31:30.151 [http-nio-8080-exec-1] DEBUG org.hibernate.SQL.logStatement - select u1_0.`id`,u1_0.`city`,u1_0.`creation_date`,u1_0.`email`,u1_0.`last_login`,u1_0.`name`,u1_0.`nif`,u1_0.`password`,u1_0.`postal_code`,u1_0.`username`,r1_0.`user_id`,r1_1.`id`,r1_1.`name` from `user` u1_0 left join `user_role` r1_0 on u1_0.`id`=r1_0.`user_id` left join `rol` r1_1 on r1_1.`id`=r1_0.`role_id` where u1_0.`id`=?
2024-05-31 23:32:32.370 [http-nio-8080-exec-6] DEBUG org.hibernate.SQL.logStatement - select p1_0.`id`,p1_0.`estado`,p1_0.`fecha_fin`,p1_0.`fecha_inicio`,p1_0.`total_pedido`,p1_0.`user_id` from `pedido` p1_0
2024-05-31 23:32:32.373 [http-nio-8080-exec-6] DEBUG org.hibernate.SQL.logStatement - select u1_0.`id`,u1_0.`city`,u1_0.`creation_date`,u1_0.`email`,u1_0.`last_login`,u1_0.`name`,u1_0.`nif`,u1_0.`password`,u1_0.`postal_code`,u1_0.`username`,r1_0.`user_id`,r1_1.`id`,r1_1.`name` from `user` u1_0 left join `user_role` r1_0 on u1_0.`id`=r1_0.`user_id` left join `rol` r1_1 on r1_1.`id`=r1_0.`role_id` where u1_0.`id`=?
2024-05-31 23:32:32.380 [http-nio-8080-exec-6] DEBUG org.hibernate.SQL.logStatement - select u1_0.`id`,u1_0.`city`,u1_0.`creation_date`,u1_0.`email`,u1_0.`last_login`,u1_0.`name`,u1_0.`nif`,u1_0.`password`,u1_0.`postal_code`,u1_0.`username`,r1_0.`user_id`,r1_1.`id`,r1_1.`name` from `user` u1_0 left join `user_role` r1_0 on u1_0.`id`=r1_0.`user_id` left join `rol` r1_1 on r1_1.`id`=r1_0.`role_id` where u1_0.`id`=?
2024-05-31 23:32:32.386 [http-nio-8080-exec-6] DEBUG org.hibernate.SQL.logStatement - select u1_0.`id`,u1_0.`city`,u1_0.`creation_date`,u1_0.`email`,u1_0.`last_login`,u1_0.`name`,u1_0.`nif`,u1_0.`password`,u1_0.`postal_code`,u1_0.`username`,r1_0.`user_id`,r1_1.`id`,r1_1.`name` from `user` u1_0 left join `user_role` r1_0 on u1_0.`id`=r1_0.`user_id` left join `rol` r1_1 on r1_1.`id`=r1_0.`role_id` where u1_0.`id`=?
2024-05-31 23:34:41.950 [http-nio-8080-exec-9] DEBUG org.hibernate.SQL.logStatement - select u1_0.`id`,u1_0.`city`,u1_0.`creation_date`,u1_0.`email`,u1_0.`last_login`,u1_0.`name`,u1_0.`nif`,u1_0.`password`,u1_0.`postal_code`,u1_0.`username` from `user` u1_0 where u1_0.`username`=?
2024-05-31 23:34:41.953 [http-nio-8080-exec-9] DEBUG org.hibernate.SQL.logStatement - select r1_0.`user_id`,r1_1.`id`,r1_1.`name` from `user_role` r1_0 join `rol` r1_1 on r1_1.`id`=r1_0.`role_id` where r1_0.`user_id`=?
2024-05-31 23:34:42.030 [http-nio-8080-exec-9] DEBUG org.hibernate.SQL.logStatement - select u1_0.`id`,u1_0.`city`,u1_0.`creation_date`,u1_0.`email`,u1_0.`last_login`,u1_0.`name`,u1_0.`nif`,u1_0.`password`,u1_0.`postal_code`,u1_0.`username` from `user` u1_0 where u1_0.`email`=?
2024-05-31 23:34:42.125 [http-nio-8080-exec-8] DEBUG org.hibernate.SQL.logStatement - select u1_0.`id` from `user` u1_0 where u1_0.`email`=?
2024-05-31 23:34:42.141 [http-nio-8080-exec-5] DEBUG org.hibernate.SQL.logStatement - SELECT ur.role_id FROM user u          INNER JOIN user_role ur ON u.id = ur.user_id WHERE u.id = ?
2024-05-31 23:37:09.222 [http-nio-8080-exec-7] DEBUG org.hibernate.SQL.logStatement - select u1_0.`id`,u1_0.`city`,u1_0.`creation_date`,u1_0.`email`,u1_0.`last_login`,u1_0.`name`,u1_0.`nif`,u1_0.`password`,u1_0.`postal_code`,u1_0.`username` from `user` u1_0 where u1_0.`username`=?
2024-05-31 23:37:09.225 [http-nio-8080-exec-7] DEBUG org.hibernate.SQL.logStatement - select r1_0.`user_id`,r1_1.`id`,r1_1.`name` from `user_role` r1_0 join `rol` r1_1 on r1_1.`id`=r1_0.`role_id` where r1_0.`user_id`=?
2024-05-31 23:37:09.304 [http-nio-8080-exec-7] DEBUG org.hibernate.SQL.logStatement - select u1_0.`id`,u1_0.`city`,u1_0.`creation_date`,u1_0.`email`,u1_0.`last_login`,u1_0.`name`,u1_0.`nif`,u1_0.`password`,u1_0.`postal_code`,u1_0.`username` from `user` u1_0 where u1_0.`email`=?
2024-05-31 23:37:09.379 [http-nio-8080-exec-3] DEBUG org.hibernate.SQL.logStatement - select u1_0.`id` from `user` u1_0 where u1_0.`email`=?
2024-05-31 23:37:09.413 [http-nio-8080-exec-1] DEBUG org.hibernate.SQL.logStatement - SELECT ur.role_id FROM user u          INNER JOIN user_role ur ON u.id = ur.user_id WHERE u.id = ?
2024-05-31 23:56:08.825 [SpringApplicationShutdownHook] INFO  o.s.o.j.LocalContainerEntityManagerFactoryBean.destroy - Closing JPA EntityManagerFactory for persistence unit 'default'
2024-05-31 23:56:08.831 [SpringApplicationShutdownHook] INFO  com.zaxxer.hikari.HikariDataSource.close - HikariPool-1 - Shutdown initiated...
2024-05-31 23:56:08.834 [SpringApplicationShutdownHook] INFO  com.zaxxer.hikari.HikariDataSource.close - HikariPool-1 - Shutdown completed.
