2024-05-12 11:26:35.172 [HikariPool-1 housekeeper] WARN  com.zaxxer.hikari.pool.HikariPool.run - HikariPool-1 - Thread starvation or clock leap detected (housekeeper delta=12h54m11s478ms580µs300ns).
2024-05-12 11:33:17.463 [http-nio-8080-exec-8] DEBUG org.hibernate.SQL.logStatement - select u1_0.`id`,u1_0.`city`,u1_0.`creation_date`,u1_0.`email`,u1_0.`last_login`,u1_0.`name`,u1_0.`nif`,u1_0.`password`,u1_0.`postal_code`,u1_0.`username` from `user` u1_0 where u1_0.`username`=?
2024-05-12 11:33:17.470 [http-nio-8080-exec-8] DEBUG org.hibernate.SQL.logStatement - select r1_0.`user_id`,r1_1.`id`,r1_1.`name` from `user_role` r1_0 join `rol` r1_1 on r1_1.`id`=r1_0.`role_id` where r1_0.`user_id`=?
2024-05-12 11:33:17.554 [http-nio-8080-exec-8] DEBUG org.hibernate.SQL.logStatement - select u1_0.`id`,u1_0.`city`,u1_0.`creation_date`,u1_0.`email`,u1_0.`last_login`,u1_0.`name`,u1_0.`nif`,u1_0.`password`,u1_0.`postal_code`,u1_0.`username` from `user` u1_0 where u1_0.`email`=?
2024-05-12 11:33:17.646 [http-nio-8080-exec-1] DEBUG org.hibernate.SQL.logStatement - select u1_0.`id` from `user` u1_0 where u1_0.`email`=?
2024-05-12 11:33:17.753 [http-nio-8080-exec-2] DEBUG org.hibernate.SQL.logStatement - SELECT ur.role_id FROM user u          INNER JOIN user_role ur ON u.id = ur.user_id WHERE u.id = ?
2024-05-12 11:33:25.889 [http-nio-8080-exec-4] DEBUG org.hibernate.SQL.logStatement - select p1_0.`id`,p1_0.`descripcion`,p1_0.`image`,p1_0.`ingredientes`,p1_0.`nombre`,p1_0.`nombre_categoria`,p1_0.`precio` from `producto` p1_0
2024-05-12 11:33:49.902 [http-nio-8080-exec-3] DEBUG org.hibernate.SQL.logStatement - select u1_0.`id`,u1_0.`city`,u1_0.`creation_date`,u1_0.`email`,u1_0.`last_login`,u1_0.`name`,u1_0.`nif`,u1_0.`password`,u1_0.`postal_code`,u1_0.`username`,r1_0.`user_id`,r1_1.`id`,r1_1.`name` from `user` u1_0 left join `user_role` r1_0 on u1_0.`id`=r1_0.`user_id` left join `rol` r1_1 on r1_1.`id`=r1_0.`role_id` where u1_0.`id`=?
2024-05-12 11:33:49.917 [http-nio-8080-exec-3] DEBUG org.hibernate.SQL.logStatement - insert into `pedido` (`estado`,`fecha_fin`,`fecha_inicio`,`total_pedido`,`user_id`) values (?,?,?,?,?)
2024-05-12 11:33:49.927 [http-nio-8080-exec-3] DEBUG org.hibernate.SQL.logStatement - insert into `detalle_pedido` (`cantidad_detalle_pedido`,`pedido_id`,`precio_detalle_pedido`,`producto_id`) values (?,?,?,?)
2024-05-12 11:34:11.457 [http-nio-8080-exec-5] DEBUG org.hibernate.SQL.logStatement - select p1_0.`id`,p1_0.`descripcion`,p1_0.`image`,p1_0.`ingredientes`,p1_0.`nombre`,p1_0.`nombre_categoria`,p1_0.`precio` from `producto` p1_0
2024-05-12 11:35:41.681 [http-nio-8080-exec-9] DEBUG org.hibernate.SQL.logStatement - select p1_0.`id`,p1_0.`descripcion`,p1_0.`image`,p1_0.`ingredientes`,p1_0.`nombre`,p1_0.`nombre_categoria`,p1_0.`precio` from `producto` p1_0
2024-05-12 11:37:14.497 [http-nio-8080-exec-6] DEBUG org.hibernate.SQL.logStatement - select u1_0.`id`,u1_0.`city`,u1_0.`creation_date`,u1_0.`email`,u1_0.`last_login`,u1_0.`name`,u1_0.`nif`,u1_0.`password`,u1_0.`postal_code`,u1_0.`username` from `user` u1_0 where u1_0.`username`=?
2024-05-12 11:37:14.500 [http-nio-8080-exec-6] DEBUG org.hibernate.SQL.logStatement - select r1_0.`user_id`,r1_1.`id`,r1_1.`name` from `user_role` r1_0 join `rol` r1_1 on r1_1.`id`=r1_0.`role_id` where r1_0.`user_id`=?
2024-05-12 11:37:14.581 [http-nio-8080-exec-6] DEBUG org.hibernate.SQL.logStatement - select u1_0.`id`,u1_0.`city`,u1_0.`creation_date`,u1_0.`email`,u1_0.`last_login`,u1_0.`name`,u1_0.`nif`,u1_0.`password`,u1_0.`postal_code`,u1_0.`username` from `user` u1_0 where u1_0.`email`=?
2024-05-12 11:37:14.675 [http-nio-8080-exec-8] DEBUG org.hibernate.SQL.logStatement - select u1_0.`id` from `user` u1_0 where u1_0.`email`=?
2024-05-12 11:37:14.698 [http-nio-8080-exec-1] DEBUG org.hibernate.SQL.logStatement - SELECT ur.role_id FROM user u          INNER JOIN user_role ur ON u.id = ur.user_id WHERE u.id = ?
2024-05-12 11:37:16.945 [http-nio-8080-exec-2] DEBUG org.hibernate.SQL.logStatement - select p1_0.`id`,p1_0.`descripcion`,p1_0.`image`,p1_0.`ingredientes`,p1_0.`nombre`,p1_0.`nombre_categoria`,p1_0.`precio` from `producto` p1_0
2024-05-12 11:37:31.851 [http-nio-8080-exec-4] DEBUG org.hibernate.SQL.logStatement - select p1_0.`id`,p1_0.`descripcion`,p1_0.`image`,p1_0.`ingredientes`,p1_0.`nombre`,p1_0.`nombre_categoria`,p1_0.`precio` from `producto` p1_0 where p1_0.`id`=?
2024-05-12 11:37:31.864 [http-nio-8080-exec-4] DEBUG org.hibernate.SQL.logStatement - select dp1_0.`producto_id`,dp1_0.`id_detalle_pedido`,dp1_0.`cantidad_detalle_pedido`,p1_0.`id`,p1_0.`estado`,p1_0.`fecha_fin`,p1_0.`fecha_inicio`,p1_0.`total_pedido`,u1_0.`id`,u1_0.`city`,u1_0.`creation_date`,u1_0.`email`,u1_0.`last_login`,u1_0.`name`,u1_0.`nif`,u1_0.`password`,u1_0.`postal_code`,u1_0.`username`,dp1_0.`precio_detalle_pedido` from `detalle_pedido` dp1_0 left join `pedido` p1_0 on p1_0.`id`=dp1_0.`pedido_id` left join `user` u1_0 on u1_0.`id`=p1_0.`user_id` where dp1_0.`producto_id`=?
2024-05-12 11:37:31.886 [http-nio-8080-exec-4] DEBUG org.hibernate.SQL.logStatement - delete from `producto` where `id`=?
2024-05-12 11:37:32.101 [http-nio-8080-exec-3] DEBUG org.hibernate.SQL.logStatement - select p1_0.`id`,p1_0.`descripcion`,p1_0.`image`,p1_0.`ingredientes`,p1_0.`nombre`,p1_0.`nombre_categoria`,p1_0.`precio` from `producto` p1_0
2024-05-12 11:37:41.477 [http-nio-8080-exec-5] DEBUG org.hibernate.SQL.logStatement - select p1_0.`id`,p1_0.`descripcion`,p1_0.`image`,p1_0.`ingredientes`,p1_0.`nombre`,p1_0.`nombre_categoria`,p1_0.`precio` from `producto` p1_0 where p1_0.`id`=?
2024-05-12 11:38:04.973 [http-nio-8080-exec-7] DEBUG org.hibernate.SQL.logStatement - select p1_0.`id`,p1_0.`descripcion`,p1_0.`image`,p1_0.`ingredientes`,p1_0.`nombre`,p1_0.`nombre_categoria`,p1_0.`precio` from `producto` p1_0 where p1_0.`id`=?
2024-05-12 11:38:04.997 [http-nio-8080-exec-7] DEBUG org.hibernate.SQL.logStatement - update `producto` set `descripcion`=?,`image`=?,`ingredientes`=?,`nombre`=?,`nombre_categoria`=?,`precio`=? where `id`=?
2024-05-12 11:38:05.227 [http-nio-8080-exec-9] DEBUG org.hibernate.SQL.logStatement - select p1_0.`id`,p1_0.`descripcion`,p1_0.`image`,p1_0.`ingredientes`,p1_0.`nombre`,p1_0.`nombre_categoria`,p1_0.`precio` from `producto` p1_0
2024-05-12 11:38:07.688 [http-nio-8080-exec-10] DEBUG org.hibernate.SQL.logStatement - select p1_0.`id`,p1_0.`descripcion`,p1_0.`image`,p1_0.`ingredientes`,p1_0.`nombre`,p1_0.`nombre_categoria`,p1_0.`precio` from `producto` p1_0 where p1_0.`id`=?
2024-05-12 11:38:23.360 [http-nio-8080-exec-6] DEBUG org.hibernate.SQL.logStatement - insert into `producto` (`descripcion`,`image`,`ingredientes`,`nombre`,`nombre_categoria`,`precio`) values (?,?,?,?,?,?)
2024-05-12 11:38:23.427 [http-nio-8080-exec-8] DEBUG org.hibernate.SQL.logStatement - select p1_0.`id`,p1_0.`descripcion`,p1_0.`image`,p1_0.`ingredientes`,p1_0.`nombre`,p1_0.`nombre_categoria`,p1_0.`precio` from `producto` p1_0
2024-05-12 11:38:26.738 [http-nio-8080-exec-1] DEBUG org.hibernate.SQL.logStatement - select p1_0.`id`,p1_0.`descripcion`,p1_0.`image`,p1_0.`ingredientes`,p1_0.`nombre`,p1_0.`nombre_categoria`,p1_0.`precio` from `producto` p1_0 where p1_0.`id`=?
2024-05-12 11:43:46.765 [File Watcher] INFO  o.s.b.d.a.LocalDevToolsAutoConfiguration$RestartingClassPathChangeChangedEventListener.onApplicationEvent - Restarting due to 1 class path change (0 additions, 1 deletion, 0 modifications)
2024-05-12 11:43:46.812 [Thread-5] INFO  o.s.o.j.LocalContainerEntityManagerFactoryBean.destroy - Closing JPA EntityManagerFactory for persistence unit 'default'
2024-05-12 11:43:46.830 [Thread-5] INFO  com.zaxxer.hikari.HikariDataSource.close - HikariPool-1 - Shutdown initiated...
2024-05-12 11:43:46.834 [Thread-5] INFO  com.zaxxer.hikari.HikariDataSource.close - HikariPool-1 - Shutdown completed.
2024-05-12 11:43:47.112 [restartedMain] INFO  t.g.GestorRestauranteApplication.logStarting - Starting GestorRestauranteApplication using Java 21.0.2 with PID 2248 (C:\Users\ACR\Desktop\TFC\AARON\SPRINGBOOT\gestorRestaurante\target\classes started by ACR in C:\Users\ACR\Desktop\TFC\AARON\SPRINGBOOT\gestorRestaurante)
2024-05-12 11:43:47.113 [restartedMain] INFO  t.g.GestorRestauranteApplication.logStartupProfileInfo - No active profile set, falling back to 1 default profile: "default"
2024-05-12 11:43:47.676 [restartedMain] INFO  o.s.d.r.c.RepositoryConfigurationDelegate.registerRepositoriesIn - Bootstrapping Spring Data JPA repositories in DEFAULT mode.
2024-05-12 11:43:47.693 [restartedMain] WARN  o.s.b.w.s.c.AnnotationConfigServletWebServerApplicationContext.refresh - Exception encountered during context initialization - cancelling refresh attempt: java.lang.TypeNotPresentException: Type tfc.gestorRestaurante.models.entity.Producto not present
2024-05-12 11:43:47.697 [restartedMain] INFO  o.s.b.a.l.ConditionEvaluationReportLogger.logMessage - 

Error starting ApplicationContext. To display the condition evaluation report re-run your application with 'debug' enabled.
2024-05-12 11:43:47.732 [restartedMain] ERROR o.s.boot.SpringApplication.reportFailure - Application run failed
java.lang.TypeNotPresentException: Type tfc.gestorRestaurante.models.entity.Producto not present
	at java.base/sun.reflect.generics.factory.CoreReflectionFactory.makeNamedType(CoreReflectionFactory.java:117)
	at java.base/sun.reflect.generics.visitor.Reifier.visitClassTypeSignature(Reifier.java:125)
	at java.base/sun.reflect.generics.tree.ClassTypeSignature.accept(ClassTypeSignature.java:49)
	at java.base/sun.reflect.generics.visitor.Reifier.reifyTypeArguments(Reifier.java:68)
	at java.base/sun.reflect.generics.visitor.Reifier.visitClassTypeSignature(Reifier.java:138)
	at java.base/sun.reflect.generics.tree.ClassTypeSignature.accept(ClassTypeSignature.java:49)
	at java.base/sun.reflect.generics.repository.ClassRepository.computeSuperInterfaces(ClassRepository.java:117)
	at java.base/sun.reflect.generics.repository.ClassRepository.getSuperInterfaces(ClassRepository.java:95)
	at java.base/java.lang.Class.getGenericInterfaces(Class.java:1296)
	at org.springframework.core.ResolvableType.getInterfaces(ResolvableType.java:517)
	at org.springframework.core.ResolvableType.as(ResolvableType.java:465)
	at org.springframework.data.util.TypeDiscoverer.getSuperTypeInformation(TypeDiscoverer.java:254)
	at org.springframework.data.util.ClassTypeInformation.getSuperTypeInformation(ClassTypeInformation.java:36)
	at org.springframework.data.util.TypeInformation.getRequiredSuperTypeInformation(TypeInformation.java:327)
	at org.springframework.data.repository.core.support.DefaultRepositoryMetadata.<init>(DefaultRepositoryMetadata.java:55)
	at org.springframework.data.repository.core.support.AbstractRepositoryMetadata.getMetadata(AbstractRepositoryMetadata.java:77)
	at org.springframework.data.repository.config.RepositoryConfigurationExtensionSupport.getRepositoryConfigurations(RepositoryConfigurationExtensionSupport.java:91)
	at org.springframework.data.repository.config.RepositoryConfigurationDelegate.registerRepositoriesIn(RepositoryConfigurationDelegate.java:164)
	at org.springframework.boot.autoconfigure.data.AbstractRepositoryConfigurationSourceSupport.registerBeanDefinitions(AbstractRepositoryConfigurationSourceSupport.java:62)
	at org.springframework.context.annotation.ConfigurationClassBeanDefinitionReader.lambda$loadBeanDefinitionsFromRegistrars$1(ConfigurationClassBeanDefinitionReader.java:376)
	at java.base/java.util.LinkedHashMap.forEach(LinkedHashMap.java:986)
	at org.springframework.context.annotation.ConfigurationClassBeanDefinitionReader.loadBeanDefinitionsFromRegistrars(ConfigurationClassBeanDefinitionReader.java:375)
	at org.springframework.context.annotation.ConfigurationClassBeanDefinitionReader.loadBeanDefinitionsForConfigurationClass(ConfigurationClassBeanDefinitionReader.java:148)
	at org.springframework.context.annotation.ConfigurationClassBeanDefinitionReader.loadBeanDefinitions(ConfigurationClassBeanDefinitionReader.java:120)
	at org.springframework.context.annotation.ConfigurationClassPostProcessor.processConfigBeanDefinitions(ConfigurationClassPostProcessor.java:428)
	at org.springframework.context.annotation.ConfigurationClassPostProcessor.postProcessBeanDefinitionRegistry(ConfigurationClassPostProcessor.java:289)
	at org.springframework.context.support.PostProcessorRegistrationDelegate.invokeBeanDefinitionRegistryPostProcessors(PostProcessorRegistrationDelegate.java:349)
	at org.springframework.context.support.PostProcessorRegistrationDelegate.invokeBeanFactoryPostProcessors(PostProcessorRegistrationDelegate.java:118)
	at org.springframework.context.support.AbstractApplicationContext.invokeBeanFactoryPostProcessors(AbstractApplicationContext.java:788)
	at org.springframework.context.support.AbstractApplicationContext.refresh(AbstractApplicationContext.java:606)
	at org.springframework.boot.web.servlet.context.ServletWebServerApplicationContext.refresh(ServletWebServerApplicationContext.java:146)
	at org.springframework.boot.SpringApplication.refresh(SpringApplication.java:754)
	at org.springframework.boot.SpringApplication.refreshContext(SpringApplication.java:456)
	at org.springframework.boot.SpringApplication.run(SpringApplication.java:334)
	at org.springframework.boot.SpringApplication.run(SpringApplication.java:1354)
	at org.springframework.boot.SpringApplication.run(SpringApplication.java:1343)
	at tfc.gestorRestaurante.GestorRestauranteApplication.main(GestorRestauranteApplication.java:21)
	at java.base/jdk.internal.reflect.DirectMethodHandleAccessor.invoke(DirectMethodHandleAccessor.java:103)
	at java.base/java.lang.reflect.Method.invoke(Method.java:580)
	at org.springframework.boot.devtools.restart.RestartLauncher.run(RestartLauncher.java:50)
Caused by: java.lang.ClassNotFoundException: tfc.gestorRestaurante.models.entity.Producto
	at java.base/jdk.internal.loader.BuiltinClassLoader.loadClass(BuiltinClassLoader.java:641)
	at java.base/jdk.internal.loader.ClassLoaders$AppClassLoader.loadClass(ClassLoaders.java:188)
	at java.base/java.lang.ClassLoader.loadClass(ClassLoader.java:526)
	at java.base/java.lang.Class.forName0(Native Method)
	at java.base/java.lang.Class.forName(Class.java:534)
	at java.base/java.lang.Class.forName(Class.java:513)
	at org.springframework.boot.devtools.restart.classloader.RestartClassLoader.loadClass(RestartClassLoader.java:121)
	at java.base/java.lang.ClassLoader.loadClass(ClassLoader.java:526)
	at java.base/java.lang.Class.forName0(Native Method)
	at java.base/java.lang.Class.forName(Class.java:534)
	at java.base/java.lang.Class.forName(Class.java:513)
	at java.base/sun.reflect.generics.factory.CoreReflectionFactory.makeNamedType(CoreReflectionFactory.java:114)
	... 39 common frames omitted
2024-05-12 11:43:49.242 [restartedMain] INFO  t.g.GestorRestauranteApplication.logStarting - Starting GestorRestauranteApplication using Java 21.0.2 with PID 2248 (C:\Users\ACR\Desktop\TFC\AARON\SPRINGBOOT\gestorRestaurante\target\classes started by ACR in C:\Users\ACR\Desktop\TFC\AARON\SPRINGBOOT\gestorRestaurante)
2024-05-12 11:43:49.242 [restartedMain] INFO  t.g.GestorRestauranteApplication.logStartupProfileInfo - No active profile set, falling back to 1 default profile: "default"
2024-05-12 11:43:49.682 [restartedMain] INFO  o.s.d.r.c.RepositoryConfigurationDelegate.registerRepositoriesIn - Bootstrapping Spring Data JPA repositories in DEFAULT mode.
2024-05-12 11:43:49.716 [restartedMain] INFO  o.s.d.r.c.RepositoryConfigurationDelegate.registerRepositoriesIn - Finished Spring Data repository scanning in 34 ms. Found 5 JPA repository interfaces.
2024-05-12 11:43:50.062 [restartedMain] INFO  o.s.b.w.e.tomcat.TomcatWebServer.initialize - Tomcat initialized with port 8080 (http)
2024-05-12 11:43:50.065 [restartedMain] INFO  o.a.catalina.core.StandardService.log - Starting service [Tomcat]
2024-05-12 11:43:50.065 [restartedMain] INFO  o.a.catalina.core.StandardEngine.log - Starting Servlet engine: [Apache Tomcat/10.1.19]
2024-05-12 11:43:50.105 [restartedMain] INFO  o.a.c.c.C.[Tomcat].[localhost].[/].log - Initializing Spring embedded WebApplicationContext
2024-05-12 11:43:50.106 [restartedMain] INFO  o.s.b.w.s.c.ServletWebServerApplicationContext.prepareWebApplicationContext - Root WebApplicationContext: initialization completed in 862 ms
2024-05-12 11:43:50.194 [restartedMain] WARN  o.s.b.a.o.j.JpaBaseConfiguration$JpaWebConfiguration.openEntityManagerInViewInterceptor - spring.jpa.open-in-view is enabled by default. Therefore, database queries may be performed during view rendering. Explicitly configure spring.jpa.open-in-view to disable this warning
2024-05-12 11:43:50.252 [restartedMain] INFO  o.h.jpa.internal.util.LogHelper.logPersistenceUnitInformation - HHH000204: Processing PersistenceUnitInfo [name: default]
2024-05-12 11:43:50.255 [restartedMain] INFO  o.h.c.i.RegionFactoryInitiator.initiateService - HHH000026: Second-level cache disabled
2024-05-12 11:43:50.262 [restartedMain] INFO  o.s.o.j.p.SpringPersistenceUnitInfo.addTransformer - No LoadTimeWeaver setup: ignoring JPA class transformer
2024-05-12 11:43:50.263 [restartedMain] INFO  com.zaxxer.hikari.HikariDataSource.getConnection - HikariPool-2 - Starting...
2024-05-12 11:43:50.269 [restartedMain] INFO  com.zaxxer.hikari.pool.HikariPool.checkFailFast - HikariPool-2 - Added connection org.mariadb.jdbc.Connection@5626dab0
2024-05-12 11:43:50.269 [restartedMain] INFO  com.zaxxer.hikari.HikariDataSource.getConnection - HikariPool-2 - Start completed.
2024-05-12 11:43:50.482 [restartedMain] INFO  o.h.e.t.j.p.i.JtaPlatformInitiator.initiateService - HHH000489: No JTA platform available (set 'hibernate.transaction.jta.platform' to enable JTA platform integration)
2024-05-12 11:43:50.511 [restartedMain] INFO  o.s.o.j.LocalContainerEntityManagerFactoryBean.buildNativeEntityManagerFactory - Initialized JPA EntityManagerFactory for persistence unit 'default'
2024-05-12 11:43:51.141 [restartedMain] INFO  o.s.s.web.DefaultSecurityFilterChain.<init> - Will secure any request with [org.springframework.security.web.session.DisableEncodeUrlFilter@2f693f08, org.springframework.security.web.context.request.async.WebAsyncManagerIntegrationFilter@4d539ae5, org.springframework.security.web.context.SecurityContextHolderFilter@63e0bc8d, org.springframework.security.web.header.HeaderWriterFilter@7c7044b1, org.springframework.security.web.authentication.logout.LogoutFilter@1f1fa8e8, tfc.gestorRestaurante.security.JwtAuthenticationFilter@4a8edb9c, org.springframework.security.web.savedrequest.RequestCacheAwareFilter@67a87207, org.springframework.security.web.servletapi.SecurityContextHolderAwareRequestFilter@1903e78f, org.springframework.security.web.authentication.AnonymousAuthenticationFilter@68bf33f0, org.springframework.security.web.session.SessionManagementFilter@7bf37dbc, org.springframework.security.web.access.ExceptionTranslationFilter@5e3b5ee8, org.springframework.security.web.access.intercept.AuthorizationFilter@3dba7e36]
2024-05-12 11:43:51.484 [restartedMain] INFO  o.s.b.d.a.OptionalLiveReloadServer.startServer - LiveReload server is running on port 35729
2024-05-12 11:43:51.521 [restartedMain] INFO  o.s.b.w.e.tomcat.TomcatWebServer.start - Tomcat started on port 8080 (http) with context path ''
2024-05-12 11:43:51.525 [restartedMain] INFO  t.g.GestorRestauranteApplication.logStarted - Started GestorRestauranteApplication in 2.329 seconds (process running for 53316.094)
2024-05-12 11:43:51.527 [restartedMain] INFO  o.s.b.d.a.ConditionEvaluationDeltaLoggingListener.onApplicationEvent - Condition evaluation unchanged
2024-05-12 11:47:53.318 [http-nio-8080-exec-1] INFO  o.a.c.c.C.[Tomcat].[localhost].[/].log - Initializing Spring DispatcherServlet 'dispatcherServlet'
2024-05-12 11:47:53.319 [http-nio-8080-exec-1] INFO  o.s.web.servlet.DispatcherServlet.initServletBean - Initializing Servlet 'dispatcherServlet'
2024-05-12 11:47:53.321 [http-nio-8080-exec-1] INFO  o.s.web.servlet.DispatcherServlet.initServletBean - Completed initialization in 2 ms
2024-05-12 11:47:53.329 [http-nio-8080-exec-1] DEBUG org.hibernate.SQL.logStatement - select p1_0.`id`,p1_0.`estado`,p1_0.`fecha_fin`,p1_0.`fecha_inicio`,p1_0.`total_pedido`,p1_0.`user_id` from `pedido` p1_0
2024-05-12 11:47:53.333 [http-nio-8080-exec-1] DEBUG org.hibernate.SQL.logStatement - select u1_0.`id`,u1_0.`city`,u1_0.`creation_date`,u1_0.`email`,u1_0.`last_login`,u1_0.`name`,u1_0.`nif`,u1_0.`password`,u1_0.`postal_code`,u1_0.`username`,r1_0.`user_id`,r1_1.`id`,r1_1.`name` from `user` u1_0 left join `user_role` r1_0 on u1_0.`id`=r1_0.`user_id` left join `rol` r1_1 on r1_1.`id`=r1_0.`role_id` where u1_0.`id`=?
2024-05-12 11:47:53.337 [http-nio-8080-exec-1] DEBUG org.hibernate.SQL.logStatement - select u1_0.`id`,u1_0.`city`,u1_0.`creation_date`,u1_0.`email`,u1_0.`last_login`,u1_0.`name`,u1_0.`nif`,u1_0.`password`,u1_0.`postal_code`,u1_0.`username`,r1_0.`user_id`,r1_1.`id`,r1_1.`name` from `user` u1_0 left join `user_role` r1_0 on u1_0.`id`=r1_0.`user_id` left join `rol` r1_1 on r1_1.`id`=r1_0.`role_id` where u1_0.`id`=?
2024-05-12 12:13:36.065 [http-nio-8080-exec-2] DEBUG org.hibernate.SQL.logStatement - select u1_0.`id`,u1_0.`city`,u1_0.`creation_date`,u1_0.`email`,u1_0.`last_login`,u1_0.`name`,u1_0.`nif`,u1_0.`password`,u1_0.`postal_code`,u1_0.`username` from `user` u1_0 where u1_0.`username`=?
2024-05-12 12:13:36.069 [http-nio-8080-exec-2] DEBUG org.hibernate.SQL.logStatement - select r1_0.`user_id`,r1_1.`id`,r1_1.`name` from `user_role` r1_0 join `rol` r1_1 on r1_1.`id`=r1_0.`role_id` where r1_0.`user_id`=?
2024-05-12 12:13:36.142 [http-nio-8080-exec-2] DEBUG org.hibernate.SQL.logStatement - select u1_0.`id`,u1_0.`city`,u1_0.`creation_date`,u1_0.`email`,u1_0.`last_login`,u1_0.`name`,u1_0.`nif`,u1_0.`password`,u1_0.`postal_code`,u1_0.`username` from `user` u1_0 where u1_0.`email`=?
2024-05-12 12:13:36.176 [http-nio-8080-exec-4] DEBUG org.hibernate.SQL.logStatement - select u1_0.`id` from `user` u1_0 where u1_0.`email`=?
2024-05-12 12:13:36.204 [http-nio-8080-exec-5] DEBUG org.hibernate.SQL.logStatement - SELECT ur.role_id FROM user u          INNER JOIN user_role ur ON u.id = ur.user_id WHERE u.id = ?
2024-05-12 12:13:39.167 [http-nio-8080-exec-6] DEBUG org.hibernate.SQL.logStatement - select p1_0.`id`,p1_0.`estado`,p1_0.`fecha_fin`,p1_0.`fecha_inicio`,p1_0.`total_pedido`,p1_0.`user_id` from `pedido` p1_0
2024-05-12 12:13:39.168 [http-nio-8080-exec-6] DEBUG org.hibernate.SQL.logStatement - select u1_0.`id`,u1_0.`city`,u1_0.`creation_date`,u1_0.`email`,u1_0.`last_login`,u1_0.`name`,u1_0.`nif`,u1_0.`password`,u1_0.`postal_code`,u1_0.`username`,r1_0.`user_id`,r1_1.`id`,r1_1.`name` from `user` u1_0 left join `user_role` r1_0 on u1_0.`id`=r1_0.`user_id` left join `rol` r1_1 on r1_1.`id`=r1_0.`role_id` where u1_0.`id`=?
2024-05-12 12:13:39.173 [http-nio-8080-exec-6] DEBUG org.hibernate.SQL.logStatement - select u1_0.`id`,u1_0.`city`,u1_0.`creation_date`,u1_0.`email`,u1_0.`last_login`,u1_0.`name`,u1_0.`nif`,u1_0.`password`,u1_0.`postal_code`,u1_0.`username`,r1_0.`user_id`,r1_1.`id`,r1_1.`name` from `user` u1_0 left join `user_role` r1_0 on u1_0.`id`=r1_0.`user_id` left join `rol` r1_1 on r1_1.`id`=r1_0.`role_id` where u1_0.`id`=?
2024-05-12 12:13:42.934 [http-nio-8080-exec-10] DEBUG org.hibernate.SQL.logStatement - select p1_0.`id`,p1_0.`estado`,p1_0.`fecha_fin`,p1_0.`fecha_inicio`,p1_0.`total_pedido`,u1_0.`id`,u1_0.`city`,u1_0.`creation_date`,u1_0.`email`,u1_0.`last_login`,u1_0.`name`,u1_0.`nif`,u1_0.`password`,u1_0.`postal_code`,u1_0.`username`,r1_0.`user_id`,r1_1.`id`,r1_1.`name` from `pedido` p1_0 left join `user` u1_0 on u1_0.`id`=p1_0.`user_id` left join `user_role` r1_0 on u1_0.`id`=r1_0.`user_id` left join `rol` r1_1 on r1_1.`id`=r1_0.`role_id` where p1_0.`id`=?
2024-05-12 12:13:42.941 [http-nio-8080-exec-10] DEBUG org.hibernate.SQL.logStatement - update `pedido` set `estado`=?,`fecha_fin`=?,`fecha_inicio`=?,`total_pedido`=?,`user_id`=? where `id`=?
2024-05-12 12:13:42.971 [http-nio-8080-exec-7] DEBUG org.hibernate.SQL.logStatement - select p1_0.`id`,p1_0.`estado`,p1_0.`fecha_fin`,p1_0.`fecha_inicio`,p1_0.`total_pedido`,p1_0.`user_id` from `pedido` p1_0
2024-05-12 12:13:42.973 [http-nio-8080-exec-7] DEBUG org.hibernate.SQL.logStatement - select u1_0.`id`,u1_0.`city`,u1_0.`creation_date`,u1_0.`email`,u1_0.`last_login`,u1_0.`name`,u1_0.`nif`,u1_0.`password`,u1_0.`postal_code`,u1_0.`username`,r1_0.`user_id`,r1_1.`id`,r1_1.`name` from `user` u1_0 left join `user_role` r1_0 on u1_0.`id`=r1_0.`user_id` left join `rol` r1_1 on r1_1.`id`=r1_0.`role_id` where u1_0.`id`=?
2024-05-12 12:13:42.975 [http-nio-8080-exec-7] DEBUG org.hibernate.SQL.logStatement - select u1_0.`id`,u1_0.`city`,u1_0.`creation_date`,u1_0.`email`,u1_0.`last_login`,u1_0.`name`,u1_0.`nif`,u1_0.`password`,u1_0.`postal_code`,u1_0.`username`,r1_0.`user_id`,r1_1.`id`,r1_1.`name` from `user` u1_0 left join `user_role` r1_0 on u1_0.`id`=r1_0.`user_id` left join `rol` r1_1 on r1_1.`id`=r1_0.`role_id` where u1_0.`id`=?
2024-05-12 12:14:01.672 [http-nio-8080-exec-8] DEBUG org.hibernate.SQL.logStatement - select p1_0.`id`,p1_0.`estado`,p1_0.`fecha_fin`,p1_0.`fecha_inicio`,p1_0.`total_pedido`,u1_0.`id`,u1_0.`city`,u1_0.`creation_date`,u1_0.`email`,u1_0.`last_login`,u1_0.`name`,u1_0.`nif`,u1_0.`password`,u1_0.`postal_code`,u1_0.`username`,r1_0.`user_id`,r1_1.`id`,r1_1.`name` from `pedido` p1_0 left join `user` u1_0 on u1_0.`id`=p1_0.`user_id` left join `user_role` r1_0 on u1_0.`id`=r1_0.`user_id` left join `rol` r1_1 on r1_1.`id`=r1_0.`role_id` where p1_0.`id`=?
2024-05-12 12:14:01.675 [http-nio-8080-exec-8] DEBUG org.hibernate.SQL.logStatement - update `pedido` set `estado`=?,`fecha_fin`=?,`fecha_inicio`=?,`total_pedido`=?,`user_id`=? where `id`=?
2024-05-12 12:14:01.715 [http-nio-8080-exec-9] DEBUG org.hibernate.SQL.logStatement - select p1_0.`id`,p1_0.`estado`,p1_0.`fecha_fin`,p1_0.`fecha_inicio`,p1_0.`total_pedido`,p1_0.`user_id` from `pedido` p1_0
2024-05-12 12:14:01.718 [http-nio-8080-exec-9] DEBUG org.hibernate.SQL.logStatement - select u1_0.`id`,u1_0.`city`,u1_0.`creation_date`,u1_0.`email`,u1_0.`last_login`,u1_0.`name`,u1_0.`nif`,u1_0.`password`,u1_0.`postal_code`,u1_0.`username`,r1_0.`user_id`,r1_1.`id`,r1_1.`name` from `user` u1_0 left join `user_role` r1_0 on u1_0.`id`=r1_0.`user_id` left join `rol` r1_1 on r1_1.`id`=r1_0.`role_id` where u1_0.`id`=?
2024-05-12 12:14:01.721 [http-nio-8080-exec-9] DEBUG org.hibernate.SQL.logStatement - select u1_0.`id`,u1_0.`city`,u1_0.`creation_date`,u1_0.`email`,u1_0.`last_login`,u1_0.`name`,u1_0.`nif`,u1_0.`password`,u1_0.`postal_code`,u1_0.`username`,r1_0.`user_id`,r1_1.`id`,r1_1.`name` from `user` u1_0 left join `user_role` r1_0 on u1_0.`id`=r1_0.`user_id` left join `rol` r1_1 on r1_1.`id`=r1_0.`role_id` where u1_0.`id`=?
2024-05-12 12:19:51.602 [http-nio-8080-exec-3] DEBUG org.hibernate.SQL.logStatement - select p1_0.`id`,p1_0.`estado`,p1_0.`fecha_fin`,p1_0.`fecha_inicio`,p1_0.`total_pedido`,p1_0.`user_id` from `pedido` p1_0
2024-05-12 12:19:51.603 [http-nio-8080-exec-3] DEBUG org.hibernate.SQL.logStatement - select u1_0.`id`,u1_0.`city`,u1_0.`creation_date`,u1_0.`email`,u1_0.`last_login`,u1_0.`name`,u1_0.`nif`,u1_0.`password`,u1_0.`postal_code`,u1_0.`username`,r1_0.`user_id`,r1_1.`id`,r1_1.`name` from `user` u1_0 left join `user_role` r1_0 on u1_0.`id`=r1_0.`user_id` left join `rol` r1_1 on r1_1.`id`=r1_0.`role_id` where u1_0.`id`=?
2024-05-12 12:19:51.609 [http-nio-8080-exec-3] DEBUG org.hibernate.SQL.logStatement - select u1_0.`id`,u1_0.`city`,u1_0.`creation_date`,u1_0.`email`,u1_0.`last_login`,u1_0.`name`,u1_0.`nif`,u1_0.`password`,u1_0.`postal_code`,u1_0.`username`,r1_0.`user_id`,r1_1.`id`,r1_1.`name` from `user` u1_0 left join `user_role` r1_0 on u1_0.`id`=r1_0.`user_id` left join `rol` r1_1 on r1_1.`id`=r1_0.`role_id` where u1_0.`id`=?
2024-05-12 13:33:28.880 [http-nio-8080-exec-4] DEBUG org.hibernate.SQL.logStatement - select u1_0.`id`,u1_0.`city`,u1_0.`creation_date`,u1_0.`email`,u1_0.`last_login`,u1_0.`name`,u1_0.`nif`,u1_0.`password`,u1_0.`postal_code`,u1_0.`username` from `user` u1_0 where u1_0.`username`=?
2024-05-12 13:33:28.886 [http-nio-8080-exec-4] DEBUG org.hibernate.SQL.logStatement - select r1_0.`user_id`,r1_1.`id`,r1_1.`name` from `user_role` r1_0 join `rol` r1_1 on r1_1.`id`=r1_0.`role_id` where r1_0.`user_id`=?
2024-05-12 13:33:28.962 [http-nio-8080-exec-4] DEBUG org.hibernate.SQL.logStatement - select u1_0.`id`,u1_0.`city`,u1_0.`creation_date`,u1_0.`email`,u1_0.`last_login`,u1_0.`name`,u1_0.`nif`,u1_0.`password`,u1_0.`postal_code`,u1_0.`username` from `user` u1_0 where u1_0.`email`=?
2024-05-12 13:33:29.085 [http-nio-8080-exec-5] DEBUG org.hibernate.SQL.logStatement - select u1_0.`id` from `user` u1_0 where u1_0.`email`=?
2024-05-12 13:33:29.264 [http-nio-8080-exec-6] DEBUG org.hibernate.SQL.logStatement - SELECT ur.role_id FROM user u          INNER JOIN user_role ur ON u.id = ur.user_id WHERE u.id = ?
2024-05-12 13:33:31.006 [http-nio-8080-exec-10] DEBUG org.hibernate.SQL.logStatement - select p1_0.`id`,p1_0.`descripcion`,p1_0.`image`,p1_0.`ingredientes`,p1_0.`nombre`,p1_0.`nombre_categoria`,p1_0.`precio` from `producto` p1_0
2024-05-12 13:33:53.765 [http-nio-8080-exec-7] DEBUG org.hibernate.SQL.logStatement - select p1_0.`id`,p1_0.`descripcion`,p1_0.`image`,p1_0.`ingredientes`,p1_0.`nombre`,p1_0.`nombre_categoria`,p1_0.`precio` from `producto` p1_0
2024-05-12 13:34:07.037 [http-nio-8080-exec-8] DEBUG org.hibernate.SQL.logStatement - select p1_0.`id`,p1_0.`descripcion`,p1_0.`image`,p1_0.`ingredientes`,p1_0.`nombre`,p1_0.`nombre_categoria`,p1_0.`precio` from `producto` p1_0
2024-05-12 14:35:38.471 [HikariPool-2 housekeeper] WARN  com.zaxxer.hikari.pool.HikariPool.run - HikariPool-2 - Thread starvation or clock leap detected (housekeeper delta=6m45s669ms350µs600ns).
2024-05-12 19:25:52.448 [HikariPool-2 housekeeper] WARN  com.zaxxer.hikari.pool.HikariPool.run - HikariPool-2 - Thread starvation or clock leap detected (housekeeper delta=4h49m43s961ms431µs600ns).
2024-05-12 20:41:57.838 [HikariPool-2 housekeeper] WARN  com.zaxxer.hikari.pool.HikariPool.run - HikariPool-2 - Thread starvation or clock leap detected (housekeeper delta=26m34s612ms966µs500ns).
2024-05-12 21:15:41.847 [HikariPool-2 housekeeper] WARN  com.zaxxer.hikari.pool.HikariPool.run - HikariPool-2 - Thread starvation or clock leap detected (housekeeper delta=1m12s543ms784µs700ns).
2024-05-12 21:53:23.469 [http-nio-8080-exec-1] DEBUG org.hibernate.SQL.logStatement - select u1_0.`id`,u1_0.`city`,u1_0.`creation_date`,u1_0.`email`,u1_0.`last_login`,u1_0.`name`,u1_0.`nif`,u1_0.`password`,u1_0.`postal_code`,u1_0.`username` from `user` u1_0 where u1_0.`username`=?
2024-05-12 21:53:23.473 [http-nio-8080-exec-1] DEBUG org.hibernate.SQL.logStatement - select r1_0.`user_id`,r1_1.`id`,r1_1.`name` from `user_role` r1_0 join `rol` r1_1 on r1_1.`id`=r1_0.`role_id` where r1_0.`user_id`=?
2024-05-12 21:53:23.552 [http-nio-8080-exec-1] DEBUG org.hibernate.SQL.logStatement - select u1_0.`id`,u1_0.`city`,u1_0.`creation_date`,u1_0.`email`,u1_0.`last_login`,u1_0.`name`,u1_0.`nif`,u1_0.`password`,u1_0.`postal_code`,u1_0.`username` from `user` u1_0 where u1_0.`email`=?
2024-05-12 21:53:23.706 [http-nio-8080-exec-3] DEBUG org.hibernate.SQL.logStatement - select u1_0.`id` from `user` u1_0 where u1_0.`email`=?
2024-05-12 21:53:24.097 [http-nio-8080-exec-2] DEBUG org.hibernate.SQL.logStatement - SELECT ur.role_id FROM user u          INNER JOIN user_role ur ON u.id = ur.user_id WHERE u.id = ?
2024-05-12 21:53:32.157 [http-nio-8080-exec-4] DEBUG org.hibernate.SQL.logStatement - select p1_0.`id`,p1_0.`estado`,p1_0.`fecha_fin`,p1_0.`fecha_inicio`,p1_0.`total_pedido`,p1_0.`user_id` from `pedido` p1_0
2024-05-12 21:53:32.160 [http-nio-8080-exec-4] DEBUG org.hibernate.SQL.logStatement - select u1_0.`id`,u1_0.`city`,u1_0.`creation_date`,u1_0.`email`,u1_0.`last_login`,u1_0.`name`,u1_0.`nif`,u1_0.`password`,u1_0.`postal_code`,u1_0.`username`,r1_0.`user_id`,r1_1.`id`,r1_1.`name` from `user` u1_0 left join `user_role` r1_0 on u1_0.`id`=r1_0.`user_id` left join `rol` r1_1 on r1_1.`id`=r1_0.`role_id` where u1_0.`id`=?
2024-05-12 21:53:32.182 [http-nio-8080-exec-4] DEBUG org.hibernate.SQL.logStatement - select u1_0.`id`,u1_0.`city`,u1_0.`creation_date`,u1_0.`email`,u1_0.`last_login`,u1_0.`name`,u1_0.`nif`,u1_0.`password`,u1_0.`postal_code`,u1_0.`username`,r1_0.`user_id`,r1_1.`id`,r1_1.`name` from `user` u1_0 left join `user_role` r1_0 on u1_0.`id`=r1_0.`user_id` left join `rol` r1_1 on r1_1.`id`=r1_0.`role_id` where u1_0.`id`=?
2024-05-12 21:53:59.124 [http-nio-8080-exec-5] DEBUG org.hibernate.SQL.logStatement - select u1_0.`id`,u1_0.`city`,u1_0.`creation_date`,u1_0.`email`,u1_0.`last_login`,u1_0.`name`,u1_0.`nif`,u1_0.`password`,u1_0.`postal_code`,u1_0.`username` from `user` u1_0 where u1_0.`username`=?
2024-05-12 21:53:59.126 [http-nio-8080-exec-5] DEBUG org.hibernate.SQL.logStatement - select r1_0.`user_id`,r1_1.`id`,r1_1.`name` from `user_role` r1_0 join `rol` r1_1 on r1_1.`id`=r1_0.`role_id` where r1_0.`user_id`=?
2024-05-12 21:53:59.202 [http-nio-8080-exec-5] DEBUG org.hibernate.SQL.logStatement - select u1_0.`id`,u1_0.`city`,u1_0.`creation_date`,u1_0.`email`,u1_0.`last_login`,u1_0.`name`,u1_0.`nif`,u1_0.`password`,u1_0.`postal_code`,u1_0.`username` from `user` u1_0 where u1_0.`email`=?
2024-05-12 21:53:59.529 [http-nio-8080-exec-6] DEBUG org.hibernate.SQL.logStatement - select u1_0.`id` from `user` u1_0 where u1_0.`email`=?
2024-05-12 21:53:59.556 [http-nio-8080-exec-10] DEBUG org.hibernate.SQL.logStatement - SELECT ur.role_id FROM user u          INNER JOIN user_role ur ON u.id = ur.user_id WHERE u.id = ?
2024-05-12 21:54:08.437 [http-nio-8080-exec-7] DEBUG org.hibernate.SQL.logStatement - select p1_0.`id`,p1_0.`descripcion`,p1_0.`image`,p1_0.`ingredientes`,p1_0.`nombre`,p1_0.`nombre_categoria`,p1_0.`precio` from `producto` p1_0
2024-05-12 21:54:17.126 [http-nio-8080-exec-8] DEBUG org.hibernate.SQL.logStatement - select p1_0.`id`,p1_0.`descripcion`,p1_0.`image`,p1_0.`ingredientes`,p1_0.`nombre`,p1_0.`nombre_categoria`,p1_0.`precio` from `producto` p1_0
